<?xml version="1.0" encoding="UTF-8"?>
<robot generator="Robot 5.0.1 (Python 3.9.13 on darwin)" generated="20220720 22:58:22.647" rpa="false" schemaversion="3">
<suite id="s1" name="Test" source="/Users/douglascosta/Desktop/Automation_Task/Automation/test.robot">
<test id="s1-t1" name="Automation_Task_1" line="13">
<kw name="Initial steps task1">
<kw name="Open Browser" library="SeleniumLibrary">
<arg>https://www.discourse.org/</arg>
<arg>chrome</arg>
<doc>Opens a new browser instance to the optional ``url``.</doc>
<msg timestamp="20220720 22:58:22.891" level="INFO">Opening browser 'chrome' to base url 'https://www.discourse.org/'.</msg>
<status status="PASS" starttime="20220720 22:58:22.891" endtime="20220720 22:58:27.235"/>
</kw>
<kw name="Maximize Browser Window" library="SeleniumLibrary">
<doc>Maximizes current browser window.</doc>
<status status="PASS" starttime="20220720 22:58:27.236" endtime="20220720 22:58:27.446"/>
</kw>
<status status="PASS" starttime="20220720 22:58:22.890" endtime="20220720 22:58:27.446"/>
</kw>
<kw name="Go to Demo Page">
<kw name="Click Link" library="SeleniumLibrary">
<arg>xpath=/html/body/nav/div/ul/li[4]/a</arg>
<doc>Clicks a link identified by ``locator``.</doc>
<msg timestamp="20220720 22:58:27.448" level="INFO">Clicking link 'xpath=/html/body/nav/div/ul/li[4]/a'.</msg>
<status status="PASS" starttime="20220720 22:58:27.448" endtime="20220720 22:58:27.565"/>
</kw>
<kw name="Switch Window" library="SeleniumLibrary">
<arg>title:Demo</arg>
<doc>Switches to browser window matching ``locator``.</doc>
<status status="PASS" starttime="20220720 22:58:27.566" endtime="20220720 22:58:29.727"/>
</kw>
<status status="PASS" starttime="20220720 22:58:27.447" endtime="20220720 22:58:29.728"/>
</kw>
<kw name="Scroll down">
<kw name="Execute Javascript" library="SeleniumLibrary">
<arg>window.scrollTo(0, document.body.scrollHeight)</arg>
<doc>Executes the given JavaScript code with possible arguments.</doc>
<msg timestamp="20220720 22:58:29.729" level="INFO">Executing JavaScript:
window.scrollTo(0, document.body.scrollHeight)
Without any arguments.</msg>
<status status="PASS" starttime="20220720 22:58:29.728" endtime="20220720 22:58:29.757"/>
</kw>
<status status="PASS" starttime="20220720 22:58:29.728" endtime="20220720 22:58:29.758"/>
</kw>
<kw name="Sleep" library="BuiltIn">
<arg>2</arg>
<doc>Pauses the test executed for the given time.</doc>
<msg timestamp="20220720 22:58:31.759" level="INFO">Slept 2 seconds</msg>
<status status="PASS" starttime="20220720 22:58:29.759" endtime="20220720 22:58:31.759"/>
</kw>
<kw name="Scroll down">
<kw name="Execute Javascript" library="SeleniumLibrary">
<arg>window.scrollTo(0, document.body.scrollHeight)</arg>
<doc>Executes the given JavaScript code with possible arguments.</doc>
<msg timestamp="20220720 22:58:31.762" level="INFO">Executing JavaScript:
window.scrollTo(0, document.body.scrollHeight)
Without any arguments.</msg>
<status status="PASS" starttime="20220720 22:58:31.761" endtime="20220720 22:58:31.768"/>
</kw>
<status status="PASS" starttime="20220720 22:58:31.760" endtime="20220720 22:58:31.769"/>
</kw>
<kw name="Sleep" library="BuiltIn">
<arg>2</arg>
<doc>Pauses the test executed for the given time.</doc>
<msg timestamp="20220720 22:58:33.770" level="INFO">Slept 2 seconds</msg>
<status status="PASS" starttime="20220720 22:58:31.769" endtime="20220720 22:58:33.771"/>
</kw>
<kw name="Get Closed Titles and Post with Highest Number of views">
<kw name="Get WebElements" library="SeleniumLibrary">
<var>@{get_parent_elements}</var>
<arg>xpath://*[contains(@id,'ember')]</arg>
<doc>Returns a list of WebElement objects matching the ``locator``.</doc>
<msg timestamp="20220720 22:58:33.801" level="INFO">@{get_parent_elements} = [ &lt;selenium.webdriver.remote.webelement.WebElement (session="fd0c905dc5606e0a79ec28d6729f4dda", element="1fccbf6e-0d9c-419e-9694-60383becb1e0")&gt; | &lt;selenium.webdriver.remote.webelement.WebElement (ses...</msg>
<status status="PASS" starttime="20220720 22:58:33.773" endtime="20220720 22:58:33.801"/>
</kw>
<kw name="Log To Console" library="BuiltIn">
<arg>${\n}</arg>
<doc>Logs the given message to the console.</doc>
<status status="PASS" starttime="20220720 22:58:33.802" endtime="20220720 22:58:33.803"/>
</kw>
<for flavor="IN">
<var>${a}</var>
<value>@{get_parent_elements}</value>
<iter>
<var name="${a}">&lt;selenium.webdriver.remote.webelement.WebElement (session="fd0c905dc5606e0a79ec28d6729f4dda", element="1fccbf6e-0d9c-419e-9694-60383becb1e0")&gt;</var>
<kw name="Get Element Attribute" library="SeleniumLibrary">
<var>${id_parent}</var>
<arg>${a}</arg>
<arg>id</arg>
<doc>Returns the value of ``attribute`` from the element ``locator``.</doc>
<msg timestamp="20220720 22:58:33.831" level="INFO">${id_parent} = ember4</msg>
<status status="PASS" starttime="20220720 22:58:33.804" endtime="20220720 22:58:33.831"/>
</kw>
<kw name="Run Keyword And Ignore Error" library="BuiltIn">
<var>${class_views_checker}</var>
<arg>Get Element Attribute</arg>
<arg>//*[@id="${id_parent}"]/td[4]</arg>
<arg>class</arg>
<doc>Runs the given keyword with the given arguments and ignores possible error.</doc>
<kw name="Get Element Attribute" library="SeleniumLibrary">
<arg>//*[@id="${id_parent}"]/td[4]</arg>
<arg>class</arg>
<doc>Returns the value of ``attribute`` from the element ``locator``.</doc>
<msg timestamp="20220720 22:58:33.856" level="FAIL">Element with locator '//*[@id="ember4"]/td[4]' not found.</msg>
<status status="FAIL" starttime="20220720 22:58:33.832" endtime="20220720 22:58:33.866"/>
</kw>
<msg timestamp="20220720 22:58:33.866" level="INFO">${class_views_checker} = ('FAIL', 'Element with locator \'//*[@id="ember4"]/td[4]\' not found.')</msg>
<status status="PASS" starttime="20220720 22:58:33.832" endtime="20220720 22:58:33.866"/>
</kw>
<kw name="Evaluate" library="BuiltIn">
<var>${contains}</var>
<arg>"heatmap-med" in """${class_views_checker}"""</arg>
<doc>Evaluates the given expression in Python and returns the result.</doc>
<msg timestamp="20220720 22:58:33.867" level="INFO">${contains} = False</msg>
<status status="PASS" starttime="20220720 22:58:33.866" endtime="20220720 22:58:33.868"/>
</kw>
<kw name="Run Keyword And Return Status" library="BuiltIn">
<var>${presence_checker}</var>
<arg>Element Should Be Visible</arg>
<arg>xpath://*[@id="${id_parent}"]/td[1]/span/div/span</arg>
<doc>Runs the given keyword with given arguments and returns the status as a Boolean value.</doc>
<kw name="Element Should Be Visible" library="SeleniumLibrary">
<arg>xpath://*[@id="${id_parent}"]/td[1]/span/div/span</arg>
<doc>Verifies that the element identified by ``locator`` is visible.</doc>
<msg timestamp="20220720 22:58:33.895" level="FAIL">Element with locator 'xpath://*[@id="ember4"]/td[1]/span/div/span' not found.</msg>
<status status="FAIL" starttime="20220720 22:58:33.868" endtime="20220720 22:58:33.896"/>
</kw>
<msg timestamp="20220720 22:58:33.896" level="INFO">${presence_checker} = False</msg>
<status status="PASS" starttime="20220720 22:58:33.868" endtime="20220720 22:58:33.896"/>
</kw>
<kw name="Run Keyword If" library="BuiltIn">
<var>${closed_title}</var>
<arg>${presence_checker}</arg>
<arg>Get Text</arg>
<arg>xpath://*[@id="${id_parent}"]/td[1]/span/a</arg>
<doc>Runs the given keyword with the given arguments, if ``condition`` is true.</doc>
<msg timestamp="20220720 22:58:33.897" level="INFO">${closed_title} = None</msg>
<status status="PASS" starttime="20220720 22:58:33.897" endtime="20220720 22:58:33.897"/>
</kw>
<kw name="Run Keyword If" library="BuiltIn">
<var>${title_highest_view}</var>
<arg>${contains}</arg>
<arg>Get Text</arg>
<arg>xpath://*[@id="${id_parent}"]/td[1]/span/a</arg>
<doc>Runs the given keyword with the given arguments, if ``condition`` is true.</doc>
<msg timestamp="20220720 22:58:33.899" level="INFO">${title_highest_view} = None</msg>
<status status="PASS" starttime="20220720 22:58:33.898" endtime="20220720 22:58:33.899"/>
</kw>
<kw name="Run Keyword If" library="BuiltIn">
<arg>${title_highest_view != None}</arg>
<arg>Log to Console</arg>
<arg>The topic with highest number of views is: ${title_highest_view}</arg>
<doc>Runs the given keyword with the given arguments, if ``condition`` is true.</doc>
<status status="PASS" starttime="20220720 22:58:33.899" endtime="20220720 22:58:33.901"/>
</kw>
<kw name="Run Keyword If" library="BuiltIn">
<arg>${closed_title != None}</arg>
<arg>Append To List</arg>
<arg>${list_closed_topics}</arg>
<arg>${closed_title}</arg>
<doc>Runs the given keyword with the given arguments, if ``condition`` is true.</doc>
<status status="PASS" starttime="20220720 22:58:33.901" endtime="20220720 22:58:33.904"/>
</kw>
<status status="PASS" starttime="20220720 22:58:33.804" endtime="20220720 22:58:33.904"/>
</iter>
<iter>
<var name="${a}">&lt;selenium.webdriver.remote.webelement.WebElement (session="fd0c905dc5606e0a79ec28d6729f4dda", element="9baaa4cd-2023-46f3-9d55-1a976ce18e05")&gt;</var>
<kw name="Get Element Attribute" library="SeleniumLibrary">
<var>${id_parent}</var>
<arg>${a}</arg>
<arg>id</arg>
<doc>Returns the value of ``attribute`` from the element ``locator``.</doc>
<msg timestamp="20220720 22:58:33.927" level="INFO">${id_parent} = ember7</msg>
<status status="PASS" starttime="20220720 22:58:33.905" endtime="20220720 22:58:33.927"/>
</kw>
<kw name="Run Keyword And Ignore Error" library="BuiltIn">
<var>${class_views_checker}</var>
<arg>Get Element Attribute</arg>
<arg>//*[@id="${id_parent}"]/td[4]</arg>
<arg>class</arg>
<doc>Runs the given keyword with the given arguments and ignores possible error.</doc>
<kw name="Get Element Attribute" library="SeleniumLibrary">
<arg>//*[@id="${id_parent}"]/td[4]</arg>
<arg>class</arg>
<doc>Returns the value of ``attribute`` from the element ``locator``.</doc>
<msg timestamp="20220720 22:58:33.944" level="FAIL">Element with locator '//*[@id="ember7"]/td[4]' not found.</msg>
<status status="FAIL" starttime="20220720 22:58:33.928" endtime="20220720 22:58:33.945"/>
</kw>
<msg timestamp="20220720 22:58:33.945" level="INFO">${class_views_checker} = ('FAIL', 'Element with locator \'//*[@id="ember7"]/td[4]\' not found.')</msg>
<status status="PASS" starttime="20220720 22:58:33.927" endtime="20220720 22:58:33.945"/>
</kw>
<kw name="Evaluate" library="BuiltIn">
<var>${contains}</var>
<arg>"heatmap-med" in """${class_views_checker}"""</arg>
<doc>Evaluates the given expression in Python and returns the result.</doc>
<msg timestamp="20220720 22:58:33.946" level="INFO">${contains} = False</msg>
<status status="PASS" starttime="20220720 22:58:33.945" endtime="20220720 22:58:33.946"/>
</kw>
<kw name="Run Keyword And Return Status" library="BuiltIn">
<var>${presence_checker}</var>
<arg>Element Should Be Visible</arg>
<arg>xpath://*[@id="${id_parent}"]/td[1]/span/div/span</arg>
<doc>Runs the given keyword with given arguments and returns the status as a Boolean value.</doc>
<kw name="Element Should Be Visible" library="SeleniumLibrary">
<arg>xpath://*[@id="${id_parent}"]/td[1]/span/div/span</arg>
<doc>Verifies that the element identified by ``locator`` is visible.</doc>
<msg timestamp="20220720 22:58:33.959" level="FAIL">Element with locator 'xpath://*[@id="ember7"]/td[1]/span/div/span' not found.</msg>
<status status="FAIL" starttime="20220720 22:58:33.946" endtime="20220720 22:58:33.959"/>
</kw>
<msg timestamp="20220720 22:58:33.960" level="INFO">${presence_checker} = False</msg>
<status status="PASS" starttime="20220720 22:58:33.946" endtime="20220720 22:58:33.960"/>
</kw>
<kw name="Run Keyword If" library="BuiltIn">
<var>${closed_title}</var>
<arg>${presence_checker}</arg>
<arg>Get Text</arg>
<arg>xpath://*[@id="${id_parent}"]/td[1]/span/a</arg>
<doc>Runs the given keyword with the given arguments, if ``condition`` is true.</doc>
<msg timestamp="20220720 22:58:33.960" level="INFO">${closed_title} = None</msg>
<status status="PASS" starttime="20220720 22:58:33.960" endtime="20220720 22:58:33.960"/>
</kw>
<kw name="Run Keyword If" library="BuiltIn">
<var>${title_highest_view}</var>
<arg>${contains}</arg>
<arg>Get Text</arg>
<arg>xpath://*[@id="${id_parent}"]/td[1]/span/a</arg>
<doc>Runs the given keyword with the given arguments, if ``condition`` is true.</doc>
<msg timestamp="20220720 22:58:33.961" level="INFO">${title_highest_view} = None</msg>
<status status="PASS" starttime="20220720 22:58:33.960" endtime="20220720 22:58:33.961"/>
</kw>
<kw name="Run Keyword If" library="BuiltIn">
<arg>${title_highest_view != None}</arg>
<arg>Log to Console</arg>
<arg>The topic with highest number of views is: ${title_highest_view}</arg>
<doc>Runs the given keyword with the given arguments, if ``condition`` is true.</doc>
<status status="PASS" starttime="20220720 22:58:33.961" endtime="20220720 22:58:33.961"/>
</kw>
<kw name="Run Keyword If" library="BuiltIn">
<arg>${closed_title != None}</arg>
<arg>Append To List</arg>
<arg>${list_closed_topics}</arg>
<arg>${closed_title}</arg>
<doc>Runs the given keyword with the given arguments, if ``condition`` is true.</doc>
<status status="PASS" starttime="20220720 22:58:33.961" endtime="20220720 22:58:33.962"/>
</kw>
<status status="PASS" starttime="20220720 22:58:33.905" endtime="20220720 22:58:33.962"/>
</iter>
<iter>
<var name="${a}">&lt;selenium.webdriver.remote.webelement.WebElement (session="fd0c905dc5606e0a79ec28d6729f4dda", element="706a01c1-a67f-4846-95c3-58fdee49d21c")&gt;</var>
<kw name="Get Element Attribute" library="SeleniumLibrary">
<var>${id_parent}</var>
<arg>${a}</arg>
<arg>id</arg>
<doc>Returns the value of ``attribute`` from the element ``locator``.</doc>
<msg timestamp="20220720 22:58:33.971" level="INFO">${id_parent} = ember11</msg>
<status status="PASS" starttime="20220720 22:58:33.962" endtime="20220720 22:58:33.971"/>
</kw>
<kw name="Run Keyword And Ignore Error" library="BuiltIn">
<var>${class_views_checker}</var>
<arg>Get Element Attribute</arg>
<arg>//*[@id="${id_parent}"]/td[4]</arg>
<arg>class</arg>
<doc>Runs the given keyword with the given arguments and ignores possible error.</doc>
<kw name="Get Element Attribute" library="SeleniumLibrary">
<arg>//*[@id="${id_parent}"]/td[4]</arg>
<arg>class</arg>
<doc>Returns the value of ``attribute`` from the element ``locator``.</doc>
<msg timestamp="20220720 22:58:33.984" level="FAIL">Element with locator '//*[@id="ember11"]/td[4]' not found.</msg>
<status status="FAIL" starttime="20220720 22:58:33.972" endtime="20220720 22:58:33.984"/>
</kw>
<msg timestamp="20220720 22:58:33.984" level="INFO">${class_views_checker} = ('FAIL', 'Element with locator \'//*[@id="ember11"]/td[4]\' not found.')</msg>
<status status="PASS" starttime="20220720 22:58:33.972" endtime="20220720 22:58:33.984"/>
</kw>
<kw name="Evaluate" library="BuiltIn">
<var>${contains}</var>
<arg>"heatmap-med" in """${class_views_checker}"""</arg>
<doc>Evaluates the given expression in Python and returns the result.</doc>
<msg timestamp="20220720 22:58:33.985" level="INFO">${contains} = False</msg>
<status status="PASS" starttime="20220720 22:58:33.984" endtime="20220720 22:58:33.985"/>
</kw>
<kw name="Run Keyword And Return Status" library="BuiltIn">
<var>${presence_checker}</var>
<arg>Element Should Be Visible</arg>
<arg>xpath://*[@id="${id_parent}"]/td[1]/span/div/span</arg>
<doc>Runs the given keyword with given arguments and returns the status as a Boolean value.</doc>
<kw name="Element Should Be Visible" library="SeleniumLibrary">
<arg>xpath://*[@id="${id_parent}"]/td[1]/span/div/span</arg>
<doc>Verifies that the element identified by ``locator`` is visible.</doc>
<msg timestamp="20220720 22:58:33.997" level="FAIL">Element with locator 'xpath://*[@id="ember11"]/td[1]/span/div/span' not found.</msg>
<status status="FAIL" starttime="20220720 22:58:33.985" endtime="20220720 22:58:33.997"/>
</kw>
<msg timestamp="20220720 22:58:33.998" level="INFO">${presence_checker} = False</msg>
<status status="PASS" starttime="20220720 22:58:33.985" endtime="20220720 22:58:33.998"/>
</kw>
<kw name="Run Keyword If" library="BuiltIn">
<var>${closed_title}</var>
<arg>${presence_checker}</arg>
<arg>Get Text</arg>
<arg>xpath://*[@id="${id_parent}"]/td[1]/span/a</arg>
<doc>Runs the given keyword with the given arguments, if ``condition`` is true.</doc>
<msg timestamp="20220720 22:58:33.998" level="INFO">${closed_title} = None</msg>
<status status="PASS" starttime="20220720 22:58:33.998" endtime="20220720 22:58:33.998"/>
</kw>
<kw name="Run Keyword If" library="BuiltIn">
<var>${title_highest_view}</var>
<arg>${contains}</arg>
<arg>Get Text</arg>
<arg>xpath://*[@id="${id_parent}"]/td[1]/span/a</arg>
<doc>Runs the given keyword with the given arguments, if ``condition`` is true.</doc>
<msg timestamp="20220720 22:58:33.999" level="INFO">${title_highest_view} = None</msg>
<status status="PASS" starttime="20220720 22:58:33.998" endtime="20220720 22:58:33.999"/>
</kw>
<kw name="Run Keyword If" library="BuiltIn">
<arg>${title_highest_view != None}</arg>
<arg>Log to Console</arg>
<arg>The topic with highest number of views is: ${title_highest_view}</arg>
<doc>Runs the given keyword with the given arguments, if ``condition`` is true.</doc>
<status status="PASS" starttime="20220720 22:58:33.999" endtime="20220720 22:58:33.999"/>
</kw>
<kw name="Run Keyword If" library="BuiltIn">
<arg>${closed_title != None}</arg>
<arg>Append To List</arg>
<arg>${list_closed_topics}</arg>
<arg>${closed_title}</arg>
<doc>Runs the given keyword with the given arguments, if ``condition`` is true.</doc>
<status status="PASS" starttime="20220720 22:58:34.000" endtime="20220720 22:58:34.000"/>
</kw>
<status status="PASS" starttime="20220720 22:58:33.962" endtime="20220720 22:58:34.000"/>
</iter>
<iter>
<var name="${a}">&lt;selenium.webdriver.remote.webelement.WebElement (session="fd0c905dc5606e0a79ec28d6729f4dda", element="ac5fe5be-0e2b-4b51-93c4-77319a2973b0")&gt;</var>
<kw name="Get Element Attribute" library="SeleniumLibrary">
<var>${id_parent}</var>
<arg>${a}</arg>
<arg>id</arg>
<doc>Returns the value of ``attribute`` from the element ``locator``.</doc>
<msg timestamp="20220720 22:58:34.010" level="INFO">${id_parent} = ember12</msg>
<status status="PASS" starttime="20220720 22:58:34.001" endtime="20220720 22:58:34.010"/>
</kw>
<kw name="Run Keyword And Ignore Error" library="BuiltIn">
<var>${class_views_checker}</var>
<arg>Get Element Attribute</arg>
<arg>//*[@id="${id_parent}"]/td[4]</arg>
<arg>class</arg>
<doc>Runs the given keyword with the given arguments and ignores possible error.</doc>
<kw name="Get Element Attribute" library="SeleniumLibrary">
<arg>//*[@id="${id_parent}"]/td[4]</arg>
<arg>class</arg>
<doc>Returns the value of ``attribute`` from the element ``locator``.</doc>
<msg timestamp="20220720 22:58:34.022" level="FAIL">Element with locator '//*[@id="ember12"]/td[4]' not found.</msg>
<status status="FAIL" starttime="20220720 22:58:34.010" endtime="20220720 22:58:34.023"/>
</kw>
<msg timestamp="20220720 22:58:34.023" level="INFO">${class_views_checker} = ('FAIL', 'Element with locator \'//*[@id="ember12"]/td[4]\' not found.')</msg>
<status status="PASS" starttime="20220720 22:58:34.010" endtime="20220720 22:58:34.023"/>
</kw>
<kw name="Evaluate" library="BuiltIn">
<var>${contains}</var>
<arg>"heatmap-med" in """${class_views_checker}"""</arg>
<doc>Evaluates the given expression in Python and returns the result.</doc>
<msg timestamp="20220720 22:58:34.024" level="INFO">${contains} = False</msg>
<status status="PASS" starttime="20220720 22:58:34.023" endtime="20220720 22:58:34.024"/>
</kw>
<kw name="Run Keyword And Return Status" library="BuiltIn">
<var>${presence_checker}</var>
<arg>Element Should Be Visible</arg>
<arg>xpath://*[@id="${id_parent}"]/td[1]/span/div/span</arg>
<doc>Runs the given keyword with given arguments and returns the status as a Boolean value.</doc>
<kw name="Element Should Be Visible" library="SeleniumLibrary">
<arg>xpath://*[@id="${id_parent}"]/td[1]/span/div/span</arg>
<doc>Verifies that the element identified by ``locator`` is visible.</doc>
<msg timestamp="20220720 22:58:34.036" level="FAIL">Element with locator 'xpath://*[@id="ember12"]/td[1]/span/div/span' not found.</msg>
<status status="FAIL" starttime="20220720 22:58:34.024" endtime="20220720 22:58:34.036"/>
</kw>
<msg timestamp="20220720 22:58:34.036" level="INFO">${presence_checker} = False</msg>
<status status="PASS" starttime="20220720 22:58:34.024" endtime="20220720 22:58:34.037"/>
</kw>
<kw name="Run Keyword If" library="BuiltIn">
<var>${closed_title}</var>
<arg>${presence_checker}</arg>
<arg>Get Text</arg>
<arg>xpath://*[@id="${id_parent}"]/td[1]/span/a</arg>
<doc>Runs the given keyword with the given arguments, if ``condition`` is true.</doc>
<msg timestamp="20220720 22:58:34.037" level="INFO">${closed_title} = None</msg>
<status status="PASS" starttime="20220720 22:58:34.037" endtime="20220720 22:58:34.037"/>
</kw>
<kw name="Run Keyword If" library="BuiltIn">
<var>${title_highest_view}</var>
<arg>${contains}</arg>
<arg>Get Text</arg>
<arg>xpath://*[@id="${id_parent}"]/td[1]/span/a</arg>
<doc>Runs the given keyword with the given arguments, if ``condition`` is true.</doc>
<msg timestamp="20220720 22:58:34.037" level="INFO">${title_highest_view} = None</msg>
<status status="PASS" starttime="20220720 22:58:34.037" endtime="20220720 22:58:34.037"/>
</kw>
<kw name="Run Keyword If" library="BuiltIn">
<arg>${title_highest_view != None}</arg>
<arg>Log to Console</arg>
<arg>The topic with highest number of views is: ${title_highest_view}</arg>
<doc>Runs the given keyword with the given arguments, if ``condition`` is true.</doc>
<status status="PASS" starttime="20220720 22:58:34.038" endtime="20220720 22:58:34.038"/>
</kw>
<kw name="Run Keyword If" library="BuiltIn">
<arg>${closed_title != None}</arg>
<arg>Append To List</arg>
<arg>${list_closed_topics}</arg>
<arg>${closed_title}</arg>
<doc>Runs the given keyword with the given arguments, if ``condition`` is true.</doc>
<status status="PASS" starttime="20220720 22:58:34.039" endtime="20220720 22:58:34.039"/>
</kw>
<status status="PASS" starttime="20220720 22:58:34.000" endtime="20220720 22:58:34.039"/>
</iter>
<iter>
<var name="${a}">&lt;selenium.webdriver.remote.webelement.WebElement (session="fd0c905dc5606e0a79ec28d6729f4dda", element="0cf1134d-ba2c-4a8f-b43c-deca455f1214")&gt;</var>
<kw name="Get Element Attribute" library="SeleniumLibrary">
<var>${id_parent}</var>
<arg>${a}</arg>
<arg>id</arg>
<doc>Returns the value of ``attribute`` from the element ``locator``.</doc>
<msg timestamp="20220720 22:58:34.049" level="INFO">${id_parent} = ember13</msg>
<status status="PASS" starttime="20220720 22:58:34.040" endtime="20220720 22:58:34.049"/>
</kw>
<kw name="Run Keyword And Ignore Error" library="BuiltIn">
<var>${class_views_checker}</var>
<arg>Get Element Attribute</arg>
<arg>//*[@id="${id_parent}"]/td[4]</arg>
<arg>class</arg>
<doc>Runs the given keyword with the given arguments and ignores possible error.</doc>
<kw name="Get Element Attribute" library="SeleniumLibrary">
<arg>//*[@id="${id_parent}"]/td[4]</arg>
<arg>class</arg>
<doc>Returns the value of ``attribute`` from the element ``locator``.</doc>
<msg timestamp="20220720 22:58:34.063" level="FAIL">Element with locator '//*[@id="ember13"]/td[4]' not found.</msg>
<status status="FAIL" starttime="20220720 22:58:34.049" endtime="20220720 22:58:34.063"/>
</kw>
<msg timestamp="20220720 22:58:34.063" level="INFO">${class_views_checker} = ('FAIL', 'Element with locator \'//*[@id="ember13"]/td[4]\' not found.')</msg>
<status status="PASS" starttime="20220720 22:58:34.049" endtime="20220720 22:58:34.063"/>
</kw>
<kw name="Evaluate" library="BuiltIn">
<var>${contains}</var>
<arg>"heatmap-med" in """${class_views_checker}"""</arg>
<doc>Evaluates the given expression in Python and returns the result.</doc>
<msg timestamp="20220720 22:58:34.064" level="INFO">${contains} = False</msg>
<status status="PASS" starttime="20220720 22:58:34.063" endtime="20220720 22:58:34.064"/>
</kw>
<kw name="Run Keyword And Return Status" library="BuiltIn">
<var>${presence_checker}</var>
<arg>Element Should Be Visible</arg>
<arg>xpath://*[@id="${id_parent}"]/td[1]/span/div/span</arg>
<doc>Runs the given keyword with given arguments and returns the status as a Boolean value.</doc>
<kw name="Element Should Be Visible" library="SeleniumLibrary">
<arg>xpath://*[@id="${id_parent}"]/td[1]/span/div/span</arg>
<doc>Verifies that the element identified by ``locator`` is visible.</doc>
<msg timestamp="20220720 22:58:34.078" level="FAIL">Element with locator 'xpath://*[@id="ember13"]/td[1]/span/div/span' not found.</msg>
<status status="FAIL" starttime="20220720 22:58:34.064" endtime="20220720 22:58:34.079"/>
</kw>
<msg timestamp="20220720 22:58:34.079" level="INFO">${presence_checker} = False</msg>
<status status="PASS" starttime="20220720 22:58:34.064" endtime="20220720 22:58:34.079"/>
</kw>
<kw name="Run Keyword If" library="BuiltIn">
<var>${closed_title}</var>
<arg>${presence_checker}</arg>
<arg>Get Text</arg>
<arg>xpath://*[@id="${id_parent}"]/td[1]/span/a</arg>
<doc>Runs the given keyword with the given arguments, if ``condition`` is true.</doc>
<msg timestamp="20220720 22:58:34.080" level="INFO">${closed_title} = None</msg>
<status status="PASS" starttime="20220720 22:58:34.079" endtime="20220720 22:58:34.080"/>
</kw>
<kw name="Run Keyword If" library="BuiltIn">
<var>${title_highest_view}</var>
<arg>${contains}</arg>
<arg>Get Text</arg>
<arg>xpath://*[@id="${id_parent}"]/td[1]/span/a</arg>
<doc>Runs the given keyword with the given arguments, if ``condition`` is true.</doc>
<msg timestamp="20220720 22:58:34.080" level="INFO">${title_highest_view} = None</msg>
<status status="PASS" starttime="20220720 22:58:34.080" endtime="20220720 22:58:34.080"/>
</kw>
<kw name="Run Keyword If" library="BuiltIn">
<arg>${title_highest_view != None}</arg>
<arg>Log to Console</arg>
<arg>The topic with highest number of views is: ${title_highest_view}</arg>
<doc>Runs the given keyword with the given arguments, if ``condition`` is true.</doc>
<status status="PASS" starttime="20220720 22:58:34.081" endtime="20220720 22:58:34.082"/>
</kw>
<kw name="Run Keyword If" library="BuiltIn">
<arg>${closed_title != None}</arg>
<arg>Append To List</arg>
<arg>${list_closed_topics}</arg>
<arg>${closed_title}</arg>
<doc>Runs the given keyword with the given arguments, if ``condition`` is true.</doc>
<status status="PASS" starttime="20220720 22:58:34.082" endtime="20220720 22:58:34.083"/>
</kw>
<status status="PASS" starttime="20220720 22:58:34.039" endtime="20220720 22:58:34.083"/>
</iter>
<iter>
<var name="${a}">&lt;selenium.webdriver.remote.webelement.WebElement (session="fd0c905dc5606e0a79ec28d6729f4dda", element="dd06a019-bfa6-4019-a039-a3a833fd9198")&gt;</var>
<kw name="Get Element Attribute" library="SeleniumLibrary">
<var>${id_parent}</var>
<arg>${a}</arg>
<arg>id</arg>
<doc>Returns the value of ``attribute`` from the element ``locator``.</doc>
<msg timestamp="20220720 22:58:34.094" level="INFO">${id_parent} = ember15</msg>
<status status="PASS" starttime="20220720 22:58:34.083" endtime="20220720 22:58:34.094"/>
</kw>
<kw name="Run Keyword And Ignore Error" library="BuiltIn">
<var>${class_views_checker}</var>
<arg>Get Element Attribute</arg>
<arg>//*[@id="${id_parent}"]/td[4]</arg>
<arg>class</arg>
<doc>Runs the given keyword with the given arguments and ignores possible error.</doc>
<kw name="Get Element Attribute" library="SeleniumLibrary">
<arg>//*[@id="${id_parent}"]/td[4]</arg>
<arg>class</arg>
<doc>Returns the value of ``attribute`` from the element ``locator``.</doc>
<msg timestamp="20220720 22:58:34.108" level="FAIL">Element with locator '//*[@id="ember15"]/td[4]' not found.</msg>
<status status="FAIL" starttime="20220720 22:58:34.095" endtime="20220720 22:58:34.109"/>
</kw>
<msg timestamp="20220720 22:58:34.109" level="INFO">${class_views_checker} = ('FAIL', 'Element with locator \'//*[@id="ember15"]/td[4]\' not found.')</msg>
<status status="PASS" starttime="20220720 22:58:34.095" endtime="20220720 22:58:34.109"/>
</kw>
<kw name="Evaluate" library="BuiltIn">
<var>${contains}</var>
<arg>"heatmap-med" in """${class_views_checker}"""</arg>
<doc>Evaluates the given expression in Python and returns the result.</doc>
<msg timestamp="20220720 22:58:34.109" level="INFO">${contains} = False</msg>
<status status="PASS" starttime="20220720 22:58:34.109" endtime="20220720 22:58:34.109"/>
</kw>
<kw name="Run Keyword And Return Status" library="BuiltIn">
<var>${presence_checker}</var>
<arg>Element Should Be Visible</arg>
<arg>xpath://*[@id="${id_parent}"]/td[1]/span/div/span</arg>
<doc>Runs the given keyword with given arguments and returns the status as a Boolean value.</doc>
<kw name="Element Should Be Visible" library="SeleniumLibrary">
<arg>xpath://*[@id="${id_parent}"]/td[1]/span/div/span</arg>
<doc>Verifies that the element identified by ``locator`` is visible.</doc>
<msg timestamp="20220720 22:58:34.122" level="FAIL">Element with locator 'xpath://*[@id="ember15"]/td[1]/span/div/span' not found.</msg>
<status status="FAIL" starttime="20220720 22:58:34.110" endtime="20220720 22:58:34.123"/>
</kw>
<msg timestamp="20220720 22:58:34.123" level="INFO">${presence_checker} = False</msg>
<status status="PASS" starttime="20220720 22:58:34.109" endtime="20220720 22:58:34.123"/>
</kw>
<kw name="Run Keyword If" library="BuiltIn">
<var>${closed_title}</var>
<arg>${presence_checker}</arg>
<arg>Get Text</arg>
<arg>xpath://*[@id="${id_parent}"]/td[1]/span/a</arg>
<doc>Runs the given keyword with the given arguments, if ``condition`` is true.</doc>
<msg timestamp="20220720 22:58:34.123" level="INFO">${closed_title} = None</msg>
<status status="PASS" starttime="20220720 22:58:34.123" endtime="20220720 22:58:34.123"/>
</kw>
<kw name="Run Keyword If" library="BuiltIn">
<var>${title_highest_view}</var>
<arg>${contains}</arg>
<arg>Get Text</arg>
<arg>xpath://*[@id="${id_parent}"]/td[1]/span/a</arg>
<doc>Runs the given keyword with the given arguments, if ``condition`` is true.</doc>
<msg timestamp="20220720 22:58:34.124" level="INFO">${title_highest_view} = None</msg>
<status status="PASS" starttime="20220720 22:58:34.123" endtime="20220720 22:58:34.124"/>
</kw>
<kw name="Run Keyword If" library="BuiltIn">
<arg>${title_highest_view != None}</arg>
<arg>Log to Console</arg>
<arg>The topic with highest number of views is: ${title_highest_view}</arg>
<doc>Runs the given keyword with the given arguments, if ``condition`` is true.</doc>
<status status="PASS" starttime="20220720 22:58:34.124" endtime="20220720 22:58:34.125"/>
</kw>
<kw name="Run Keyword If" library="BuiltIn">
<arg>${closed_title != None}</arg>
<arg>Append To List</arg>
<arg>${list_closed_topics}</arg>
<arg>${closed_title}</arg>
<doc>Runs the given keyword with the given arguments, if ``condition`` is true.</doc>
<status status="PASS" starttime="20220720 22:58:34.125" endtime="20220720 22:58:34.125"/>
</kw>
<status status="PASS" starttime="20220720 22:58:34.083" endtime="20220720 22:58:34.125"/>
</iter>
<iter>
<var name="${a}">&lt;selenium.webdriver.remote.webelement.WebElement (session="fd0c905dc5606e0a79ec28d6729f4dda", element="282f4406-1569-451a-abeb-5e9c4e5941eb")&gt;</var>
<kw name="Get Element Attribute" library="SeleniumLibrary">
<var>${id_parent}</var>
<arg>${a}</arg>
<arg>id</arg>
<doc>Returns the value of ``attribute`` from the element ``locator``.</doc>
<msg timestamp="20220720 22:58:34.135" level="INFO">${id_parent} = ember17</msg>
<status status="PASS" starttime="20220720 22:58:34.126" endtime="20220720 22:58:34.135"/>
</kw>
<kw name="Run Keyword And Ignore Error" library="BuiltIn">
<var>${class_views_checker}</var>
<arg>Get Element Attribute</arg>
<arg>//*[@id="${id_parent}"]/td[4]</arg>
<arg>class</arg>
<doc>Runs the given keyword with the given arguments and ignores possible error.</doc>
<kw name="Get Element Attribute" library="SeleniumLibrary">
<arg>//*[@id="${id_parent}"]/td[4]</arg>
<arg>class</arg>
<doc>Returns the value of ``attribute`` from the element ``locator``.</doc>
<msg timestamp="20220720 22:58:34.148" level="FAIL">Element with locator '//*[@id="ember17"]/td[4]' not found.</msg>
<status status="FAIL" starttime="20220720 22:58:34.136" endtime="20220720 22:58:34.149"/>
</kw>
<msg timestamp="20220720 22:58:34.149" level="INFO">${class_views_checker} = ('FAIL', 'Element with locator \'//*[@id="ember17"]/td[4]\' not found.')</msg>
<status status="PASS" starttime="20220720 22:58:34.135" endtime="20220720 22:58:34.149"/>
</kw>
<kw name="Evaluate" library="BuiltIn">
<var>${contains}</var>
<arg>"heatmap-med" in """${class_views_checker}"""</arg>
<doc>Evaluates the given expression in Python and returns the result.</doc>
<msg timestamp="20220720 22:58:34.149" level="INFO">${contains} = False</msg>
<status status="PASS" starttime="20220720 22:58:34.149" endtime="20220720 22:58:34.149"/>
</kw>
<kw name="Run Keyword And Return Status" library="BuiltIn">
<var>${presence_checker}</var>
<arg>Element Should Be Visible</arg>
<arg>xpath://*[@id="${id_parent}"]/td[1]/span/div/span</arg>
<doc>Runs the given keyword with given arguments and returns the status as a Boolean value.</doc>
<kw name="Element Should Be Visible" library="SeleniumLibrary">
<arg>xpath://*[@id="${id_parent}"]/td[1]/span/div/span</arg>
<doc>Verifies that the element identified by ``locator`` is visible.</doc>
<msg timestamp="20220720 22:58:34.162" level="FAIL">Element with locator 'xpath://*[@id="ember17"]/td[1]/span/div/span' not found.</msg>
<status status="FAIL" starttime="20220720 22:58:34.150" endtime="20220720 22:58:34.163"/>
</kw>
<msg timestamp="20220720 22:58:34.163" level="INFO">${presence_checker} = False</msg>
<status status="PASS" starttime="20220720 22:58:34.150" endtime="20220720 22:58:34.163"/>
</kw>
<kw name="Run Keyword If" library="BuiltIn">
<var>${closed_title}</var>
<arg>${presence_checker}</arg>
<arg>Get Text</arg>
<arg>xpath://*[@id="${id_parent}"]/td[1]/span/a</arg>
<doc>Runs the given keyword with the given arguments, if ``condition`` is true.</doc>
<msg timestamp="20220720 22:58:34.164" level="INFO">${closed_title} = None</msg>
<status status="PASS" starttime="20220720 22:58:34.163" endtime="20220720 22:58:34.164"/>
</kw>
<kw name="Run Keyword If" library="BuiltIn">
<var>${title_highest_view}</var>
<arg>${contains}</arg>
<arg>Get Text</arg>
<arg>xpath://*[@id="${id_parent}"]/td[1]/span/a</arg>
<doc>Runs the given keyword with the given arguments, if ``condition`` is true.</doc>
<msg timestamp="20220720 22:58:34.164" level="INFO">${title_highest_view} = None</msg>
<status status="PASS" starttime="20220720 22:58:34.164" endtime="20220720 22:58:34.164"/>
</kw>
<kw name="Run Keyword If" library="BuiltIn">
<arg>${title_highest_view != None}</arg>
<arg>Log to Console</arg>
<arg>The topic with highest number of views is: ${title_highest_view}</arg>
<doc>Runs the given keyword with the given arguments, if ``condition`` is true.</doc>
<status status="PASS" starttime="20220720 22:58:34.164" endtime="20220720 22:58:34.165"/>
</kw>
<kw name="Run Keyword If" library="BuiltIn">
<arg>${closed_title != None}</arg>
<arg>Append To List</arg>
<arg>${list_closed_topics}</arg>
<arg>${closed_title}</arg>
<doc>Runs the given keyword with the given arguments, if ``condition`` is true.</doc>
<status status="PASS" starttime="20220720 22:58:34.165" endtime="20220720 22:58:34.166"/>
</kw>
<status status="PASS" starttime="20220720 22:58:34.126" endtime="20220720 22:58:34.166"/>
</iter>
<iter>
<var name="${a}">&lt;selenium.webdriver.remote.webelement.WebElement (session="fd0c905dc5606e0a79ec28d6729f4dda", element="25fe3891-4c92-4175-9e39-7460b55a443d")&gt;</var>
<kw name="Get Element Attribute" library="SeleniumLibrary">
<var>${id_parent}</var>
<arg>${a}</arg>
<arg>id</arg>
<doc>Returns the value of ``attribute`` from the element ``locator``.</doc>
<msg timestamp="20220720 22:58:34.175" level="INFO">${id_parent} = ember18</msg>
<status status="PASS" starttime="20220720 22:58:34.166" endtime="20220720 22:58:34.175"/>
</kw>
<kw name="Run Keyword And Ignore Error" library="BuiltIn">
<var>${class_views_checker}</var>
<arg>Get Element Attribute</arg>
<arg>//*[@id="${id_parent}"]/td[4]</arg>
<arg>class</arg>
<doc>Runs the given keyword with the given arguments and ignores possible error.</doc>
<kw name="Get Element Attribute" library="SeleniumLibrary">
<arg>//*[@id="${id_parent}"]/td[4]</arg>
<arg>class</arg>
<doc>Returns the value of ``attribute`` from the element ``locator``.</doc>
<msg timestamp="20220720 22:58:34.188" level="FAIL">Element with locator '//*[@id="ember18"]/td[4]' not found.</msg>
<status status="FAIL" starttime="20220720 22:58:34.176" endtime="20220720 22:58:34.189"/>
</kw>
<msg timestamp="20220720 22:58:34.189" level="INFO">${class_views_checker} = ('FAIL', 'Element with locator \'//*[@id="ember18"]/td[4]\' not found.')</msg>
<status status="PASS" starttime="20220720 22:58:34.175" endtime="20220720 22:58:34.189"/>
</kw>
<kw name="Evaluate" library="BuiltIn">
<var>${contains}</var>
<arg>"heatmap-med" in """${class_views_checker}"""</arg>
<doc>Evaluates the given expression in Python and returns the result.</doc>
<msg timestamp="20220720 22:58:34.189" level="INFO">${contains} = False</msg>
<status status="PASS" starttime="20220720 22:58:34.189" endtime="20220720 22:58:34.189"/>
</kw>
<kw name="Run Keyword And Return Status" library="BuiltIn">
<var>${presence_checker}</var>
<arg>Element Should Be Visible</arg>
<arg>xpath://*[@id="${id_parent}"]/td[1]/span/div/span</arg>
<doc>Runs the given keyword with given arguments and returns the status as a Boolean value.</doc>
<kw name="Element Should Be Visible" library="SeleniumLibrary">
<arg>xpath://*[@id="${id_parent}"]/td[1]/span/div/span</arg>
<doc>Verifies that the element identified by ``locator`` is visible.</doc>
<msg timestamp="20220720 22:58:34.203" level="FAIL">Element with locator 'xpath://*[@id="ember18"]/td[1]/span/div/span' not found.</msg>
<status status="FAIL" starttime="20220720 22:58:34.190" endtime="20220720 22:58:34.209"/>
</kw>
<msg timestamp="20220720 22:58:34.209" level="INFO">${presence_checker} = False</msg>
<status status="PASS" starttime="20220720 22:58:34.190" endtime="20220720 22:58:34.209"/>
</kw>
<kw name="Run Keyword If" library="BuiltIn">
<var>${closed_title}</var>
<arg>${presence_checker}</arg>
<arg>Get Text</arg>
<arg>xpath://*[@id="${id_parent}"]/td[1]/span/a</arg>
<doc>Runs the given keyword with the given arguments, if ``condition`` is true.</doc>
<msg timestamp="20220720 22:58:34.210" level="INFO">${closed_title} = None</msg>
<status status="PASS" starttime="20220720 22:58:34.210" endtime="20220720 22:58:34.210"/>
</kw>
<kw name="Run Keyword If" library="BuiltIn">
<var>${title_highest_view}</var>
<arg>${contains}</arg>
<arg>Get Text</arg>
<arg>xpath://*[@id="${id_parent}"]/td[1]/span/a</arg>
<doc>Runs the given keyword with the given arguments, if ``condition`` is true.</doc>
<msg timestamp="20220720 22:58:34.211" level="INFO">${title_highest_view} = None</msg>
<status status="PASS" starttime="20220720 22:58:34.211" endtime="20220720 22:58:34.211"/>
</kw>
<kw name="Run Keyword If" library="BuiltIn">
<arg>${title_highest_view != None}</arg>
<arg>Log to Console</arg>
<arg>The topic with highest number of views is: ${title_highest_view}</arg>
<doc>Runs the given keyword with the given arguments, if ``condition`` is true.</doc>
<status status="PASS" starttime="20220720 22:58:34.211" endtime="20220720 22:58:34.212"/>
</kw>
<kw name="Run Keyword If" library="BuiltIn">
<arg>${closed_title != None}</arg>
<arg>Append To List</arg>
<arg>${list_closed_topics}</arg>
<arg>${closed_title}</arg>
<doc>Runs the given keyword with the given arguments, if ``condition`` is true.</doc>
<status status="PASS" starttime="20220720 22:58:34.212" endtime="20220720 22:58:34.213"/>
</kw>
<status status="PASS" starttime="20220720 22:58:34.166" endtime="20220720 22:58:34.213"/>
</iter>
<iter>
<var name="${a}">&lt;selenium.webdriver.remote.webelement.WebElement (session="fd0c905dc5606e0a79ec28d6729f4dda", element="193fd3f2-c0a8-4f62-a67b-c1e608149fff")&gt;</var>
<kw name="Get Element Attribute" library="SeleniumLibrary">
<var>${id_parent}</var>
<arg>${a}</arg>
<arg>id</arg>
<doc>Returns the value of ``attribute`` from the element ``locator``.</doc>
<msg timestamp="20220720 22:58:34.223" level="INFO">${id_parent} = ember19</msg>
<status status="PASS" starttime="20220720 22:58:34.213" endtime="20220720 22:58:34.223"/>
</kw>
<kw name="Run Keyword And Ignore Error" library="BuiltIn">
<var>${class_views_checker}</var>
<arg>Get Element Attribute</arg>
<arg>//*[@id="${id_parent}"]/td[4]</arg>
<arg>class</arg>
<doc>Runs the given keyword with the given arguments and ignores possible error.</doc>
<kw name="Get Element Attribute" library="SeleniumLibrary">
<arg>//*[@id="${id_parent}"]/td[4]</arg>
<arg>class</arg>
<doc>Returns the value of ``attribute`` from the element ``locator``.</doc>
<msg timestamp="20220720 22:58:34.236" level="FAIL">Element with locator '//*[@id="ember19"]/td[4]' not found.</msg>
<status status="FAIL" starttime="20220720 22:58:34.223" endtime="20220720 22:58:34.236"/>
</kw>
<msg timestamp="20220720 22:58:34.236" level="INFO">${class_views_checker} = ('FAIL', 'Element with locator \'//*[@id="ember19"]/td[4]\' not found.')</msg>
<status status="PASS" starttime="20220720 22:58:34.223" endtime="20220720 22:58:34.236"/>
</kw>
<kw name="Evaluate" library="BuiltIn">
<var>${contains}</var>
<arg>"heatmap-med" in """${class_views_checker}"""</arg>
<doc>Evaluates the given expression in Python and returns the result.</doc>
<msg timestamp="20220720 22:58:34.237" level="INFO">${contains} = False</msg>
<status status="PASS" starttime="20220720 22:58:34.237" endtime="20220720 22:58:34.237"/>
</kw>
<kw name="Run Keyword And Return Status" library="BuiltIn">
<var>${presence_checker}</var>
<arg>Element Should Be Visible</arg>
<arg>xpath://*[@id="${id_parent}"]/td[1]/span/div/span</arg>
<doc>Runs the given keyword with given arguments and returns the status as a Boolean value.</doc>
<kw name="Element Should Be Visible" library="SeleniumLibrary">
<arg>xpath://*[@id="${id_parent}"]/td[1]/span/div/span</arg>
<doc>Verifies that the element identified by ``locator`` is visible.</doc>
<msg timestamp="20220720 22:58:34.250" level="FAIL">Element with locator 'xpath://*[@id="ember19"]/td[1]/span/div/span' not found.</msg>
<status status="FAIL" starttime="20220720 22:58:34.238" endtime="20220720 22:58:34.251"/>
</kw>
<msg timestamp="20220720 22:58:34.251" level="INFO">${presence_checker} = False</msg>
<status status="PASS" starttime="20220720 22:58:34.237" endtime="20220720 22:58:34.251"/>
</kw>
<kw name="Run Keyword If" library="BuiltIn">
<var>${closed_title}</var>
<arg>${presence_checker}</arg>
<arg>Get Text</arg>
<arg>xpath://*[@id="${id_parent}"]/td[1]/span/a</arg>
<doc>Runs the given keyword with the given arguments, if ``condition`` is true.</doc>
<msg timestamp="20220720 22:58:34.251" level="INFO">${closed_title} = None</msg>
<status status="PASS" starttime="20220720 22:58:34.251" endtime="20220720 22:58:34.251"/>
</kw>
<kw name="Run Keyword If" library="BuiltIn">
<var>${title_highest_view}</var>
<arg>${contains}</arg>
<arg>Get Text</arg>
<arg>xpath://*[@id="${id_parent}"]/td[1]/span/a</arg>
<doc>Runs the given keyword with the given arguments, if ``condition`` is true.</doc>
<msg timestamp="20220720 22:58:34.252" level="INFO">${title_highest_view} = None</msg>
<status status="PASS" starttime="20220720 22:58:34.251" endtime="20220720 22:58:34.252"/>
</kw>
<kw name="Run Keyword If" library="BuiltIn">
<arg>${title_highest_view != None}</arg>
<arg>Log to Console</arg>
<arg>The topic with highest number of views is: ${title_highest_view}</arg>
<doc>Runs the given keyword with the given arguments, if ``condition`` is true.</doc>
<status status="PASS" starttime="20220720 22:58:34.252" endtime="20220720 22:58:34.253"/>
</kw>
<kw name="Run Keyword If" library="BuiltIn">
<arg>${closed_title != None}</arg>
<arg>Append To List</arg>
<arg>${list_closed_topics}</arg>
<arg>${closed_title}</arg>
<doc>Runs the given keyword with the given arguments, if ``condition`` is true.</doc>
<status status="PASS" starttime="20220720 22:58:34.253" endtime="20220720 22:58:34.254"/>
</kw>
<status status="PASS" starttime="20220720 22:58:34.213" endtime="20220720 22:58:34.254"/>
</iter>
<iter>
<var name="${a}">&lt;selenium.webdriver.remote.webelement.WebElement (session="fd0c905dc5606e0a79ec28d6729f4dda", element="a09cfc18-d65c-494d-a351-c6e0fb430ad1")&gt;</var>
<kw name="Get Element Attribute" library="SeleniumLibrary">
<var>${id_parent}</var>
<arg>${a}</arg>
<arg>id</arg>
<doc>Returns the value of ``attribute`` from the element ``locator``.</doc>
<msg timestamp="20220720 22:58:34.264" level="INFO">${id_parent} = ember21</msg>
<status status="PASS" starttime="20220720 22:58:34.254" endtime="20220720 22:58:34.264"/>
</kw>
<kw name="Run Keyword And Ignore Error" library="BuiltIn">
<var>${class_views_checker}</var>
<arg>Get Element Attribute</arg>
<arg>//*[@id="${id_parent}"]/td[4]</arg>
<arg>class</arg>
<doc>Runs the given keyword with the given arguments and ignores possible error.</doc>
<kw name="Get Element Attribute" library="SeleniumLibrary">
<arg>//*[@id="${id_parent}"]/td[4]</arg>
<arg>class</arg>
<doc>Returns the value of ``attribute`` from the element ``locator``.</doc>
<msg timestamp="20220720 22:58:34.277" level="FAIL">Element with locator '//*[@id="ember21"]/td[4]' not found.</msg>
<status status="FAIL" starttime="20220720 22:58:34.264" endtime="20220720 22:58:34.277"/>
</kw>
<msg timestamp="20220720 22:58:34.278" level="INFO">${class_views_checker} = ('FAIL', 'Element with locator \'//*[@id="ember21"]/td[4]\' not found.')</msg>
<status status="PASS" starttime="20220720 22:58:34.264" endtime="20220720 22:58:34.278"/>
</kw>
<kw name="Evaluate" library="BuiltIn">
<var>${contains}</var>
<arg>"heatmap-med" in """${class_views_checker}"""</arg>
<doc>Evaluates the given expression in Python and returns the result.</doc>
<msg timestamp="20220720 22:58:34.278" level="INFO">${contains} = False</msg>
<status status="PASS" starttime="20220720 22:58:34.278" endtime="20220720 22:58:34.278"/>
</kw>
<kw name="Run Keyword And Return Status" library="BuiltIn">
<var>${presence_checker}</var>
<arg>Element Should Be Visible</arg>
<arg>xpath://*[@id="${id_parent}"]/td[1]/span/div/span</arg>
<doc>Runs the given keyword with given arguments and returns the status as a Boolean value.</doc>
<kw name="Element Should Be Visible" library="SeleniumLibrary">
<arg>xpath://*[@id="${id_parent}"]/td[1]/span/div/span</arg>
<doc>Verifies that the element identified by ``locator`` is visible.</doc>
<msg timestamp="20220720 22:58:34.293" level="FAIL">Element with locator 'xpath://*[@id="ember21"]/td[1]/span/div/span' not found.</msg>
<status status="FAIL" starttime="20220720 22:58:34.279" endtime="20220720 22:58:34.293"/>
</kw>
<msg timestamp="20220720 22:58:34.294" level="INFO">${presence_checker} = False</msg>
<status status="PASS" starttime="20220720 22:58:34.278" endtime="20220720 22:58:34.294"/>
</kw>
<kw name="Run Keyword If" library="BuiltIn">
<var>${closed_title}</var>
<arg>${presence_checker}</arg>
<arg>Get Text</arg>
<arg>xpath://*[@id="${id_parent}"]/td[1]/span/a</arg>
<doc>Runs the given keyword with the given arguments, if ``condition`` is true.</doc>
<msg timestamp="20220720 22:58:34.294" level="INFO">${closed_title} = None</msg>
<status status="PASS" starttime="20220720 22:58:34.294" endtime="20220720 22:58:34.294"/>
</kw>
<kw name="Run Keyword If" library="BuiltIn">
<var>${title_highest_view}</var>
<arg>${contains}</arg>
<arg>Get Text</arg>
<arg>xpath://*[@id="${id_parent}"]/td[1]/span/a</arg>
<doc>Runs the given keyword with the given arguments, if ``condition`` is true.</doc>
<msg timestamp="20220720 22:58:34.295" level="INFO">${title_highest_view} = None</msg>
<status status="PASS" starttime="20220720 22:58:34.294" endtime="20220720 22:58:34.295"/>
</kw>
<kw name="Run Keyword If" library="BuiltIn">
<arg>${title_highest_view != None}</arg>
<arg>Log to Console</arg>
<arg>The topic with highest number of views is: ${title_highest_view}</arg>
<doc>Runs the given keyword with the given arguments, if ``condition`` is true.</doc>
<status status="PASS" starttime="20220720 22:58:34.295" endtime="20220720 22:58:34.296"/>
</kw>
<kw name="Run Keyword If" library="BuiltIn">
<arg>${closed_title != None}</arg>
<arg>Append To List</arg>
<arg>${list_closed_topics}</arg>
<arg>${closed_title}</arg>
<doc>Runs the given keyword with the given arguments, if ``condition`` is true.</doc>
<status status="PASS" starttime="20220720 22:58:34.296" endtime="20220720 22:58:34.296"/>
</kw>
<status status="PASS" starttime="20220720 22:58:34.254" endtime="20220720 22:58:34.296"/>
</iter>
<iter>
<var name="${a}">&lt;selenium.webdriver.remote.webelement.WebElement (session="fd0c905dc5606e0a79ec28d6729f4dda", element="e2f56f0d-82a0-4047-8837-7f77dc029c4b")&gt;</var>
<kw name="Get Element Attribute" library="SeleniumLibrary">
<var>${id_parent}</var>
<arg>${a}</arg>
<arg>id</arg>
<doc>Returns the value of ``attribute`` from the element ``locator``.</doc>
<msg timestamp="20220720 22:58:34.306" level="INFO">${id_parent} = ember23</msg>
<status status="PASS" starttime="20220720 22:58:34.297" endtime="20220720 22:58:34.306"/>
</kw>
<kw name="Run Keyword And Ignore Error" library="BuiltIn">
<var>${class_views_checker}</var>
<arg>Get Element Attribute</arg>
<arg>//*[@id="${id_parent}"]/td[4]</arg>
<arg>class</arg>
<doc>Runs the given keyword with the given arguments and ignores possible error.</doc>
<kw name="Get Element Attribute" library="SeleniumLibrary">
<arg>//*[@id="${id_parent}"]/td[4]</arg>
<arg>class</arg>
<doc>Returns the value of ``attribute`` from the element ``locator``.</doc>
<msg timestamp="20220720 22:58:34.322" level="FAIL">Element with locator '//*[@id="ember23"]/td[4]' not found.</msg>
<status status="FAIL" starttime="20220720 22:58:34.306" endtime="20220720 22:58:34.323"/>
</kw>
<msg timestamp="20220720 22:58:34.323" level="INFO">${class_views_checker} = ('FAIL', 'Element with locator \'//*[@id="ember23"]/td[4]\' not found.')</msg>
<status status="PASS" starttime="20220720 22:58:34.306" endtime="20220720 22:58:34.323"/>
</kw>
<kw name="Evaluate" library="BuiltIn">
<var>${contains}</var>
<arg>"heatmap-med" in """${class_views_checker}"""</arg>
<doc>Evaluates the given expression in Python and returns the result.</doc>
<msg timestamp="20220720 22:58:34.323" level="INFO">${contains} = False</msg>
<status status="PASS" starttime="20220720 22:58:34.323" endtime="20220720 22:58:34.323"/>
</kw>
<kw name="Run Keyword And Return Status" library="BuiltIn">
<var>${presence_checker}</var>
<arg>Element Should Be Visible</arg>
<arg>xpath://*[@id="${id_parent}"]/td[1]/span/div/span</arg>
<doc>Runs the given keyword with given arguments and returns the status as a Boolean value.</doc>
<kw name="Element Should Be Visible" library="SeleniumLibrary">
<arg>xpath://*[@id="${id_parent}"]/td[1]/span/div/span</arg>
<doc>Verifies that the element identified by ``locator`` is visible.</doc>
<msg timestamp="20220720 22:58:34.337" level="FAIL">Element with locator 'xpath://*[@id="ember23"]/td[1]/span/div/span' not found.</msg>
<status status="FAIL" starttime="20220720 22:58:34.324" endtime="20220720 22:58:34.337"/>
</kw>
<msg timestamp="20220720 22:58:34.337" level="INFO">${presence_checker} = False</msg>
<status status="PASS" starttime="20220720 22:58:34.324" endtime="20220720 22:58:34.337"/>
</kw>
<kw name="Run Keyword If" library="BuiltIn">
<var>${closed_title}</var>
<arg>${presence_checker}</arg>
<arg>Get Text</arg>
<arg>xpath://*[@id="${id_parent}"]/td[1]/span/a</arg>
<doc>Runs the given keyword with the given arguments, if ``condition`` is true.</doc>
<msg timestamp="20220720 22:58:34.338" level="INFO">${closed_title} = None</msg>
<status status="PASS" starttime="20220720 22:58:34.337" endtime="20220720 22:58:34.338"/>
</kw>
<kw name="Run Keyword If" library="BuiltIn">
<var>${title_highest_view}</var>
<arg>${contains}</arg>
<arg>Get Text</arg>
<arg>xpath://*[@id="${id_parent}"]/td[1]/span/a</arg>
<doc>Runs the given keyword with the given arguments, if ``condition`` is true.</doc>
<msg timestamp="20220720 22:58:34.338" level="INFO">${title_highest_view} = None</msg>
<status status="PASS" starttime="20220720 22:58:34.338" endtime="20220720 22:58:34.338"/>
</kw>
<kw name="Run Keyword If" library="BuiltIn">
<arg>${title_highest_view != None}</arg>
<arg>Log to Console</arg>
<arg>The topic with highest number of views is: ${title_highest_view}</arg>
<doc>Runs the given keyword with the given arguments, if ``condition`` is true.</doc>
<status status="PASS" starttime="20220720 22:58:34.338" endtime="20220720 22:58:34.339"/>
</kw>
<kw name="Run Keyword If" library="BuiltIn">
<arg>${closed_title != None}</arg>
<arg>Append To List</arg>
<arg>${list_closed_topics}</arg>
<arg>${closed_title}</arg>
<doc>Runs the given keyword with the given arguments, if ``condition`` is true.</doc>
<status status="PASS" starttime="20220720 22:58:34.339" endtime="20220720 22:58:34.340"/>
</kw>
<status status="PASS" starttime="20220720 22:58:34.296" endtime="20220720 22:58:34.340"/>
</iter>
<iter>
<var name="${a}">&lt;selenium.webdriver.remote.webelement.WebElement (session="fd0c905dc5606e0a79ec28d6729f4dda", element="787e5ef0-2716-416f-b635-b54f76d9ec46")&gt;</var>
<kw name="Get Element Attribute" library="SeleniumLibrary">
<var>${id_parent}</var>
<arg>${a}</arg>
<arg>id</arg>
<doc>Returns the value of ``attribute`` from the element ``locator``.</doc>
<msg timestamp="20220720 22:58:34.349" level="INFO">${id_parent} = ember24</msg>
<status status="PASS" starttime="20220720 22:58:34.340" endtime="20220720 22:58:34.349"/>
</kw>
<kw name="Run Keyword And Ignore Error" library="BuiltIn">
<var>${class_views_checker}</var>
<arg>Get Element Attribute</arg>
<arg>//*[@id="${id_parent}"]/td[4]</arg>
<arg>class</arg>
<doc>Runs the given keyword with the given arguments and ignores possible error.</doc>
<kw name="Get Element Attribute" library="SeleniumLibrary">
<arg>//*[@id="${id_parent}"]/td[4]</arg>
<arg>class</arg>
<doc>Returns the value of ``attribute`` from the element ``locator``.</doc>
<msg timestamp="20220720 22:58:34.363" level="FAIL">Element with locator '//*[@id="ember24"]/td[4]' not found.</msg>
<status status="FAIL" starttime="20220720 22:58:34.350" endtime="20220720 22:58:34.363"/>
</kw>
<msg timestamp="20220720 22:58:34.363" level="INFO">${class_views_checker} = ('FAIL', 'Element with locator \'//*[@id="ember24"]/td[4]\' not found.')</msg>
<status status="PASS" starttime="20220720 22:58:34.349" endtime="20220720 22:58:34.363"/>
</kw>
<kw name="Evaluate" library="BuiltIn">
<var>${contains}</var>
<arg>"heatmap-med" in """${class_views_checker}"""</arg>
<doc>Evaluates the given expression in Python and returns the result.</doc>
<msg timestamp="20220720 22:58:34.364" level="INFO">${contains} = False</msg>
<status status="PASS" starttime="20220720 22:58:34.364" endtime="20220720 22:58:34.364"/>
</kw>
<kw name="Run Keyword And Return Status" library="BuiltIn">
<var>${presence_checker}</var>
<arg>Element Should Be Visible</arg>
<arg>xpath://*[@id="${id_parent}"]/td[1]/span/div/span</arg>
<doc>Runs the given keyword with given arguments and returns the status as a Boolean value.</doc>
<kw name="Element Should Be Visible" library="SeleniumLibrary">
<arg>xpath://*[@id="${id_parent}"]/td[1]/span/div/span</arg>
<doc>Verifies that the element identified by ``locator`` is visible.</doc>
<msg timestamp="20220720 22:58:34.377" level="FAIL">Element with locator 'xpath://*[@id="ember24"]/td[1]/span/div/span' not found.</msg>
<status status="FAIL" starttime="20220720 22:58:34.364" endtime="20220720 22:58:34.377"/>
</kw>
<msg timestamp="20220720 22:58:34.377" level="INFO">${presence_checker} = False</msg>
<status status="PASS" starttime="20220720 22:58:34.364" endtime="20220720 22:58:34.377"/>
</kw>
<kw name="Run Keyword If" library="BuiltIn">
<var>${closed_title}</var>
<arg>${presence_checker}</arg>
<arg>Get Text</arg>
<arg>xpath://*[@id="${id_parent}"]/td[1]/span/a</arg>
<doc>Runs the given keyword with the given arguments, if ``condition`` is true.</doc>
<msg timestamp="20220720 22:58:34.378" level="INFO">${closed_title} = None</msg>
<status status="PASS" starttime="20220720 22:58:34.378" endtime="20220720 22:58:34.378"/>
</kw>
<kw name="Run Keyword If" library="BuiltIn">
<var>${title_highest_view}</var>
<arg>${contains}</arg>
<arg>Get Text</arg>
<arg>xpath://*[@id="${id_parent}"]/td[1]/span/a</arg>
<doc>Runs the given keyword with the given arguments, if ``condition`` is true.</doc>
<msg timestamp="20220720 22:58:34.378" level="INFO">${title_highest_view} = None</msg>
<status status="PASS" starttime="20220720 22:58:34.378" endtime="20220720 22:58:34.378"/>
</kw>
<kw name="Run Keyword If" library="BuiltIn">
<arg>${title_highest_view != None}</arg>
<arg>Log to Console</arg>
<arg>The topic with highest number of views is: ${title_highest_view}</arg>
<doc>Runs the given keyword with the given arguments, if ``condition`` is true.</doc>
<status status="PASS" starttime="20220720 22:58:34.378" endtime="20220720 22:58:34.379"/>
</kw>
<kw name="Run Keyword If" library="BuiltIn">
<arg>${closed_title != None}</arg>
<arg>Append To List</arg>
<arg>${list_closed_topics}</arg>
<arg>${closed_title}</arg>
<doc>Runs the given keyword with the given arguments, if ``condition`` is true.</doc>
<status status="PASS" starttime="20220720 22:58:34.379" endtime="20220720 22:58:34.380"/>
</kw>
<status status="PASS" starttime="20220720 22:58:34.340" endtime="20220720 22:58:34.380"/>
</iter>
<iter>
<var name="${a}">&lt;selenium.webdriver.remote.webelement.WebElement (session="fd0c905dc5606e0a79ec28d6729f4dda", element="c0df1d81-2765-4d4f-bb8d-84385ac657af")&gt;</var>
<kw name="Get Element Attribute" library="SeleniumLibrary">
<var>${id_parent}</var>
<arg>${a}</arg>
<arg>id</arg>
<doc>Returns the value of ``attribute`` from the element ``locator``.</doc>
<msg timestamp="20220720 22:58:34.392" level="INFO">${id_parent} = ember24-header</msg>
<status status="PASS" starttime="20220720 22:58:34.381" endtime="20220720 22:58:34.392"/>
</kw>
<kw name="Run Keyword And Ignore Error" library="BuiltIn">
<var>${class_views_checker}</var>
<arg>Get Element Attribute</arg>
<arg>//*[@id="${id_parent}"]/td[4]</arg>
<arg>class</arg>
<doc>Runs the given keyword with the given arguments and ignores possible error.</doc>
<kw name="Get Element Attribute" library="SeleniumLibrary">
<arg>//*[@id="${id_parent}"]/td[4]</arg>
<arg>class</arg>
<doc>Returns the value of ``attribute`` from the element ``locator``.</doc>
<msg timestamp="20220720 22:58:34.408" level="FAIL">Element with locator '//*[@id="ember24-header"]/td[4]' not found.</msg>
<status status="FAIL" starttime="20220720 22:58:34.393" endtime="20220720 22:58:34.409"/>
</kw>
<msg timestamp="20220720 22:58:34.409" level="INFO">${class_views_checker} = ('FAIL', 'Element with locator \'//*[@id="ember24-header"]/td[4]\' not found.')</msg>
<status status="PASS" starttime="20220720 22:58:34.392" endtime="20220720 22:58:34.409"/>
</kw>
<kw name="Evaluate" library="BuiltIn">
<var>${contains}</var>
<arg>"heatmap-med" in """${class_views_checker}"""</arg>
<doc>Evaluates the given expression in Python and returns the result.</doc>
<msg timestamp="20220720 22:58:34.410" level="INFO">${contains} = False</msg>
<status status="PASS" starttime="20220720 22:58:34.409" endtime="20220720 22:58:34.410"/>
</kw>
<kw name="Run Keyword And Return Status" library="BuiltIn">
<var>${presence_checker}</var>
<arg>Element Should Be Visible</arg>
<arg>xpath://*[@id="${id_parent}"]/td[1]/span/div/span</arg>
<doc>Runs the given keyword with given arguments and returns the status as a Boolean value.</doc>
<kw name="Element Should Be Visible" library="SeleniumLibrary">
<arg>xpath://*[@id="${id_parent}"]/td[1]/span/div/span</arg>
<doc>Verifies that the element identified by ``locator`` is visible.</doc>
<msg timestamp="20220720 22:58:34.425" level="FAIL">Element with locator 'xpath://*[@id="ember24-header"]/td[1]/span/div/span' not found.</msg>
<status status="FAIL" starttime="20220720 22:58:34.411" endtime="20220720 22:58:34.425"/>
</kw>
<msg timestamp="20220720 22:58:34.425" level="INFO">${presence_checker} = False</msg>
<status status="PASS" starttime="20220720 22:58:34.410" endtime="20220720 22:58:34.425"/>
</kw>
<kw name="Run Keyword If" library="BuiltIn">
<var>${closed_title}</var>
<arg>${presence_checker}</arg>
<arg>Get Text</arg>
<arg>xpath://*[@id="${id_parent}"]/td[1]/span/a</arg>
<doc>Runs the given keyword with the given arguments, if ``condition`` is true.</doc>
<msg timestamp="20220720 22:58:34.426" level="INFO">${closed_title} = None</msg>
<status status="PASS" starttime="20220720 22:58:34.426" endtime="20220720 22:58:34.426"/>
</kw>
<kw name="Run Keyword If" library="BuiltIn">
<var>${title_highest_view}</var>
<arg>${contains}</arg>
<arg>Get Text</arg>
<arg>xpath://*[@id="${id_parent}"]/td[1]/span/a</arg>
<doc>Runs the given keyword with the given arguments, if ``condition`` is true.</doc>
<msg timestamp="20220720 22:58:34.427" level="INFO">${title_highest_view} = None</msg>
<status status="PASS" starttime="20220720 22:58:34.426" endtime="20220720 22:58:34.427"/>
</kw>
<kw name="Run Keyword If" library="BuiltIn">
<arg>${title_highest_view != None}</arg>
<arg>Log to Console</arg>
<arg>The topic with highest number of views is: ${title_highest_view}</arg>
<doc>Runs the given keyword with the given arguments, if ``condition`` is true.</doc>
<status status="PASS" starttime="20220720 22:58:34.427" endtime="20220720 22:58:34.427"/>
</kw>
<kw name="Run Keyword If" library="BuiltIn">
<arg>${closed_title != None}</arg>
<arg>Append To List</arg>
<arg>${list_closed_topics}</arg>
<arg>${closed_title}</arg>
<doc>Runs the given keyword with the given arguments, if ``condition`` is true.</doc>
<status status="PASS" starttime="20220720 22:58:34.428" endtime="20220720 22:58:34.428"/>
</kw>
<status status="PASS" starttime="20220720 22:58:34.380" endtime="20220720 22:58:34.428"/>
</iter>
<iter>
<var name="${a}">&lt;selenium.webdriver.remote.webelement.WebElement (session="fd0c905dc5606e0a79ec28d6729f4dda", element="4fcda170-03a1-4c1e-9f03-a242e73170c8")&gt;</var>
<kw name="Get Element Attribute" library="SeleniumLibrary">
<var>${id_parent}</var>
<arg>${a}</arg>
<arg>id</arg>
<doc>Returns the value of ``attribute`` from the element ``locator``.</doc>
<msg timestamp="20220720 22:58:34.439" level="INFO">${id_parent} = ember24-body</msg>
<status status="PASS" starttime="20220720 22:58:34.429" endtime="20220720 22:58:34.439"/>
</kw>
<kw name="Run Keyword And Ignore Error" library="BuiltIn">
<var>${class_views_checker}</var>
<arg>Get Element Attribute</arg>
<arg>//*[@id="${id_parent}"]/td[4]</arg>
<arg>class</arg>
<doc>Runs the given keyword with the given arguments and ignores possible error.</doc>
<kw name="Get Element Attribute" library="SeleniumLibrary">
<arg>//*[@id="${id_parent}"]/td[4]</arg>
<arg>class</arg>
<doc>Returns the value of ``attribute`` from the element ``locator``.</doc>
<msg timestamp="20220720 22:58:34.453" level="FAIL">Element with locator '//*[@id="ember24-body"]/td[4]' not found.</msg>
<status status="FAIL" starttime="20220720 22:58:34.440" endtime="20220720 22:58:34.454"/>
</kw>
<msg timestamp="20220720 22:58:34.454" level="INFO">${class_views_checker} = ('FAIL', 'Element with locator \'//*[@id="ember24-body"]/td[4]\' not found.')</msg>
<status status="PASS" starttime="20220720 22:58:34.439" endtime="20220720 22:58:34.454"/>
</kw>
<kw name="Evaluate" library="BuiltIn">
<var>${contains}</var>
<arg>"heatmap-med" in """${class_views_checker}"""</arg>
<doc>Evaluates the given expression in Python and returns the result.</doc>
<msg timestamp="20220720 22:58:34.455" level="INFO">${contains} = False</msg>
<status status="PASS" starttime="20220720 22:58:34.454" endtime="20220720 22:58:34.455"/>
</kw>
<kw name="Run Keyword And Return Status" library="BuiltIn">
<var>${presence_checker}</var>
<arg>Element Should Be Visible</arg>
<arg>xpath://*[@id="${id_parent}"]/td[1]/span/div/span</arg>
<doc>Runs the given keyword with given arguments and returns the status as a Boolean value.</doc>
<kw name="Element Should Be Visible" library="SeleniumLibrary">
<arg>xpath://*[@id="${id_parent}"]/td[1]/span/div/span</arg>
<doc>Verifies that the element identified by ``locator`` is visible.</doc>
<msg timestamp="20220720 22:58:34.468" level="FAIL">Element with locator 'xpath://*[@id="ember24-body"]/td[1]/span/div/span' not found.</msg>
<status status="FAIL" starttime="20220720 22:58:34.455" endtime="20220720 22:58:34.468"/>
</kw>
<msg timestamp="20220720 22:58:34.468" level="INFO">${presence_checker} = False</msg>
<status status="PASS" starttime="20220720 22:58:34.455" endtime="20220720 22:58:34.469"/>
</kw>
<kw name="Run Keyword If" library="BuiltIn">
<var>${closed_title}</var>
<arg>${presence_checker}</arg>
<arg>Get Text</arg>
<arg>xpath://*[@id="${id_parent}"]/td[1]/span/a</arg>
<doc>Runs the given keyword with the given arguments, if ``condition`` is true.</doc>
<msg timestamp="20220720 22:58:34.469" level="INFO">${closed_title} = None</msg>
<status status="PASS" starttime="20220720 22:58:34.469" endtime="20220720 22:58:34.469"/>
</kw>
<kw name="Run Keyword If" library="BuiltIn">
<var>${title_highest_view}</var>
<arg>${contains}</arg>
<arg>Get Text</arg>
<arg>xpath://*[@id="${id_parent}"]/td[1]/span/a</arg>
<doc>Runs the given keyword with the given arguments, if ``condition`` is true.</doc>
<msg timestamp="20220720 22:58:34.470" level="INFO">${title_highest_view} = None</msg>
<status status="PASS" starttime="20220720 22:58:34.470" endtime="20220720 22:58:34.470"/>
</kw>
<kw name="Run Keyword If" library="BuiltIn">
<arg>${title_highest_view != None}</arg>
<arg>Log to Console</arg>
<arg>The topic with highest number of views is: ${title_highest_view}</arg>
<doc>Runs the given keyword with the given arguments, if ``condition`` is true.</doc>
<status status="PASS" starttime="20220720 22:58:34.470" endtime="20220720 22:58:34.471"/>
</kw>
<kw name="Run Keyword If" library="BuiltIn">
<arg>${closed_title != None}</arg>
<arg>Append To List</arg>
<arg>${list_closed_topics}</arg>
<arg>${closed_title}</arg>
<doc>Runs the given keyword with the given arguments, if ``condition`` is true.</doc>
<status status="PASS" starttime="20220720 22:58:34.471" endtime="20220720 22:58:34.472"/>
</kw>
<status status="PASS" starttime="20220720 22:58:34.428" endtime="20220720 22:58:34.472"/>
</iter>
<iter>
<var name="${a}">&lt;selenium.webdriver.remote.webelement.WebElement (session="fd0c905dc5606e0a79ec28d6729f4dda", element="38e5ebf8-7e22-47e4-bf0e-2f4733238ac1")&gt;</var>
<kw name="Get Element Attribute" library="SeleniumLibrary">
<var>${id_parent}</var>
<arg>${a}</arg>
<arg>id</arg>
<doc>Returns the value of ``attribute`` from the element ``locator``.</doc>
<msg timestamp="20220720 22:58:34.482" level="INFO">${id_parent} = ember26</msg>
<status status="PASS" starttime="20220720 22:58:34.472" endtime="20220720 22:58:34.482"/>
</kw>
<kw name="Run Keyword And Ignore Error" library="BuiltIn">
<var>${class_views_checker}</var>
<arg>Get Element Attribute</arg>
<arg>//*[@id="${id_parent}"]/td[4]</arg>
<arg>class</arg>
<doc>Runs the given keyword with the given arguments and ignores possible error.</doc>
<kw name="Get Element Attribute" library="SeleniumLibrary">
<arg>//*[@id="${id_parent}"]/td[4]</arg>
<arg>class</arg>
<doc>Returns the value of ``attribute`` from the element ``locator``.</doc>
<msg timestamp="20220720 22:58:34.497" level="FAIL">Element with locator '//*[@id="ember26"]/td[4]' not found.</msg>
<status status="FAIL" starttime="20220720 22:58:34.483" endtime="20220720 22:58:34.497"/>
</kw>
<msg timestamp="20220720 22:58:34.497" level="INFO">${class_views_checker} = ('FAIL', 'Element with locator \'//*[@id="ember26"]/td[4]\' not found.')</msg>
<status status="PASS" starttime="20220720 22:58:34.483" endtime="20220720 22:58:34.497"/>
</kw>
<kw name="Evaluate" library="BuiltIn">
<var>${contains}</var>
<arg>"heatmap-med" in """${class_views_checker}"""</arg>
<doc>Evaluates the given expression in Python and returns the result.</doc>
<msg timestamp="20220720 22:58:34.498" level="INFO">${contains} = False</msg>
<status status="PASS" starttime="20220720 22:58:34.498" endtime="20220720 22:58:34.498"/>
</kw>
<kw name="Run Keyword And Return Status" library="BuiltIn">
<var>${presence_checker}</var>
<arg>Element Should Be Visible</arg>
<arg>xpath://*[@id="${id_parent}"]/td[1]/span/div/span</arg>
<doc>Runs the given keyword with given arguments and returns the status as a Boolean value.</doc>
<kw name="Element Should Be Visible" library="SeleniumLibrary">
<arg>xpath://*[@id="${id_parent}"]/td[1]/span/div/span</arg>
<doc>Verifies that the element identified by ``locator`` is visible.</doc>
<msg timestamp="20220720 22:58:34.512" level="FAIL">Element with locator 'xpath://*[@id="ember26"]/td[1]/span/div/span' not found.</msg>
<status status="FAIL" starttime="20220720 22:58:34.498" endtime="20220720 22:58:34.512"/>
</kw>
<msg timestamp="20220720 22:58:34.512" level="INFO">${presence_checker} = False</msg>
<status status="PASS" starttime="20220720 22:58:34.498" endtime="20220720 22:58:34.512"/>
</kw>
<kw name="Run Keyword If" library="BuiltIn">
<var>${closed_title}</var>
<arg>${presence_checker}</arg>
<arg>Get Text</arg>
<arg>xpath://*[@id="${id_parent}"]/td[1]/span/a</arg>
<doc>Runs the given keyword with the given arguments, if ``condition`` is true.</doc>
<msg timestamp="20220720 22:58:34.513" level="INFO">${closed_title} = None</msg>
<status status="PASS" starttime="20220720 22:58:34.513" endtime="20220720 22:58:34.513"/>
</kw>
<kw name="Run Keyword If" library="BuiltIn">
<var>${title_highest_view}</var>
<arg>${contains}</arg>
<arg>Get Text</arg>
<arg>xpath://*[@id="${id_parent}"]/td[1]/span/a</arg>
<doc>Runs the given keyword with the given arguments, if ``condition`` is true.</doc>
<msg timestamp="20220720 22:58:34.513" level="INFO">${title_highest_view} = None</msg>
<status status="PASS" starttime="20220720 22:58:34.513" endtime="20220720 22:58:34.513"/>
</kw>
<kw name="Run Keyword If" library="BuiltIn">
<arg>${title_highest_view != None}</arg>
<arg>Log to Console</arg>
<arg>The topic with highest number of views is: ${title_highest_view}</arg>
<doc>Runs the given keyword with the given arguments, if ``condition`` is true.</doc>
<status status="PASS" starttime="20220720 22:58:34.514" endtime="20220720 22:58:34.514"/>
</kw>
<kw name="Run Keyword If" library="BuiltIn">
<arg>${closed_title != None}</arg>
<arg>Append To List</arg>
<arg>${list_closed_topics}</arg>
<arg>${closed_title}</arg>
<doc>Runs the given keyword with the given arguments, if ``condition`` is true.</doc>
<status status="PASS" starttime="20220720 22:58:34.514" endtime="20220720 22:58:34.515"/>
</kw>
<status status="PASS" starttime="20220720 22:58:34.472" endtime="20220720 22:58:34.515"/>
</iter>
<iter>
<var name="${a}">&lt;selenium.webdriver.remote.webelement.WebElement (session="fd0c905dc5606e0a79ec28d6729f4dda", element="e35de6a0-8f89-48de-b642-542b0d1b329e")&gt;</var>
<kw name="Get Element Attribute" library="SeleniumLibrary">
<var>${id_parent}</var>
<arg>${a}</arg>
<arg>id</arg>
<doc>Returns the value of ``attribute`` from the element ``locator``.</doc>
<msg timestamp="20220720 22:58:34.526" level="INFO">${id_parent} = ember26-header</msg>
<status status="PASS" starttime="20220720 22:58:34.515" endtime="20220720 22:58:34.526"/>
</kw>
<kw name="Run Keyword And Ignore Error" library="BuiltIn">
<var>${class_views_checker}</var>
<arg>Get Element Attribute</arg>
<arg>//*[@id="${id_parent}"]/td[4]</arg>
<arg>class</arg>
<doc>Runs the given keyword with the given arguments and ignores possible error.</doc>
<kw name="Get Element Attribute" library="SeleniumLibrary">
<arg>//*[@id="${id_parent}"]/td[4]</arg>
<arg>class</arg>
<doc>Returns the value of ``attribute`` from the element ``locator``.</doc>
<msg timestamp="20220720 22:58:34.539" level="FAIL">Element with locator '//*[@id="ember26-header"]/td[4]' not found.</msg>
<status status="FAIL" starttime="20220720 22:58:34.526" endtime="20220720 22:58:34.539"/>
</kw>
<msg timestamp="20220720 22:58:34.540" level="INFO">${class_views_checker} = ('FAIL', 'Element with locator \'//*[@id="ember26-header"]/td[4]\' not found.')</msg>
<status status="PASS" starttime="20220720 22:58:34.526" endtime="20220720 22:58:34.540"/>
</kw>
<kw name="Evaluate" library="BuiltIn">
<var>${contains}</var>
<arg>"heatmap-med" in """${class_views_checker}"""</arg>
<doc>Evaluates the given expression in Python and returns the result.</doc>
<msg timestamp="20220720 22:58:34.540" level="INFO">${contains} = False</msg>
<status status="PASS" starttime="20220720 22:58:34.540" endtime="20220720 22:58:34.540"/>
</kw>
<kw name="Run Keyword And Return Status" library="BuiltIn">
<var>${presence_checker}</var>
<arg>Element Should Be Visible</arg>
<arg>xpath://*[@id="${id_parent}"]/td[1]/span/div/span</arg>
<doc>Runs the given keyword with given arguments and returns the status as a Boolean value.</doc>
<kw name="Element Should Be Visible" library="SeleniumLibrary">
<arg>xpath://*[@id="${id_parent}"]/td[1]/span/div/span</arg>
<doc>Verifies that the element identified by ``locator`` is visible.</doc>
<msg timestamp="20220720 22:58:34.554" level="FAIL">Element with locator 'xpath://*[@id="ember26-header"]/td[1]/span/div/span' not found.</msg>
<status status="FAIL" starttime="20220720 22:58:34.541" endtime="20220720 22:58:34.554"/>
</kw>
<msg timestamp="20220720 22:58:34.554" level="INFO">${presence_checker} = False</msg>
<status status="PASS" starttime="20220720 22:58:34.540" endtime="20220720 22:58:34.554"/>
</kw>
<kw name="Run Keyword If" library="BuiltIn">
<var>${closed_title}</var>
<arg>${presence_checker}</arg>
<arg>Get Text</arg>
<arg>xpath://*[@id="${id_parent}"]/td[1]/span/a</arg>
<doc>Runs the given keyword with the given arguments, if ``condition`` is true.</doc>
<msg timestamp="20220720 22:58:34.555" level="INFO">${closed_title} = None</msg>
<status status="PASS" starttime="20220720 22:58:34.555" endtime="20220720 22:58:34.555"/>
</kw>
<kw name="Run Keyword If" library="BuiltIn">
<var>${title_highest_view}</var>
<arg>${contains}</arg>
<arg>Get Text</arg>
<arg>xpath://*[@id="${id_parent}"]/td[1]/span/a</arg>
<doc>Runs the given keyword with the given arguments, if ``condition`` is true.</doc>
<msg timestamp="20220720 22:58:34.555" level="INFO">${title_highest_view} = None</msg>
<status status="PASS" starttime="20220720 22:58:34.555" endtime="20220720 22:58:34.555"/>
</kw>
<kw name="Run Keyword If" library="BuiltIn">
<arg>${title_highest_view != None}</arg>
<arg>Log to Console</arg>
<arg>The topic with highest number of views is: ${title_highest_view}</arg>
<doc>Runs the given keyword with the given arguments, if ``condition`` is true.</doc>
<status status="PASS" starttime="20220720 22:58:34.556" endtime="20220720 22:58:34.556"/>
</kw>
<kw name="Run Keyword If" library="BuiltIn">
<arg>${closed_title != None}</arg>
<arg>Append To List</arg>
<arg>${list_closed_topics}</arg>
<arg>${closed_title}</arg>
<doc>Runs the given keyword with the given arguments, if ``condition`` is true.</doc>
<status status="PASS" starttime="20220720 22:58:34.557" endtime="20220720 22:58:34.557"/>
</kw>
<status status="PASS" starttime="20220720 22:58:34.515" endtime="20220720 22:58:34.557"/>
</iter>
<iter>
<var name="${a}">&lt;selenium.webdriver.remote.webelement.WebElement (session="fd0c905dc5606e0a79ec28d6729f4dda", element="b87fc2a1-36ef-486d-9d7a-7d7651743a61")&gt;</var>
<kw name="Get Element Attribute" library="SeleniumLibrary">
<var>${id_parent}</var>
<arg>${a}</arg>
<arg>id</arg>
<doc>Returns the value of ``attribute`` from the element ``locator``.</doc>
<msg timestamp="20220720 22:58:34.567" level="INFO">${id_parent} = ember26-body</msg>
<status status="PASS" starttime="20220720 22:58:34.558" endtime="20220720 22:58:34.567"/>
</kw>
<kw name="Run Keyword And Ignore Error" library="BuiltIn">
<var>${class_views_checker}</var>
<arg>Get Element Attribute</arg>
<arg>//*[@id="${id_parent}"]/td[4]</arg>
<arg>class</arg>
<doc>Runs the given keyword with the given arguments and ignores possible error.</doc>
<kw name="Get Element Attribute" library="SeleniumLibrary">
<arg>//*[@id="${id_parent}"]/td[4]</arg>
<arg>class</arg>
<doc>Returns the value of ``attribute`` from the element ``locator``.</doc>
<msg timestamp="20220720 22:58:34.581" level="FAIL">Element with locator '//*[@id="ember26-body"]/td[4]' not found.</msg>
<status status="FAIL" starttime="20220720 22:58:34.568" endtime="20220720 22:58:34.581"/>
</kw>
<msg timestamp="20220720 22:58:34.582" level="INFO">${class_views_checker} = ('FAIL', 'Element with locator \'//*[@id="ember26-body"]/td[4]\' not found.')</msg>
<status status="PASS" starttime="20220720 22:58:34.568" endtime="20220720 22:58:34.582"/>
</kw>
<kw name="Evaluate" library="BuiltIn">
<var>${contains}</var>
<arg>"heatmap-med" in """${class_views_checker}"""</arg>
<doc>Evaluates the given expression in Python and returns the result.</doc>
<msg timestamp="20220720 22:58:34.583" level="INFO">${contains} = False</msg>
<status status="PASS" starttime="20220720 22:58:34.582" endtime="20220720 22:58:34.583"/>
</kw>
<kw name="Run Keyword And Return Status" library="BuiltIn">
<var>${presence_checker}</var>
<arg>Element Should Be Visible</arg>
<arg>xpath://*[@id="${id_parent}"]/td[1]/span/div/span</arg>
<doc>Runs the given keyword with given arguments and returns the status as a Boolean value.</doc>
<kw name="Element Should Be Visible" library="SeleniumLibrary">
<arg>xpath://*[@id="${id_parent}"]/td[1]/span/div/span</arg>
<doc>Verifies that the element identified by ``locator`` is visible.</doc>
<msg timestamp="20220720 22:58:34.596" level="FAIL">Element with locator 'xpath://*[@id="ember26-body"]/td[1]/span/div/span' not found.</msg>
<status status="FAIL" starttime="20220720 22:58:34.583" endtime="20220720 22:58:34.596"/>
</kw>
<msg timestamp="20220720 22:58:34.596" level="INFO">${presence_checker} = False</msg>
<status status="PASS" starttime="20220720 22:58:34.583" endtime="20220720 22:58:34.596"/>
</kw>
<kw name="Run Keyword If" library="BuiltIn">
<var>${closed_title}</var>
<arg>${presence_checker}</arg>
<arg>Get Text</arg>
<arg>xpath://*[@id="${id_parent}"]/td[1]/span/a</arg>
<doc>Runs the given keyword with the given arguments, if ``condition`` is true.</doc>
<msg timestamp="20220720 22:58:34.597" level="INFO">${closed_title} = None</msg>
<status status="PASS" starttime="20220720 22:58:34.597" endtime="20220720 22:58:34.597"/>
</kw>
<kw name="Run Keyword If" library="BuiltIn">
<var>${title_highest_view}</var>
<arg>${contains}</arg>
<arg>Get Text</arg>
<arg>xpath://*[@id="${id_parent}"]/td[1]/span/a</arg>
<doc>Runs the given keyword with the given arguments, if ``condition`` is true.</doc>
<msg timestamp="20220720 22:58:34.597" level="INFO">${title_highest_view} = None</msg>
<status status="PASS" starttime="20220720 22:58:34.597" endtime="20220720 22:58:34.597"/>
</kw>
<kw name="Run Keyword If" library="BuiltIn">
<arg>${title_highest_view != None}</arg>
<arg>Log to Console</arg>
<arg>The topic with highest number of views is: ${title_highest_view}</arg>
<doc>Runs the given keyword with the given arguments, if ``condition`` is true.</doc>
<status status="PASS" starttime="20220720 22:58:34.598" endtime="20220720 22:58:34.598"/>
</kw>
<kw name="Run Keyword If" library="BuiltIn">
<arg>${closed_title != None}</arg>
<arg>Append To List</arg>
<arg>${list_closed_topics}</arg>
<arg>${closed_title}</arg>
<doc>Runs the given keyword with the given arguments, if ``condition`` is true.</doc>
<status status="PASS" starttime="20220720 22:58:34.598" endtime="20220720 22:58:34.599"/>
</kw>
[...]
<doc>Clicks a link identified by ``locator``.</doc>
<msg timestamp="20220720 22:58:55.478" level="INFO">Clicking link '//*[@id="primary"]/div/nav/div/a[3]'.</msg>
<status status="PASS" starttime="20220720 22:58:55.477" endtime="20220720 22:58:58.404"/>
</kw>
<status status="PASS" starttime="20220720 22:58:55.476" endtime="20220720 22:58:58.404"/>
</kw>
<kw name="Get information about Second and Third posts">
<kw name="Get WebElements" library="SeleniumLibrary">
<var>@{get_parent_post_elements}</var>
<arg>xpath://*[contains(@id,'post')]</arg>
<doc>Returns a list of WebElement objects matching the ``locator``.</doc>
<msg timestamp="20220720 22:58:58.484" level="INFO">@{get_parent_post_elements} = [ &lt;selenium.webdriver.remote.webelement.WebElement (session="b57dea68f49d34f9622a05019305da2e", element="5e7dcbb6-d6b4-453f-8298-5a77845e2da0")&gt; | &lt;selenium.webdriver.remote.webelement.WebElement (ses...</msg>
<status status="PASS" starttime="20220720 22:58:58.406" endtime="20220720 22:58:58.484"/>
</kw>
<kw name="Remove From List" library="Collections">
<var>${remove_first_post}</var>
<arg>${get_parent_post_elements}</arg>
<arg>0</arg>
<doc>Removes and returns the value specified with an ``index`` from ``list``.</doc>
<msg timestamp="20220720 22:58:58.484" level="INFO">${remove_first_post} = &lt;selenium.webdriver.remote.webelement.WebElement (session="b57dea68f49d34f9622a05019305da2e", element="5e7dcbb6-d6b4-453f-8298-5a77845e2da0")&gt;</msg>
<status status="PASS" starttime="20220720 22:58:58.484" endtime="20220720 22:58:58.485"/>
</kw>
<kw name="Set Variable" library="BuiltIn">
<var>${index}</var>
<arg>${0}</arg>
<doc>Returns the given values which can then be assigned to a variables.</doc>
<msg timestamp="20220720 22:58:58.485" level="INFO">${index} = 0</msg>
<status status="PASS" starttime="20220720 22:58:58.485" endtime="20220720 22:58:58.485"/>
</kw>
<kw name="Log To Console" library="BuiltIn">
<arg>${\n}</arg>
<doc>Logs the given message to the console.</doc>
<status status="PASS" starttime="20220720 22:58:58.486" endtime="20220720 22:58:58.486"/>
</kw>
<for flavor="IN">
<var>${a}</var>
<value>@{get_parent_post_elements}</value>
<iter>
<var name="${a}">&lt;selenium.webdriver.remote.webelement.WebElement (session="b57dea68f49d34f9622a05019305da2e", element="271e7016-6198-49c1-af72-8ea42b89ca64")&gt;</var>
<kw name="Evaluate" library="BuiltIn">
<var>${index}</var>
<arg>${index}+1</arg>
<doc>Evaluates the given expression in Python and returns the result.</doc>
<msg timestamp="20220720 22:58:58.487" level="INFO">${index} = 1</msg>
<status status="PASS" starttime="20220720 22:58:58.486" endtime="20220720 22:58:58.487"/>
</kw>
<kw name="Get Element Attribute" library="SeleniumLibrary">
<var>${id_parent}</var>
<arg>${a}</arg>
<arg>id</arg>
<doc>Returns the value of ``attribute`` from the element ``locator``.</doc>
<msg timestamp="20220720 22:58:58.505" level="INFO">${id_parent} = post-60190</msg>
<status status="PASS" starttime="20220720 22:58:58.487" endtime="20220720 22:58:58.505"/>
</kw>
<kw name="Run Keyword If" library="BuiltIn">
<var>${second_post_title}</var>
<arg>${index == 1}</arg>
<arg>Get Text</arg>
<arg>xpath://*[@id="${id_parent}"]/div/div/header/h2/a</arg>
<doc>Runs the given keyword with the given arguments, if ``condition`` is true.</doc>
<kw name="Get Text" library="SeleniumLibrary">
<arg>xpath://*[@id="${id_parent}"]/div/div/header/h2/a</arg>
<doc>Returns the text value of the element identified by ``locator``.</doc>
<status status="PASS" starttime="20220720 22:58:58.508" endtime="20220720 22:58:58.762"/>
</kw>
<msg timestamp="20220720 22:58:58.762" level="INFO">${second_post_title} = Pesquisar é preciso: alunos do Mestrado em Design emplacam em publicação Qualis A</msg>
<status status="PASS" starttime="20220720 22:58:58.505" endtime="20220720 22:58:58.762"/>
</kw>
<kw name="Run Keyword If" library="BuiltIn">
<var>${month_second_post_title}</var>
<arg>${index == 1}</arg>
<arg>Get Text</arg>
<arg>xpath://*[@id="${id_parent}"]/div/div/div[1]/a/div/span/time[1]/span[1]</arg>
<doc>Runs the given keyword with the given arguments, if ``condition`` is true.</doc>
<kw name="Get Text" library="SeleniumLibrary">
<arg>xpath://*[@id="${id_parent}"]/div/div/div[1]/a/div/span/time[1]/span[1]</arg>
<doc>Returns the text value of the element identified by ``locator``.</doc>
<status status="PASS" starttime="20220720 22:58:58.763" endtime="20220720 22:58:58.803"/>
</kw>
<msg timestamp="20220720 22:58:58.803" level="INFO">${month_second_post_title} = maio</msg>
<status status="PASS" starttime="20220720 22:58:58.762" endtime="20220720 22:58:58.803"/>
</kw>
<kw name="Run Keyword If" library="BuiltIn">
<var>${day_second_post_title}</var>
<arg>${index == 1}</arg>
<arg>Get Text</arg>
<arg>xpath://*[@id="${id_parent}"]/div/div/div[1]/a/div/span/time[1]/span[2]</arg>
<doc>Runs the given keyword with the given arguments, if ``condition`` is true.</doc>
<kw name="Get Text" library="SeleniumLibrary">
<arg>xpath://*[@id="${id_parent}"]/div/div/div[1]/a/div/span/time[1]/span[2]</arg>
<doc>Returns the text value of the element identified by ``locator``.</doc>
<status status="PASS" starttime="20220720 22:58:58.804" endtime="20220720 22:58:58.836"/>
</kw>
<msg timestamp="20220720 22:58:58.837" level="INFO">${day_second_post_title} = 12</msg>
<status status="PASS" starttime="20220720 22:58:58.803" endtime="20220720 22:58:58.837"/>
</kw>
<kw name="Run Keyword If" library="BuiltIn">
<var>${year_second_post_title}</var>
<arg>${index == 1}</arg>
<arg>Get Text</arg>
<arg>xpath://*[@id="${id_parent}"]/div/div/div[1]/a/div/span/time[1]/span[3]</arg>
<doc>Runs the given keyword with the given arguments, if ``condition`` is true.</doc>
<kw name="Get Text" library="SeleniumLibrary">
<arg>xpath://*[@id="${id_parent}"]/div/div/div[1]/a/div/span/time[1]/span[3]</arg>
<doc>Returns the text value of the element identified by ``locator``.</doc>
<status status="PASS" starttime="20220720 22:58:58.838" endtime="20220720 22:58:58.868"/>
</kw>
<msg timestamp="20220720 22:58:58.868" level="INFO">${year_second_post_title} = 2022</msg>
<status status="PASS" starttime="20220720 22:58:58.837" endtime="20220720 22:58:58.868"/>
</kw>
<kw name="Run Keyword If" library="BuiltIn">
<var>${third_post_title}</var>
<arg>${index == 2}</arg>
<arg>Get Text</arg>
<arg>xpath://*[@id="${id_parent}"]/div/div/header/h2/a</arg>
<doc>Runs the given keyword with the given arguments, if ``condition`` is true.</doc>
<msg timestamp="20220720 22:58:58.869" level="INFO">${third_post_title} = None</msg>
<status status="PASS" starttime="20220720 22:58:58.868" endtime="20220720 22:58:58.869"/>
</kw>
<kw name="Run Keyword If" library="BuiltIn">
<var>${author_post_title}</var>
<arg>${index == 2}</arg>
<arg>Get Text</arg>
<arg>xpath://*[@id="${id_parent}"]/div/div/header/div/span[2]/a/span</arg>
<doc>Runs the given keyword with the given arguments, if ``condition`` is true.</doc>
<msg timestamp="20220720 22:58:58.870" level="INFO">${author_post_title} = None</msg>
<status status="PASS" starttime="20220720 22:58:58.870" endtime="20220720 22:58:58.870"/>
</kw>
<kw name="Run Keyword If" library="BuiltIn">
<arg>${index == 2}</arg>
<arg>Click Link</arg>
<arg>//*[@id="${id_parent}"]/div/div/header/h2/a</arg>
<doc>Runs the given keyword with the given arguments, if ``condition`` is true.</doc>
<status status="PASS" starttime="20220720 22:58:58.871" endtime="20220720 22:58:58.871"/>
</kw>
<kw name="Run Keyword If" library="BuiltIn">
<arg>${index == 1}</arg>
<arg>Log to Console</arg>
<arg>Título do segundo post: ${second_post_title}</arg>
<doc>Runs the given keyword with the given arguments, if ``condition`` is true.</doc>
<kw name="Log To Console" library="BuiltIn">
<arg>Título do segundo post: ${second_post_title}</arg>
<doc>Logs the given message to the console.</doc>
<status status="PASS" starttime="20220720 22:58:58.874" endtime="20220720 22:58:58.875"/>
</kw>
<status status="PASS" starttime="20220720 22:58:58.873" endtime="20220720 22:58:58.875"/>
</kw>
<kw name="Run Keyword If" library="BuiltIn">
<arg>${index == 1}</arg>
<arg>Log to Console</arg>
<arg>Data do segundo post: ${day_second_post_title}/${month_second_post_title}/${year_second_post_title}</arg>
<doc>Runs the given keyword with the given arguments, if ``condition`` is true.</doc>
<kw name="Log To Console" library="BuiltIn">
<arg>Data do segundo post: ${day_second_post_title}/${month_second_post_title}/${year_second_post_title}</arg>
<doc>Logs the given message to the console.</doc>
<status status="PASS" starttime="20220720 22:58:58.876" endtime="20220720 22:58:58.877"/>
</kw>
<status status="PASS" starttime="20220720 22:58:58.875" endtime="20220720 22:58:58.877"/>
</kw>
<kw name="Run Keyword If" library="BuiltIn">
<arg>${index == 2}</arg>
<arg>Log to Console</arg>
<arg>Título do terceito post: ${third_post_title}</arg>
<doc>Runs the given keyword with the given arguments, if ``condition`` is true.</doc>
<status status="PASS" starttime="20220720 22:58:58.877" endtime="20220720 22:58:58.878"/>
</kw>
<kw name="Run Keyword If" library="BuiltIn">
<arg>${index == 2}</arg>
<arg>Log to Console</arg>
<arg>Autor do terceito post: ${author_post_title}</arg>
<doc>Runs the given keyword with the given arguments, if ``condition`` is true.</doc>
<status status="PASS" starttime="20220720 22:58:58.878" endtime="20220720 22:58:58.879"/>
</kw>
<if>
<branch type="IF" condition="${index == 2}">
<break>
<status status="NOT RUN" starttime="20220720 22:58:58.880" endtime="20220720 22:58:58.880"/>
</break>
<status status="NOT RUN" starttime="20220720 22:58:58.879" endtime="20220720 22:58:58.880"/>
</branch>
<status status="PASS" starttime="20220720 22:58:58.879" endtime="20220720 22:58:58.880"/>
</if>
<status status="PASS" starttime="20220720 22:58:58.486" endtime="20220720 22:58:58.880"/>
</iter>
<iter>
<var name="${a}">&lt;selenium.webdriver.remote.webelement.WebElement (session="b57dea68f49d34f9622a05019305da2e", element="72e6a10b-f3b7-47bc-bd28-7a925aa28398")&gt;</var>
<kw name="Evaluate" library="BuiltIn">
<var>${index}</var>
<arg>${index}+1</arg>
<doc>Evaluates the given expression in Python and returns the result.</doc>
<msg timestamp="20220720 22:58:58.881" level="INFO">${index} = 2</msg>
<status status="PASS" starttime="20220720 22:58:58.880" endtime="20220720 22:58:58.881"/>
</kw>
<kw name="Get Element Attribute" library="SeleniumLibrary">
<var>${id_parent}</var>
<arg>${a}</arg>
<arg>id</arg>
<doc>Returns the value of ``attribute`` from the element ``locator``.</doc>
<msg timestamp="20220720 22:58:58.904" level="INFO">${id_parent} = post-59799</msg>
<status status="PASS" starttime="20220720 22:58:58.881" endtime="20220720 22:58:58.904"/>
</kw>
<kw name="Run Keyword If" library="BuiltIn">
<var>${second_post_title}</var>
<arg>${index == 1}</arg>
<arg>Get Text</arg>
<arg>xpath://*[@id="${id_parent}"]/div/div/header/h2/a</arg>
<doc>Runs the given keyword with the given arguments, if ``condition`` is true.</doc>
<msg timestamp="20220720 22:58:58.908" level="INFO">${second_post_title} = None</msg>
<status status="PASS" starttime="20220720 22:58:58.904" endtime="20220720 22:58:58.908"/>
</kw>
<kw name="Run Keyword If" library="BuiltIn">
<var>${month_second_post_title}</var>
<arg>${index == 1}</arg>
<arg>Get Text</arg>
<arg>xpath://*[@id="${id_parent}"]/div/div/div[1]/a/div/span/time[1]/span[1]</arg>
<doc>Runs the given keyword with the given arguments, if ``condition`` is true.</doc>
<msg timestamp="20220720 22:58:58.912" level="INFO">${month_second_post_title} = None</msg>
<status status="PASS" starttime="20220720 22:58:58.908" endtime="20220720 22:58:58.912"/>
</kw>
<kw name="Run Keyword If" library="BuiltIn">
<var>${day_second_post_title}</var>
<arg>${index == 1}</arg>
<arg>Get Text</arg>
<arg>xpath://*[@id="${id_parent}"]/div/div/div[1]/a/div/span/time[1]/span[2]</arg>
<doc>Runs the given keyword with the given arguments, if ``condition`` is true.</doc>
<msg timestamp="20220720 22:58:58.915" level="INFO">${day_second_post_title} = None</msg>
<status status="PASS" starttime="20220720 22:58:58.913" endtime="20220720 22:58:58.915"/>
</kw>
<kw name="Run Keyword If" library="BuiltIn">
<var>${year_second_post_title}</var>
<arg>${index == 1}</arg>
<arg>Get Text</arg>
<arg>xpath://*[@id="${id_parent}"]/div/div/div[1]/a/div/span/time[1]/span[3]</arg>
<doc>Runs the given keyword with the given arguments, if ``condition`` is true.</doc>
<msg timestamp="20220720 22:58:58.918" level="INFO">${year_second_post_title} = None</msg>
<status status="PASS" starttime="20220720 22:58:58.916" endtime="20220720 22:58:58.918"/>
</kw>
<kw name="Run Keyword If" library="BuiltIn">
<var>${third_post_title}</var>
<arg>${index == 2}</arg>
<arg>Get Text</arg>
<arg>xpath://*[@id="${id_parent}"]/div/div/header/h2/a</arg>
<doc>Runs the given keyword with the given arguments, if ``condition`` is true.</doc>
<kw name="Get Text" library="SeleniumLibrary">
<arg>xpath://*[@id="${id_parent}"]/div/div/header/h2/a</arg>
<doc>Returns the text value of the element identified by ``locator``.</doc>
<status status="PASS" starttime="20220720 22:58:58.922" endtime="20220720 22:58:58.978"/>
</kw>
<msg timestamp="20220720 22:58:58.978" level="INFO">${third_post_title} = Grupo de Computação Física da CESAR School com resultado expressivo na IoT Student Contest</msg>
<status status="PASS" starttime="20220720 22:58:58.918" endtime="20220720 22:58:58.978"/>
</kw>
<kw name="Run Keyword If" library="BuiltIn">
<var>${author_post_title}</var>
<arg>${index == 2}</arg>
<arg>Get Text</arg>
<arg>xpath://*[@id="${id_parent}"]/div/div/header/div/span[2]/a/span</arg>
<doc>Runs the given keyword with the given arguments, if ``condition`` is true.</doc>
<kw name="Get Text" library="SeleniumLibrary">
<arg>xpath://*[@id="${id_parent}"]/div/div/header/div/span[2]/a/span</arg>
<doc>Returns the text value of the element identified by ``locator``.</doc>
<status status="PASS" starttime="20220720 22:58:58.980" endtime="20220720 22:58:59.024"/>
</kw>
<msg timestamp="20220720 22:58:59.024" level="INFO">${author_post_title} = Comunicação School</msg>
<status status="PASS" starttime="20220720 22:58:58.979" endtime="20220720 22:58:59.025"/>
</kw>
<kw name="Run Keyword If" library="BuiltIn">
<arg>${index == 2}</arg>
<arg>Click Link</arg>
<arg>//*[@id="${id_parent}"]/div/div/header/h2/a</arg>
<doc>Runs the given keyword with the given arguments, if ``condition`` is true.</doc>
<kw name="Click Link" library="SeleniumLibrary">
<arg>//*[@id="${id_parent}"]/div/div/header/h2/a</arg>
<doc>Clicks a link identified by ``locator``.</doc>
<msg timestamp="20220720 22:58:59.027" level="INFO">Clicking link '//*[@id="post-59799"]/div/div/header/h2/a'.</msg>
<status status="PASS" starttime="20220720 22:58:59.026" endtime="20220720 22:59:01.569"/>
</kw>
<status status="PASS" starttime="20220720 22:58:59.025" endtime="20220720 22:59:01.569"/>
</kw>
<kw name="Run Keyword If" library="BuiltIn">
<arg>${index == 1}</arg>
<arg>Log to Console</arg>
<arg>Título do segundo post: ${second_post_title}</arg>
<doc>Runs the given keyword with the given arguments, if ``condition`` is true.</doc>
<status status="PASS" starttime="20220720 22:59:01.569" endtime="20220720 22:59:01.570"/>
</kw>
<kw name="Run Keyword If" library="BuiltIn">
<arg>${index == 1}</arg>
<arg>Log to Console</arg>
<arg>Data do segundo post: ${day_second_post_title}/${month_second_post_title}/${year_second_post_title}</arg>
<doc>Runs the given keyword with the given arguments, if ``condition`` is true.</doc>
<status status="PASS" starttime="20220720 22:59:01.570" endtime="20220720 22:59:01.572"/>
</kw>
<kw name="Run Keyword If" library="BuiltIn">
<arg>${index == 2}</arg>
<arg>Log to Console</arg>
<arg>Título do terceito post: ${third_post_title}</arg>
<doc>Runs the given keyword with the given arguments, if ``condition`` is true.</doc>
<kw name="Log To Console" library="BuiltIn">
<arg>Título do terceito post: ${third_post_title}</arg>
<doc>Logs the given message to the console.</doc>
<status status="PASS" starttime="20220720 22:59:01.574" endtime="20220720 22:59:01.575"/>
</kw>
<status status="PASS" starttime="20220720 22:59:01.572" endtime="20220720 22:59:01.575"/>
</kw>
<kw name="Run Keyword If" library="BuiltIn">
<arg>${index == 2}</arg>
<arg>Log to Console</arg>
<arg>Autor do terceito post: ${author_post_title}</arg>
<doc>Runs the given keyword with the given arguments, if ``condition`` is true.</doc>
<kw name="Log To Console" library="BuiltIn">
<arg>Autor do terceito post: ${author_post_title}</arg>
<doc>Logs the given message to the console.</doc>
<status status="PASS" starttime="20220720 22:59:01.577" endtime="20220720 22:59:01.577"/>
</kw>
<status status="PASS" starttime="20220720 22:59:01.575" endtime="20220720 22:59:01.577"/>
</kw>
<if>
<branch type="IF" condition="${index == 2}">
<break>
<status status="PASS" starttime="20220720 22:59:01.578" endtime="20220720 22:59:01.578"/>
</break>
<status status="PASS" starttime="20220720 22:59:01.578" endtime="20220720 22:59:01.579"/>
</branch>
<status status="PASS" starttime="20220720 22:59:01.577" endtime="20220720 22:59:01.579"/>
</if>
<status status="PASS" starttime="20220720 22:58:58.880" endtime="20220720 22:59:01.579"/>
</iter>
<status status="PASS" starttime="20220720 22:58:58.486" endtime="20220720 22:59:01.579"/>
</for>
<status status="PASS" starttime="20220720 22:58:58.405" endtime="20220720 22:59:01.579"/>
</kw>
<kw name="Scroll down">
<kw name="Execute Javascript" library="SeleniumLibrary">
<arg>window.scrollTo(0, document.body.scrollHeight)</arg>
<doc>Executes the given JavaScript code with possible arguments.</doc>
<msg timestamp="20220720 22:59:01.582" level="INFO">Executing JavaScript:
window.scrollTo(0, document.body.scrollHeight)
Without any arguments.</msg>
<status status="PASS" starttime="20220720 22:59:01.580" endtime="20220720 22:59:01.626"/>
</kw>
<status status="PASS" starttime="20220720 22:59:01.580" endtime="20220720 22:59:01.626"/>
</kw>
<kw name="Get School address">
<kw name="Get WebElements" library="SeleniumLibrary">
<var>${where}</var>
<arg>xpath://*[@class="onde"]/p</arg>
<doc>Returns a list of WebElement objects matching the ``locator``.</doc>
<msg timestamp="20220720 22:59:01.686" level="INFO">${where} = [&lt;selenium.webdriver.remote.webelement.WebElement (session="b57dea68f49d34f9622a05019305da2e", element="d482ee31-17ac-4342-8bfd-3dbf6a5b800a")&gt;]</msg>
<status status="PASS" starttime="20220720 22:59:01.628" endtime="20220720 22:59:01.686"/>
</kw>
<kw name="Get Text" library="SeleniumLibrary">
<var>${address_school}</var>
<arg>${where}</arg>
<doc>Returns the text value of the element identified by ``locator``.</doc>
<msg timestamp="20220720 22:59:01.711" level="INFO">${address_school} = Rua Bione, Cais do Apolo, 220, Recife - PE, 50030-390</msg>
<status status="PASS" starttime="20220720 22:59:01.687" endtime="20220720 22:59:01.711"/>
</kw>
<kw name="Log To Console" library="BuiltIn">
<arg>Endereço do School: ${address_school}</arg>
<doc>Logs the given message to the console.</doc>
<status status="PASS" starttime="20220720 22:59:01.711" endtime="20220720 22:59:01.711"/>
</kw>
<status status="PASS" starttime="20220720 22:59:01.627" endtime="20220720 22:59:01.712"/>
</kw>
<kw name="Close Browser" library="SeleniumLibrary" type="TEARDOWN">
<doc>Closes the current browser.</doc>
<status status="PASS" starttime="20220720 22:59:01.713" endtime="20220720 22:59:01.890"/>
</kw>
<tag>test2</tag>
<status status="PASS" starttime="20220720 22:58:38.093" endtime="20220720 22:59:01.890"/>
</test>
<status status="PASS" starttime="20220720 22:58:22.650" endtime="20220720 22:59:01.891"/>
</suite>
<statistics>
<total>
<stat pass="2" fail="0" skip="0">All Tests</stat>
</total>
<tag>
<stat pass="1" fail="0" skip="0">test1</stat>
<stat pass="1" fail="0" skip="0">test2</stat>
</tag>
<suite>
<stat pass="2" fail="0" skip="0" id="s1" name="Test">Test</stat>
</suite>
</statistics>
<errors>
</errors>
</robot>
