<?xml version="1.0" encoding="UTF-8"?>
<robot generator="Robot 5.0.1 (Python 3.9.13 on darwin)" generated="20220720 22:53:48.287" rpa="false" schemaversion="3">
<suite id="s1" name="Test" source="/Users/douglascosta/Desktop/Automation_Task/Automation/test.robot">
<test id="s1-t1" name="Automation_Task_1" line="13">
<kw name="Initial steps task1">
<kw name="Open Browser" library="SeleniumLibrary">
<arg>https://www.discourse.org/</arg>
<arg>chrome</arg>
<doc>Opens a new browser instance to the optional ``url``.</doc>
<msg timestamp="20220720 22:53:48.513" level="INFO">Opening browser 'chrome' to base url 'https://www.discourse.org/'.</msg>
<status status="PASS" starttime="20220720 22:53:48.513" endtime="20220720 22:53:52.925"/>
</kw>
<kw name="Maximize Browser Window" library="SeleniumLibrary">
<doc>Maximizes current browser window.</doc>
<status status="PASS" starttime="20220720 22:53:52.926" endtime="20220720 22:53:53.220"/>
</kw>
<status status="PASS" starttime="20220720 22:53:48.512" endtime="20220720 22:53:53.220"/>
</kw>
<kw name="Go to Demo Page">
<kw name="Click Link" library="SeleniumLibrary">
<arg>xpath=/html/body/nav/div/ul/li[4]/a</arg>
<doc>Clicks a link identified by ``locator``.</doc>
<msg timestamp="20220720 22:53:53.221" level="INFO">Clicking link 'xpath=/html/body/nav/div/ul/li[4]/a'.</msg>
<status status="PASS" starttime="20220720 22:53:53.221" endtime="20220720 22:53:53.385"/>
</kw>
<kw name="Switch Window" library="SeleniumLibrary">
<arg>title:Demo</arg>
<doc>Switches to browser window matching ``locator``.</doc>
<status status="PASS" starttime="20220720 22:53:53.385" endtime="20220720 22:53:55.455"/>
</kw>
<status status="PASS" starttime="20220720 22:53:53.220" endtime="20220720 22:53:55.455"/>
</kw>
<kw name="Scroll down">
<kw name="Execute Javascript" library="SeleniumLibrary">
<arg>window.scrollTo(0, document.body.scrollHeight)</arg>
<doc>Executes the given JavaScript code with possible arguments.</doc>
<msg timestamp="20220720 22:53:55.456" level="INFO">Executing JavaScript:
window.scrollTo(0, document.body.scrollHeight)
Without any arguments.</msg>
<status status="PASS" starttime="20220720 22:53:55.456" endtime="20220720 22:53:55.461"/>
</kw>
<status status="PASS" starttime="20220720 22:53:55.455" endtime="20220720 22:53:55.462"/>
</kw>
<kw name="Sleep" library="BuiltIn">
<arg>2</arg>
<doc>Pauses the test executed for the given time.</doc>
<msg timestamp="20220720 22:53:57.465" level="INFO">Slept 2 seconds</msg>
<status status="PASS" starttime="20220720 22:53:55.462" endtime="20220720 22:53:57.466"/>
</kw>
<kw name="Scroll down">
<kw name="Execute Javascript" library="SeleniumLibrary">
<arg>window.scrollTo(0, document.body.scrollHeight)</arg>
<doc>Executes the given JavaScript code with possible arguments.</doc>
<msg timestamp="20220720 22:53:57.469" level="INFO">Executing JavaScript:
window.scrollTo(0, document.body.scrollHeight)
Without any arguments.</msg>
<status status="PASS" starttime="20220720 22:53:57.468" endtime="20220720 22:53:57.479"/>
</kw>
<status status="PASS" starttime="20220720 22:53:57.466" endtime="20220720 22:53:57.479"/>
</kw>
<kw name="Sleep" library="BuiltIn">
<arg>2</arg>
<doc>Pauses the test executed for the given time.</doc>
<msg timestamp="20220720 22:53:59.480" level="INFO">Slept 2 seconds</msg>
<status status="PASS" starttime="20220720 22:53:57.479" endtime="20220720 22:53:59.481"/>
</kw>
<kw name="Get Closed Titles and Post with Highest Number of views">
<kw name="Get WebElements" library="SeleniumLibrary">
<var>@{get_parent_elements}</var>
<arg>xpath://*[contains(@id,'ember')]</arg>
<doc>Returns a list of WebElement objects matching the ``locator``.</doc>
<msg timestamp="20220720 22:53:59.508" level="INFO">@{get_parent_elements} = [ &lt;selenium.webdriver.remote.webelement.WebElement (session="8191c74f8e019e3a2ca1357051edfe9a", element="4e9348bb-9f36-4d01-ac5e-9f557c3c1cce")&gt; | &lt;selenium.webdriver.remote.webelement.WebElement (ses...</msg>
<status status="PASS" starttime="20220720 22:53:59.482" endtime="20220720 22:53:59.509"/>
</kw>
<kw name="Log To Console" library="BuiltIn">
<arg>${\n}</arg>
<doc>Logs the given message to the console.</doc>
<status status="PASS" starttime="20220720 22:53:59.509" endtime="20220720 22:53:59.509"/>
</kw>
<for flavor="IN">
<var>${a}</var>
<value>@{get_parent_elements}</value>
<iter>
<var name="${a}">&lt;selenium.webdriver.remote.webelement.WebElement (session="8191c74f8e019e3a2ca1357051edfe9a", element="4e9348bb-9f36-4d01-ac5e-9f557c3c1cce")&gt;</var>
<kw name="Get Element Attribute" library="SeleniumLibrary">
<var>${id_parent}</var>
<arg>${a}</arg>
<arg>id</arg>
<doc>Returns the value of ``attribute`` from the element ``locator``.</doc>
<msg timestamp="20220720 22:53:59.536" level="INFO">${id_parent} = ember4</msg>
<status status="PASS" starttime="20220720 22:53:59.511" endtime="20220720 22:53:59.536"/>
</kw>
<kw name="Run Keyword And Ignore Error" library="BuiltIn">
<var>${class_views_checker}</var>
<arg>Get Element Attribute</arg>
<arg>//*[@id="${id_parent}"]/td[4]</arg>
<arg>class</arg>
<doc>Runs the given keyword with the given arguments and ignores possible error.</doc>
<kw name="Get Element Attribute" library="SeleniumLibrary">
<arg>//*[@id="${id_parent}"]/td[4]</arg>
<arg>class</arg>
<doc>Returns the value of ``attribute`` from the element ``locator``.</doc>
<msg timestamp="20220720 22:53:59.559" level="FAIL">Element with locator '//*[@id="ember4"]/td[4]' not found.</msg>
<status status="FAIL" starttime="20220720 22:53:59.537" endtime="20220720 22:53:59.566"/>
</kw>
<msg timestamp="20220720 22:53:59.566" level="INFO">${class_views_checker} = ('FAIL', 'Element with locator \'//*[@id="ember4"]/td[4]\' not found.')</msg>
<status status="PASS" starttime="20220720 22:53:59.536" endtime="20220720 22:53:59.567"/>
</kw>
<kw name="Evaluate" library="BuiltIn">
<var>${contains}</var>
<arg>"heatmap-med" in """${class_views_checker}"""</arg>
<doc>Evaluates the given expression in Python and returns the result.</doc>
<msg timestamp="20220720 22:53:59.568" level="INFO">${contains} = False</msg>
<status status="PASS" starttime="20220720 22:53:59.567" endtime="20220720 22:53:59.568"/>
</kw>
<kw name="Run Keyword And Return Status" library="BuiltIn">
<var>${presence_checker}</var>
<arg>Element Should Be Visible</arg>
<arg>xpath://*[@id="${id_parent}"]/td[1]/span/div/span</arg>
<doc>Runs the given keyword with given arguments and returns the status as a Boolean value.</doc>
<kw name="Element Should Be Visible" library="SeleniumLibrary">
<arg>xpath://*[@id="${id_parent}"]/td[1]/span/div/span</arg>
<doc>Verifies that the element identified by ``locator`` is visible.</doc>
<msg timestamp="20220720 22:53:59.590" level="FAIL">Element with locator 'xpath://*[@id="ember4"]/td[1]/span/div/span' not found.</msg>
<status status="FAIL" starttime="20220720 22:53:59.570" endtime="20220720 22:53:59.591"/>
</kw>
<msg timestamp="20220720 22:53:59.591" level="INFO">${presence_checker} = False</msg>
<status status="PASS" starttime="20220720 22:53:59.569" endtime="20220720 22:53:59.591"/>
</kw>
<kw name="Run Keyword If" library="BuiltIn">
<var>${closed_title}</var>
<arg>${presence_checker}</arg>
<arg>Get Text</arg>
<arg>xpath://*[@id="${id_parent}"]/td[1]/span/a</arg>
<doc>Runs the given keyword with the given arguments, if ``condition`` is true.</doc>
<msg timestamp="20220720 22:53:59.593" level="INFO">${closed_title} = None</msg>
<status status="PASS" starttime="20220720 22:53:59.592" endtime="20220720 22:53:59.593"/>
</kw>
<kw name="Run Keyword If" library="BuiltIn">
<var>${title_highest_view}</var>
<arg>${contains}</arg>
<arg>Get Text</arg>
<arg>xpath://*[@id="${id_parent}"]/td[1]/span/a</arg>
<doc>Runs the given keyword with the given arguments, if ``condition`` is true.</doc>
<msg timestamp="20220720 22:53:59.595" level="INFO">${title_highest_view} = None</msg>
<status status="PASS" starttime="20220720 22:53:59.594" endtime="20220720 22:53:59.595"/>
</kw>
<kw name="Run Keyword If" library="BuiltIn">
<arg>${title_highest_view != None}</arg>
<arg>Log to Console</arg>
<arg>The topic with highest number of views is: ${title_highest_view}</arg>
<doc>Runs the given keyword with the given arguments, if ``condition`` is true.</doc>
<status status="PASS" starttime="20220720 22:53:59.595" endtime="20220720 22:53:59.600"/>
</kw>
<kw name="Run Keyword If" library="BuiltIn">
<arg>${closed_title != None}</arg>
<arg>Append To List</arg>
<arg>${list_closed_topics}</arg>
<arg>${closed_title}</arg>
<doc>Runs the given keyword with the given arguments, if ``condition`` is true.</doc>
<status status="PASS" starttime="20220720 22:53:59.601" endtime="20220720 22:53:59.603"/>
</kw>
<status status="PASS" starttime="20220720 22:53:59.510" endtime="20220720 22:53:59.603"/>
</iter>
<iter>
<var name="${a}">&lt;selenium.webdriver.remote.webelement.WebElement (session="8191c74f8e019e3a2ca1357051edfe9a", element="64e33922-aade-49fb-8ee4-98f505205165")&gt;</var>
<kw name="Get Element Attribute" library="SeleniumLibrary">
<var>${id_parent}</var>
<arg>${a}</arg>
<arg>id</arg>
<doc>Returns the value of ``attribute`` from the element ``locator``.</doc>
<msg timestamp="20220720 22:53:59.623" level="INFO">${id_parent} = ember7</msg>
<status status="PASS" starttime="20220720 22:53:59.603" endtime="20220720 22:53:59.624"/>
</kw>
<kw name="Run Keyword And Ignore Error" library="BuiltIn">
<var>${class_views_checker}</var>
<arg>Get Element Attribute</arg>
<arg>//*[@id="${id_parent}"]/td[4]</arg>
<arg>class</arg>
<doc>Runs the given keyword with the given arguments and ignores possible error.</doc>
<kw name="Get Element Attribute" library="SeleniumLibrary">
<arg>//*[@id="${id_parent}"]/td[4]</arg>
<arg>class</arg>
<doc>Returns the value of ``attribute`` from the element ``locator``.</doc>
<msg timestamp="20220720 22:53:59.650" level="FAIL">Element with locator '//*[@id="ember7"]/td[4]' not found.</msg>
<status status="FAIL" starttime="20220720 22:53:59.625" endtime="20220720 22:53:59.650"/>
</kw>
<msg timestamp="20220720 22:53:59.651" level="INFO">${class_views_checker} = ('FAIL', 'Element with locator \'//*[@id="ember7"]/td[4]\' not found.')</msg>
<status status="PASS" starttime="20220720 22:53:59.624" endtime="20220720 22:53:59.651"/>
</kw>
<kw name="Evaluate" library="BuiltIn">
<var>${contains}</var>
<arg>"heatmap-med" in """${class_views_checker}"""</arg>
<doc>Evaluates the given expression in Python and returns the result.</doc>
<msg timestamp="20220720 22:53:59.651" level="INFO">${contains} = False</msg>
<status status="PASS" starttime="20220720 22:53:59.651" endtime="20220720 22:53:59.652"/>
</kw>
<kw name="Run Keyword And Return Status" library="BuiltIn">
<var>${presence_checker}</var>
<arg>Element Should Be Visible</arg>
<arg>xpath://*[@id="${id_parent}"]/td[1]/span/div/span</arg>
<doc>Runs the given keyword with given arguments and returns the status as a Boolean value.</doc>
<kw name="Element Should Be Visible" library="SeleniumLibrary">
<arg>xpath://*[@id="${id_parent}"]/td[1]/span/div/span</arg>
<doc>Verifies that the element identified by ``locator`` is visible.</doc>
<msg timestamp="20220720 22:53:59.665" level="FAIL">Element with locator 'xpath://*[@id="ember7"]/td[1]/span/div/span' not found.</msg>
<status status="FAIL" starttime="20220720 22:53:59.652" endtime="20220720 22:53:59.665"/>
</kw>
<msg timestamp="20220720 22:53:59.665" level="INFO">${presence_checker} = False</msg>
<status status="PASS" starttime="20220720 22:53:59.652" endtime="20220720 22:53:59.666"/>
</kw>
<kw name="Run Keyword If" library="BuiltIn">
<var>${closed_title}</var>
<arg>${presence_checker}</arg>
<arg>Get Text</arg>
<arg>xpath://*[@id="${id_parent}"]/td[1]/span/a</arg>
<doc>Runs the given keyword with the given arguments, if ``condition`` is true.</doc>
<msg timestamp="20220720 22:53:59.666" level="INFO">${closed_title} = None</msg>
<status status="PASS" starttime="20220720 22:53:59.666" endtime="20220720 22:53:59.666"/>
</kw>
<kw name="Run Keyword If" library="BuiltIn">
<var>${title_highest_view}</var>
<arg>${contains}</arg>
<arg>Get Text</arg>
<arg>xpath://*[@id="${id_parent}"]/td[1]/span/a</arg>
<doc>Runs the given keyword with the given arguments, if ``condition`` is true.</doc>
<msg timestamp="20220720 22:53:59.666" level="INFO">${title_highest_view} = None</msg>
<status status="PASS" starttime="20220720 22:53:59.666" endtime="20220720 22:53:59.666"/>
</kw>
<kw name="Run Keyword If" library="BuiltIn">
<arg>${title_highest_view != None}</arg>
<arg>Log to Console</arg>
<arg>The topic with highest number of views is: ${title_highest_view}</arg>
<doc>Runs the given keyword with the given arguments, if ``condition`` is true.</doc>
<status status="PASS" starttime="20220720 22:53:59.667" endtime="20220720 22:53:59.667"/>
</kw>
<kw name="Run Keyword If" library="BuiltIn">
<arg>${closed_title != None}</arg>
<arg>Append To List</arg>
<arg>${list_closed_topics}</arg>
<arg>${closed_title}</arg>
<doc>Runs the given keyword with the given arguments, if ``condition`` is true.</doc>
<status status="PASS" starttime="20220720 22:53:59.667" endtime="20220720 22:53:59.668"/>
</kw>
<status status="PASS" starttime="20220720 22:53:59.603" endtime="20220720 22:53:59.668"/>
</iter>
<iter>
<var name="${a}">&lt;selenium.webdriver.remote.webelement.WebElement (session="8191c74f8e019e3a2ca1357051edfe9a", element="cd6e97aa-dc60-4106-aaad-217f3d0293e8")&gt;</var>
<kw name="Get Element Attribute" library="SeleniumLibrary">
<var>${id_parent}</var>
<arg>${a}</arg>
<arg>id</arg>
<doc>Returns the value of ``attribute`` from the element ``locator``.</doc>
<msg timestamp="20220720 22:53:59.677" level="INFO">${id_parent} = ember11</msg>
<status status="PASS" starttime="20220720 22:53:59.668" endtime="20220720 22:53:59.677"/>
</kw>
<kw name="Run Keyword And Ignore Error" library="BuiltIn">
<var>${class_views_checker}</var>
<arg>Get Element Attribute</arg>
<arg>//*[@id="${id_parent}"]/td[4]</arg>
<arg>class</arg>
<doc>Runs the given keyword with the given arguments and ignores possible error.</doc>
<kw name="Get Element Attribute" library="SeleniumLibrary">
<arg>//*[@id="${id_parent}"]/td[4]</arg>
<arg>class</arg>
<doc>Returns the value of ``attribute`` from the element ``locator``.</doc>
<msg timestamp="20220720 22:53:59.690" level="FAIL">Element with locator '//*[@id="ember11"]/td[4]' not found.</msg>
<status status="FAIL" starttime="20220720 22:53:59.678" endtime="20220720 22:53:59.690"/>
</kw>
<msg timestamp="20220720 22:53:59.690" level="INFO">${class_views_checker} = ('FAIL', 'Element with locator \'//*[@id="ember11"]/td[4]\' not found.')</msg>
<status status="PASS" starttime="20220720 22:53:59.677" endtime="20220720 22:53:59.690"/>
</kw>
<kw name="Evaluate" library="BuiltIn">
<var>${contains}</var>
<arg>"heatmap-med" in """${class_views_checker}"""</arg>
<doc>Evaluates the given expression in Python and returns the result.</doc>
<msg timestamp="20220720 22:53:59.691" level="INFO">${contains} = False</msg>
<status status="PASS" starttime="20220720 22:53:59.690" endtime="20220720 22:53:59.691"/>
</kw>
<kw name="Run Keyword And Return Status" library="BuiltIn">
<var>${presence_checker}</var>
<arg>Element Should Be Visible</arg>
<arg>xpath://*[@id="${id_parent}"]/td[1]/span/div/span</arg>
<doc>Runs the given keyword with given arguments and returns the status as a Boolean value.</doc>
<kw name="Element Should Be Visible" library="SeleniumLibrary">
<arg>xpath://*[@id="${id_parent}"]/td[1]/span/div/span</arg>
<doc>Verifies that the element identified by ``locator`` is visible.</doc>
<msg timestamp="20220720 22:53:59.703" level="FAIL">Element with locator 'xpath://*[@id="ember11"]/td[1]/span/div/span' not found.</msg>
<status status="FAIL" starttime="20220720 22:53:59.691" endtime="20220720 22:53:59.703"/>
</kw>
<msg timestamp="20220720 22:53:59.703" level="INFO">${presence_checker} = False</msg>
<status status="PASS" starttime="20220720 22:53:59.691" endtime="20220720 22:53:59.703"/>
</kw>
<kw name="Run Keyword If" library="BuiltIn">
<var>${closed_title}</var>
<arg>${presence_checker}</arg>
<arg>Get Text</arg>
<arg>xpath://*[@id="${id_parent}"]/td[1]/span/a</arg>
<doc>Runs the given keyword with the given arguments, if ``condition`` is true.</doc>
<msg timestamp="20220720 22:53:59.704" level="INFO">${closed_title} = None</msg>
<status status="PASS" starttime="20220720 22:53:59.704" endtime="20220720 22:53:59.704"/>
</kw>
<kw name="Run Keyword If" library="BuiltIn">
<var>${title_highest_view}</var>
<arg>${contains}</arg>
<arg>Get Text</arg>
<arg>xpath://*[@id="${id_parent}"]/td[1]/span/a</arg>
<doc>Runs the given keyword with the given arguments, if ``condition`` is true.</doc>
<msg timestamp="20220720 22:53:59.705" level="INFO">${title_highest_view} = None</msg>
<status status="PASS" starttime="20220720 22:53:59.704" endtime="20220720 22:53:59.705"/>
</kw>
<kw name="Run Keyword If" library="BuiltIn">
<arg>${title_highest_view != None}</arg>
<arg>Log to Console</arg>
<arg>The topic with highest number of views is: ${title_highest_view}</arg>
<doc>Runs the given keyword with the given arguments, if ``condition`` is true.</doc>
<status status="PASS" starttime="20220720 22:53:59.705" endtime="20220720 22:53:59.705"/>
</kw>
<kw name="Run Keyword If" library="BuiltIn">
<arg>${closed_title != None}</arg>
<arg>Append To List</arg>
<arg>${list_closed_topics}</arg>
<arg>${closed_title}</arg>
<doc>Runs the given keyword with the given arguments, if ``condition`` is true.</doc>
<status status="PASS" starttime="20220720 22:53:59.705" endtime="20220720 22:53:59.706"/>
</kw>
<status status="PASS" starttime="20220720 22:53:59.668" endtime="20220720 22:53:59.706"/>
</iter>
<iter>
<var name="${a}">&lt;selenium.webdriver.remote.webelement.WebElement (session="8191c74f8e019e3a2ca1357051edfe9a", element="f4510261-3fd3-477a-85e5-99d483e2cc1e")&gt;</var>
<kw name="Get Element Attribute" library="SeleniumLibrary">
<var>${id_parent}</var>
<arg>${a}</arg>
<arg>id</arg>
<doc>Returns the value of ``attribute`` from the element ``locator``.</doc>
<msg timestamp="20220720 22:53:59.715" level="INFO">${id_parent} = ember12</msg>
<status status="PASS" starttime="20220720 22:53:59.706" endtime="20220720 22:53:59.716"/>
</kw>
<kw name="Run Keyword And Ignore Error" library="BuiltIn">
<var>${class_views_checker}</var>
<arg>Get Element Attribute</arg>
<arg>//*[@id="${id_parent}"]/td[4]</arg>
<arg>class</arg>
<doc>Runs the given keyword with the given arguments and ignores possible error.</doc>
<kw name="Get Element Attribute" library="SeleniumLibrary">
<arg>//*[@id="${id_parent}"]/td[4]</arg>
<arg>class</arg>
<doc>Returns the value of ``attribute`` from the element ``locator``.</doc>
<msg timestamp="20220720 22:53:59.728" level="FAIL">Element with locator '//*[@id="ember12"]/td[4]' not found.</msg>
<status status="FAIL" starttime="20220720 22:53:59.716" endtime="20220720 22:53:59.728"/>
</kw>
<msg timestamp="20220720 22:53:59.728" level="INFO">${class_views_checker} = ('FAIL', 'Element with locator \'//*[@id="ember12"]/td[4]\' not found.')</msg>
<status status="PASS" starttime="20220720 22:53:59.716" endtime="20220720 22:53:59.728"/>
</kw>
<kw name="Evaluate" library="BuiltIn">
<var>${contains}</var>
<arg>"heatmap-med" in """${class_views_checker}"""</arg>
<doc>Evaluates the given expression in Python and returns the result.</doc>
<msg timestamp="20220720 22:53:59.729" level="INFO">${contains} = False</msg>
<status status="PASS" starttime="20220720 22:53:59.729" endtime="20220720 22:53:59.729"/>
</kw>
<kw name="Run Keyword And Return Status" library="BuiltIn">
<var>${presence_checker}</var>
<arg>Element Should Be Visible</arg>
<arg>xpath://*[@id="${id_parent}"]/td[1]/span/div/span</arg>
<doc>Runs the given keyword with given arguments and returns the status as a Boolean value.</doc>
<kw name="Element Should Be Visible" library="SeleniumLibrary">
<arg>xpath://*[@id="${id_parent}"]/td[1]/span/div/span</arg>
<doc>Verifies that the element identified by ``locator`` is visible.</doc>
<msg timestamp="20220720 22:53:59.742" level="FAIL">Element with locator 'xpath://*[@id="ember12"]/td[1]/span/div/span' not found.</msg>
<status status="FAIL" starttime="20220720 22:53:59.730" endtime="20220720 22:53:59.742"/>
</kw>
<msg timestamp="20220720 22:53:59.742" level="INFO">${presence_checker} = False</msg>
<status status="PASS" starttime="20220720 22:53:59.729" endtime="20220720 22:53:59.742"/>
</kw>
<kw name="Run Keyword If" library="BuiltIn">
<var>${closed_title}</var>
<arg>${presence_checker}</arg>
<arg>Get Text</arg>
<arg>xpath://*[@id="${id_parent}"]/td[1]/span/a</arg>
<doc>Runs the given keyword with the given arguments, if ``condition`` is true.</doc>
<msg timestamp="20220720 22:53:59.743" level="INFO">${closed_title} = None</msg>
<status status="PASS" starttime="20220720 22:53:59.742" endtime="20220720 22:53:59.743"/>
</kw>
<kw name="Run Keyword If" library="BuiltIn">
<var>${title_highest_view}</var>
<arg>${contains}</arg>
<arg>Get Text</arg>
<arg>xpath://*[@id="${id_parent}"]/td[1]/span/a</arg>
<doc>Runs the given keyword with the given arguments, if ``condition`` is true.</doc>
<msg timestamp="20220720 22:53:59.743" level="INFO">${title_highest_view} = None</msg>
<status status="PASS" starttime="20220720 22:53:59.743" endtime="20220720 22:53:59.743"/>
</kw>
<kw name="Run Keyword If" library="BuiltIn">
<arg>${title_highest_view != None}</arg>
<arg>Log to Console</arg>
<arg>The topic with highest number of views is: ${title_highest_view}</arg>
<doc>Runs the given keyword with the given arguments, if ``condition`` is true.</doc>
<status status="PASS" starttime="20220720 22:53:59.743" endtime="20220720 22:53:59.744"/>
</kw>
<kw name="Run Keyword If" library="BuiltIn">
<arg>${closed_title != None}</arg>
<arg>Append To List</arg>
<arg>${list_closed_topics}</arg>
<arg>${closed_title}</arg>
<doc>Runs the given keyword with the given arguments, if ``condition`` is true.</doc>
<status status="PASS" starttime="20220720 22:53:59.744" endtime="20220720 22:53:59.745"/>
</kw>
<status status="PASS" starttime="20220720 22:53:59.706" endtime="20220720 22:53:59.745"/>
</iter>
<iter>
<var name="${a}">&lt;selenium.webdriver.remote.webelement.WebElement (session="8191c74f8e019e3a2ca1357051edfe9a", element="6bbfcbf7-da79-4fb5-8898-43394755d2d0")&gt;</var>
<kw name="Get Element Attribute" library="SeleniumLibrary">
<var>${id_parent}</var>
<arg>${a}</arg>
<arg>id</arg>
<doc>Returns the value of ``attribute`` from the element ``locator``.</doc>
<msg timestamp="20220720 22:53:59.754" level="INFO">${id_parent} = ember13</msg>
<status status="PASS" starttime="20220720 22:53:59.745" endtime="20220720 22:53:59.754"/>
</kw>
<kw name="Run Keyword And Ignore Error" library="BuiltIn">
<var>${class_views_checker}</var>
<arg>Get Element Attribute</arg>
<arg>//*[@id="${id_parent}"]/td[4]</arg>
<arg>class</arg>
<doc>Runs the given keyword with the given arguments and ignores possible error.</doc>
<kw name="Get Element Attribute" library="SeleniumLibrary">
<arg>//*[@id="${id_parent}"]/td[4]</arg>
<arg>class</arg>
<doc>Returns the value of ``attribute`` from the element ``locator``.</doc>
<msg timestamp="20220720 22:53:59.767" level="FAIL">Element with locator '//*[@id="ember13"]/td[4]' not found.</msg>
<status status="FAIL" starttime="20220720 22:53:59.755" endtime="20220720 22:53:59.767"/>
</kw>
<msg timestamp="20220720 22:53:59.767" level="INFO">${class_views_checker} = ('FAIL', 'Element with locator \'//*[@id="ember13"]/td[4]\' not found.')</msg>
<status status="PASS" starttime="20220720 22:53:59.754" endtime="20220720 22:53:59.767"/>
</kw>
<kw name="Evaluate" library="BuiltIn">
<var>${contains}</var>
<arg>"heatmap-med" in """${class_views_checker}"""</arg>
<doc>Evaluates the given expression in Python and returns the result.</doc>
<msg timestamp="20220720 22:53:59.768" level="INFO">${contains} = False</msg>
<status status="PASS" starttime="20220720 22:53:59.767" endtime="20220720 22:53:59.768"/>
</kw>
<kw name="Run Keyword And Return Status" library="BuiltIn">
<var>${presence_checker}</var>
<arg>Element Should Be Visible</arg>
<arg>xpath://*[@id="${id_parent}"]/td[1]/span/div/span</arg>
<doc>Runs the given keyword with given arguments and returns the status as a Boolean value.</doc>
<kw name="Element Should Be Visible" library="SeleniumLibrary">
<arg>xpath://*[@id="${id_parent}"]/td[1]/span/div/span</arg>
<doc>Verifies that the element identified by ``locator`` is visible.</doc>
<msg timestamp="20220720 22:53:59.780" level="FAIL">Element with locator 'xpath://*[@id="ember13"]/td[1]/span/div/span' not found.</msg>
<status status="FAIL" starttime="20220720 22:53:59.768" endtime="20220720 22:53:59.781"/>
</kw>
<msg timestamp="20220720 22:53:59.781" level="INFO">${presence_checker} = False</msg>
<status status="PASS" starttime="20220720 22:53:59.768" endtime="20220720 22:53:59.781"/>
</kw>
<kw name="Run Keyword If" library="BuiltIn">
<var>${closed_title}</var>
<arg>${presence_checker}</arg>
<arg>Get Text</arg>
<arg>xpath://*[@id="${id_parent}"]/td[1]/span/a</arg>
<doc>Runs the given keyword with the given arguments, if ``condition`` is true.</doc>
<msg timestamp="20220720 22:53:59.781" level="INFO">${closed_title} = None</msg>
<status status="PASS" starttime="20220720 22:53:59.781" endtime="20220720 22:53:59.781"/>
</kw>
<kw name="Run Keyword If" library="BuiltIn">
<var>${title_highest_view}</var>
<arg>${contains}</arg>
<arg>Get Text</arg>
<arg>xpath://*[@id="${id_parent}"]/td[1]/span/a</arg>
<doc>Runs the given keyword with the given arguments, if ``condition`` is true.</doc>
<msg timestamp="20220720 22:53:59.782" level="INFO">${title_highest_view} = None</msg>
<status status="PASS" starttime="20220720 22:53:59.781" endtime="20220720 22:53:59.782"/>
</kw>
<kw name="Run Keyword If" library="BuiltIn">
<arg>${title_highest_view != None}</arg>
<arg>Log to Console</arg>
<arg>The topic with highest number of views is: ${title_highest_view}</arg>
<doc>Runs the given keyword with the given arguments, if ``condition`` is true.</doc>
<status status="PASS" starttime="20220720 22:53:59.782" endtime="20220720 22:53:59.782"/>
</kw>
<kw name="Run Keyword If" library="BuiltIn">
<arg>${closed_title != None}</arg>
<arg>Append To List</arg>
<arg>${list_closed_topics}</arg>
<arg>${closed_title}</arg>
<doc>Runs the given keyword with the given arguments, if ``condition`` is true.</doc>
<status status="PASS" starttime="20220720 22:53:59.783" endtime="20220720 22:53:59.783"/>
</kw>
<status status="PASS" starttime="20220720 22:53:59.745" endtime="20220720 22:53:59.783"/>
</iter>
<iter>
<var name="${a}">&lt;selenium.webdriver.remote.webelement.WebElement (session="8191c74f8e019e3a2ca1357051edfe9a", element="930793b3-98b4-441d-97dc-ae174baec2bb")&gt;</var>
<kw name="Get Element Attribute" library="SeleniumLibrary">
<var>${id_parent}</var>
<arg>${a}</arg>
<arg>id</arg>
<doc>Returns the value of ``attribute`` from the element ``locator``.</doc>
<msg timestamp="20220720 22:53:59.793" level="INFO">${id_parent} = ember15</msg>
<status status="PASS" starttime="20220720 22:53:59.784" endtime="20220720 22:53:59.793"/>
</kw>
<kw name="Run Keyword And Ignore Error" library="BuiltIn">
<var>${class_views_checker}</var>
<arg>Get Element Attribute</arg>
<arg>//*[@id="${id_parent}"]/td[4]</arg>
<arg>class</arg>
<doc>Runs the given keyword with the given arguments and ignores possible error.</doc>
<kw name="Get Element Attribute" library="SeleniumLibrary">
<arg>//*[@id="${id_parent}"]/td[4]</arg>
<arg>class</arg>
<doc>Returns the value of ``attribute`` from the element ``locator``.</doc>
<msg timestamp="20220720 22:53:59.805" level="FAIL">Element with locator '//*[@id="ember15"]/td[4]' not found.</msg>
<status status="FAIL" starttime="20220720 22:53:59.793" endtime="20220720 22:53:59.805"/>
</kw>
<msg timestamp="20220720 22:53:59.805" level="INFO">${class_views_checker} = ('FAIL', 'Element with locator \'//*[@id="ember15"]/td[4]\' not found.')</msg>
<status status="PASS" starttime="20220720 22:53:59.793" endtime="20220720 22:53:59.805"/>
</kw>
<kw name="Evaluate" library="BuiltIn">
<var>${contains}</var>
<arg>"heatmap-med" in """${class_views_checker}"""</arg>
<doc>Evaluates the given expression in Python and returns the result.</doc>
<msg timestamp="20220720 22:53:59.806" level="INFO">${contains} = False</msg>
<status status="PASS" starttime="20220720 22:53:59.806" endtime="20220720 22:53:59.806"/>
</kw>
<kw name="Run Keyword And Return Status" library="BuiltIn">
<var>${presence_checker}</var>
<arg>Element Should Be Visible</arg>
<arg>xpath://*[@id="${id_parent}"]/td[1]/span/div/span</arg>
<doc>Runs the given keyword with given arguments and returns the status as a Boolean value.</doc>
<kw name="Element Should Be Visible" library="SeleniumLibrary">
<arg>xpath://*[@id="${id_parent}"]/td[1]/span/div/span</arg>
<doc>Verifies that the element identified by ``locator`` is visible.</doc>
<msg timestamp="20220720 22:53:59.818" level="FAIL">Element with locator 'xpath://*[@id="ember15"]/td[1]/span/div/span' not found.</msg>
<status status="FAIL" starttime="20220720 22:53:59.806" endtime="20220720 22:53:59.819"/>
</kw>
<msg timestamp="20220720 22:53:59.819" level="INFO">${presence_checker} = False</msg>
<status status="PASS" starttime="20220720 22:53:59.806" endtime="20220720 22:53:59.819"/>
</kw>
<kw name="Run Keyword If" library="BuiltIn">
<var>${closed_title}</var>
<arg>${presence_checker}</arg>
<arg>Get Text</arg>
<arg>xpath://*[@id="${id_parent}"]/td[1]/span/a</arg>
<doc>Runs the given keyword with the given arguments, if ``condition`` is true.</doc>
<msg timestamp="20220720 22:53:59.819" level="INFO">${closed_title} = None</msg>
<status status="PASS" starttime="20220720 22:53:59.819" endtime="20220720 22:53:59.819"/>
</kw>
<kw name="Run Keyword If" library="BuiltIn">
<var>${title_highest_view}</var>
<arg>${contains}</arg>
<arg>Get Text</arg>
<arg>xpath://*[@id="${id_parent}"]/td[1]/span/a</arg>
<doc>Runs the given keyword with the given arguments, if ``condition`` is true.</doc>
<msg timestamp="20220720 22:53:59.820" level="INFO">${title_highest_view} = None</msg>
<status status="PASS" starttime="20220720 22:53:59.820" endtime="20220720 22:53:59.820"/>
</kw>
<kw name="Run Keyword If" library="BuiltIn">
<arg>${title_highest_view != None}</arg>
<arg>Log to Console</arg>
<arg>The topic with highest number of views is: ${title_highest_view}</arg>
<doc>Runs the given keyword with the given arguments, if ``condition`` is true.</doc>
<status status="PASS" starttime="20220720 22:53:59.820" endtime="20220720 22:53:59.821"/>
</kw>
<kw name="Run Keyword If" library="BuiltIn">
<arg>${closed_title != None}</arg>
<arg>Append To List</arg>
<arg>${list_closed_topics}</arg>
<arg>${closed_title}</arg>
<doc>Runs the given keyword with the given arguments, if ``condition`` is true.</doc>
<status status="PASS" starttime="20220720 22:53:59.821" endtime="20220720 22:53:59.821"/>
</kw>
<status status="PASS" starttime="20220720 22:53:59.783" endtime="20220720 22:53:59.821"/>
</iter>
<iter>
<var name="${a}">&lt;selenium.webdriver.remote.webelement.WebElement (session="8191c74f8e019e3a2ca1357051edfe9a", element="70716b02-9067-4002-889d-b3bf20552d64")&gt;</var>
<kw name="Get Element Attribute" library="SeleniumLibrary">
<var>${id_parent}</var>
<arg>${a}</arg>
<arg>id</arg>
<doc>Returns the value of ``attribute`` from the element ``locator``.</doc>
<msg timestamp="20220720 22:53:59.831" level="INFO">${id_parent} = ember17</msg>
<status status="PASS" starttime="20220720 22:53:59.822" endtime="20220720 22:53:59.831"/>
</kw>
<kw name="Run Keyword And Ignore Error" library="BuiltIn">
<var>${class_views_checker}</var>
<arg>Get Element Attribute</arg>
<arg>//*[@id="${id_parent}"]/td[4]</arg>
<arg>class</arg>
<doc>Runs the given keyword with the given arguments and ignores possible error.</doc>
<kw name="Get Element Attribute" library="SeleniumLibrary">
<arg>//*[@id="${id_parent}"]/td[4]</arg>
<arg>class</arg>
<doc>Returns the value of ``attribute`` from the element ``locator``.</doc>
<msg timestamp="20220720 22:53:59.843" level="FAIL">Element with locator '//*[@id="ember17"]/td[4]' not found.</msg>
<status status="FAIL" starttime="20220720 22:53:59.831" endtime="20220720 22:53:59.844"/>
</kw>
<msg timestamp="20220720 22:53:59.844" level="INFO">${class_views_checker} = ('FAIL', 'Element with locator \'//*[@id="ember17"]/td[4]\' not found.')</msg>
<status status="PASS" starttime="20220720 22:53:59.831" endtime="20220720 22:53:59.844"/>
</kw>
<kw name="Evaluate" library="BuiltIn">
<var>${contains}</var>
<arg>"heatmap-med" in """${class_views_checker}"""</arg>
<doc>Evaluates the given expression in Python and returns the result.</doc>
<msg timestamp="20220720 22:53:59.844" level="INFO">${contains} = False</msg>
<status status="PASS" starttime="20220720 22:53:59.844" endtime="20220720 22:53:59.845"/>
</kw>
<kw name="Run Keyword And Return Status" library="BuiltIn">
<var>${presence_checker}</var>
<arg>Element Should Be Visible</arg>
<arg>xpath://*[@id="${id_parent}"]/td[1]/span/div/span</arg>
<doc>Runs the given keyword with given arguments and returns the status as a Boolean value.</doc>
<kw name="Element Should Be Visible" library="SeleniumLibrary">
<arg>xpath://*[@id="${id_parent}"]/td[1]/span/div/span</arg>
<doc>Verifies that the element identified by ``locator`` is visible.</doc>
<msg timestamp="20220720 22:53:59.857" level="FAIL">Element with locator 'xpath://*[@id="ember17"]/td[1]/span/div/span' not found.</msg>
<status status="FAIL" starttime="20220720 22:53:59.845" endtime="20220720 22:53:59.857"/>
</kw>
<msg timestamp="20220720 22:53:59.858" level="INFO">${presence_checker} = False</msg>
<status status="PASS" starttime="20220720 22:53:59.845" endtime="20220720 22:53:59.858"/>
</kw>
<kw name="Run Keyword If" library="BuiltIn">
<var>${closed_title}</var>
<arg>${presence_checker}</arg>
<arg>Get Text</arg>
<arg>xpath://*[@id="${id_parent}"]/td[1]/span/a</arg>
<doc>Runs the given keyword with the given arguments, if ``condition`` is true.</doc>
<msg timestamp="20220720 22:53:59.858" level="INFO">${closed_title} = None</msg>
<status status="PASS" starttime="20220720 22:53:59.858" endtime="20220720 22:53:59.858"/>
</kw>
<kw name="Run Keyword If" library="BuiltIn">
<var>${title_highest_view}</var>
<arg>${contains}</arg>
<arg>Get Text</arg>
<arg>xpath://*[@id="${id_parent}"]/td[1]/span/a</arg>
<doc>Runs the given keyword with the given arguments, if ``condition`` is true.</doc>
<msg timestamp="20220720 22:53:59.858" level="INFO">${title_highest_view} = None</msg>
<status status="PASS" starttime="20220720 22:53:59.858" endtime="20220720 22:53:59.858"/>
</kw>
<kw name="Run Keyword If" library="BuiltIn">
<arg>${title_highest_view != None}</arg>
<arg>Log to Console</arg>
<arg>The topic with highest number of views is: ${title_highest_view}</arg>
<doc>Runs the given keyword with the given arguments, if ``condition`` is true.</doc>
<status status="PASS" starttime="20220720 22:53:59.859" endtime="20220720 22:53:59.859"/>
</kw>
<kw name="Run Keyword If" library="BuiltIn">
<arg>${closed_title != None}</arg>
<arg>Append To List</arg>
<arg>${list_closed_topics}</arg>
<arg>${closed_title}</arg>
<doc>Runs the given keyword with the given arguments, if ``condition`` is true.</doc>
<status status="PASS" starttime="20220720 22:53:59.859" endtime="20220720 22:53:59.860"/>
</kw>
<status status="PASS" starttime="20220720 22:53:59.822" endtime="20220720 22:53:59.860"/>
</iter>
<iter>
<var name="${a}">&lt;selenium.webdriver.remote.webelement.WebElement (session="8191c74f8e019e3a2ca1357051edfe9a", element="e9e5147a-fbb7-44ec-817e-588871768c0a")&gt;</var>
<kw name="Get Element Attribute" library="SeleniumLibrary">
<var>${id_parent}</var>
<arg>${a}</arg>
<arg>id</arg>
<doc>Returns the value of ``attribute`` from the element ``locator``.</doc>
<msg timestamp="20220720 22:53:59.869" level="INFO">${id_parent} = ember18</msg>
<status status="PASS" starttime="20220720 22:53:59.860" endtime="20220720 22:53:59.870"/>
</kw>
<kw name="Run Keyword And Ignore Error" library="BuiltIn">
<var>${class_views_checker}</var>
<arg>Get Element Attribute</arg>
<arg>//*[@id="${id_parent}"]/td[4]</arg>
<arg>class</arg>
<doc>Runs the given keyword with the given arguments and ignores possible error.</doc>
<kw name="Get Element Attribute" library="SeleniumLibrary">
<arg>//*[@id="${id_parent}"]/td[4]</arg>
<arg>class</arg>
<doc>Returns the value of ``attribute`` from the element ``locator``.</doc>
<msg timestamp="20220720 22:53:59.882" level="FAIL">Element with locator '//*[@id="ember18"]/td[4]' not found.</msg>
<status status="FAIL" starttime="20220720 22:53:59.870" endtime="20220720 22:53:59.882"/>
</kw>
<msg timestamp="20220720 22:53:59.882" level="INFO">${class_views_checker} = ('FAIL', 'Element with locator \'//*[@id="ember18"]/td[4]\' not found.')</msg>
<status status="PASS" starttime="20220720 22:53:59.870" endtime="20220720 22:53:59.882"/>
</kw>
<kw name="Evaluate" library="BuiltIn">
<var>${contains}</var>
<arg>"heatmap-med" in """${class_views_checker}"""</arg>
<doc>Evaluates the given expression in Python and returns the result.</doc>
<msg timestamp="20220720 22:53:59.883" level="INFO">${contains} = False</msg>
<status status="PASS" starttime="20220720 22:53:59.883" endtime="20220720 22:53:59.883"/>
</kw>
<kw name="Run Keyword And Return Status" library="BuiltIn">
<var>${presence_checker}</var>
<arg>Element Should Be Visible</arg>
<arg>xpath://*[@id="${id_parent}"]/td[1]/span/div/span</arg>
<doc>Runs the given keyword with given arguments and returns the status as a Boolean value.</doc>
<kw name="Element Should Be Visible" library="SeleniumLibrary">
<arg>xpath://*[@id="${id_parent}"]/td[1]/span/div/span</arg>
<doc>Verifies that the element identified by ``locator`` is visible.</doc>
<msg timestamp="20220720 22:53:59.895" level="FAIL">Element with locator 'xpath://*[@id="ember18"]/td[1]/span/div/span' not found.</msg>
<status status="FAIL" starttime="20220720 22:53:59.883" endtime="20220720 22:53:59.895"/>
</kw>
<msg timestamp="20220720 22:53:59.896" level="INFO">${presence_checker} = False</msg>
<status status="PASS" starttime="20220720 22:53:59.883" endtime="20220720 22:53:59.896"/>
</kw>
<kw name="Run Keyword If" library="BuiltIn">
<var>${closed_title}</var>
<arg>${presence_checker}</arg>
<arg>Get Text</arg>
<arg>xpath://*[@id="${id_parent}"]/td[1]/span/a</arg>
<doc>Runs the given keyword with the given arguments, if ``condition`` is true.</doc>
<msg timestamp="20220720 22:53:59.896" level="INFO">${closed_title} = None</msg>
<status status="PASS" starttime="20220720 22:53:59.896" endtime="20220720 22:53:59.896"/>
</kw>
<kw name="Run Keyword If" library="BuiltIn">
<var>${title_highest_view}</var>
<arg>${contains}</arg>
<arg>Get Text</arg>
<arg>xpath://*[@id="${id_parent}"]/td[1]/span/a</arg>
<doc>Runs the given keyword with the given arguments, if ``condition`` is true.</doc>
<msg timestamp="20220720 22:53:59.897" level="INFO">${title_highest_view} = None</msg>
<status status="PASS" starttime="20220720 22:53:59.896" endtime="20220720 22:53:59.897"/>
</kw>
<kw name="Run Keyword If" library="BuiltIn">
<arg>${title_highest_view != None}</arg>
<arg>Log to Console</arg>
<arg>The topic with highest number of views is: ${title_highest_view}</arg>
<doc>Runs the given keyword with the given arguments, if ``condition`` is true.</doc>
<status status="PASS" starttime="20220720 22:53:59.897" endtime="20220720 22:53:59.897"/>
</kw>
<kw name="Run Keyword If" library="BuiltIn">
<arg>${closed_title != None}</arg>
<arg>Append To List</arg>
<arg>${list_closed_topics}</arg>
<arg>${closed_title}</arg>
<doc>Runs the given keyword with the given arguments, if ``condition`` is true.</doc>
<status status="PASS" starttime="20220720 22:53:59.897" endtime="20220720 22:53:59.898"/>
</kw>
<status status="PASS" starttime="20220720 22:53:59.860" endtime="20220720 22:53:59.898"/>
</iter>
<iter>
<var name="${a}">&lt;selenium.webdriver.remote.webelement.WebElement (session="8191c74f8e019e3a2ca1357051edfe9a", element="2d2b71df-ac01-4474-8e6a-86342895b8e4")&gt;</var>
<kw name="Get Element Attribute" library="SeleniumLibrary">
<var>${id_parent}</var>
<arg>${a}</arg>
<arg>id</arg>
<doc>Returns the value of ``attribute`` from the element ``locator``.</doc>
<msg timestamp="20220720 22:53:59.907" level="INFO">${id_parent} = ember19</msg>
<status status="PASS" starttime="20220720 22:53:59.898" endtime="20220720 22:53:59.907"/>
</kw>
<kw name="Run Keyword And Ignore Error" library="BuiltIn">
<var>${class_views_checker}</var>
<arg>Get Element Attribute</arg>
<arg>//*[@id="${id_parent}"]/td[4]</arg>
<arg>class</arg>
<doc>Runs the given keyword with the given arguments and ignores possible error.</doc>
<kw name="Get Element Attribute" library="SeleniumLibrary">
<arg>//*[@id="${id_parent}"]/td[4]</arg>
<arg>class</arg>
<doc>Returns the value of ``attribute`` from the element ``locator``.</doc>
<msg timestamp="20220720 22:53:59.920" level="FAIL">Element with locator '//*[@id="ember19"]/td[4]' not found.</msg>
<status status="FAIL" starttime="20220720 22:53:59.908" endtime="20220720 22:53:59.920"/>
</kw>
<msg timestamp="20220720 22:53:59.920" level="INFO">${class_views_checker} = ('FAIL', 'Element with locator \'//*[@id="ember19"]/td[4]\' not found.')</msg>
<status status="PASS" starttime="20220720 22:53:59.908" endtime="20220720 22:53:59.920"/>
</kw>
<kw name="Evaluate" library="BuiltIn">
<var>${contains}</var>
<arg>"heatmap-med" in """${class_views_checker}"""</arg>
<doc>Evaluates the given expression in Python and returns the result.</doc>
<msg timestamp="20220720 22:53:59.921" level="INFO">${contains} = False</msg>
<status status="PASS" starttime="20220720 22:53:59.921" endtime="20220720 22:53:59.921"/>
</kw>
<kw name="Run Keyword And Return Status" library="BuiltIn">
<var>${presence_checker}</var>
<arg>Element Should Be Visible</arg>
<arg>xpath://*[@id="${id_parent}"]/td[1]/span/div/span</arg>
<doc>Runs the given keyword with given arguments and returns the status as a Boolean value.</doc>
<kw name="Element Should Be Visible" library="SeleniumLibrary">
<arg>xpath://*[@id="${id_parent}"]/td[1]/span/div/span</arg>
<doc>Verifies that the element identified by ``locator`` is visible.</doc>
<msg timestamp="20220720 22:53:59.934" level="FAIL">Element with locator 'xpath://*[@id="ember19"]/td[1]/span/div/span' not found.</msg>
<status status="FAIL" starttime="20220720 22:53:59.921" endtime="20220720 22:53:59.934"/>
</kw>
<msg timestamp="20220720 22:53:59.934" level="INFO">${presence_checker} = False</msg>
<status status="PASS" starttime="20220720 22:53:59.921" endtime="20220720 22:53:59.934"/>
</kw>
<kw name="Run Keyword If" library="BuiltIn">
<var>${closed_title}</var>
<arg>${presence_checker}</arg>
<arg>Get Text</arg>
<arg>xpath://*[@id="${id_parent}"]/td[1]/span/a</arg>
<doc>Runs the given keyword with the given arguments, if ``condition`` is true.</doc>
<msg timestamp="20220720 22:53:59.935" level="INFO">${closed_title} = None</msg>
<status status="PASS" starttime="20220720 22:53:59.934" endtime="20220720 22:53:59.935"/>
</kw>
<kw name="Run Keyword If" library="BuiltIn">
<var>${title_highest_view}</var>
<arg>${contains}</arg>
<arg>Get Text</arg>
<arg>xpath://*[@id="${id_parent}"]/td[1]/span/a</arg>
<doc>Runs the given keyword with the given arguments, if ``condition`` is true.</doc>
<msg timestamp="20220720 22:53:59.935" level="INFO">${title_highest_view} = None</msg>
<status status="PASS" starttime="20220720 22:53:59.935" endtime="20220720 22:53:59.935"/>
</kw>
<kw name="Run Keyword If" library="BuiltIn">
<arg>${title_highest_view != None}</arg>
<arg>Log to Console</arg>
<arg>The topic with highest number of views is: ${title_highest_view}</arg>
<doc>Runs the given keyword with the given arguments, if ``condition`` is true.</doc>
<status status="PASS" starttime="20220720 22:53:59.935" endtime="20220720 22:53:59.936"/>
</kw>
<kw name="Run Keyword If" library="BuiltIn">
<arg>${closed_title != None}</arg>
<arg>Append To List</arg>
<arg>${list_closed_topics}</arg>
<arg>${closed_title}</arg>
<doc>Runs the given keyword with the given arguments, if ``condition`` is true.</doc>
<status status="PASS" starttime="20220720 22:53:59.936" endtime="20220720 22:53:59.937"/>
</kw>
<status status="PASS" starttime="20220720 22:53:59.898" endtime="20220720 22:53:59.937"/>
</iter>
<iter>
<var name="${a}">&lt;selenium.webdriver.remote.webelement.WebElement (session="8191c74f8e019e3a2ca1357051edfe9a", element="ac2248c3-8197-453d-a2de-b487397fa97e")&gt;</var>
<kw name="Get Element Attribute" library="SeleniumLibrary">
<var>${id_parent}</var>
<arg>${a}</arg>
<arg>id</arg>
<doc>Returns the value of ``attribute`` from the element ``locator``.</doc>
<msg timestamp="20220720 22:53:59.951" level="INFO">${id_parent} = ember21</msg>
<status status="PASS" starttime="20220720 22:53:59.937" endtime="20220720 22:53:59.951"/>
</kw>
<kw name="Run Keyword And Ignore Error" library="BuiltIn">
<var>${class_views_checker}</var>
<arg>Get Element Attribute</arg>
<arg>//*[@id="${id_parent}"]/td[4]</arg>
<arg>class</arg>
<doc>Runs the given keyword with the given arguments and ignores possible error.</doc>
<kw name="Get Element Attribute" library="SeleniumLibrary">
<arg>//*[@id="${id_parent}"]/td[4]</arg>
<arg>class</arg>
<doc>Returns the value of ``attribute`` from the element ``locator``.</doc>
<msg timestamp="20220720 22:53:59.965" level="FAIL">Element with locator '//*[@id="ember21"]/td[4]' not found.</msg>
<status status="FAIL" starttime="20220720 22:53:59.952" endtime="20220720 22:53:59.965"/>
</kw>
<msg timestamp="20220720 22:53:59.965" level="INFO">${class_views_checker} = ('FAIL', 'Element with locator \'//*[@id="ember21"]/td[4]\' not found.')</msg>
<status status="PASS" starttime="20220720 22:53:59.951" endtime="20220720 22:53:59.965"/>
</kw>
<kw name="Evaluate" library="BuiltIn">
<var>${contains}</var>
<arg>"heatmap-med" in """${class_views_checker}"""</arg>
<doc>Evaluates the given expression in Python and returns the result.</doc>
<msg timestamp="20220720 22:53:59.966" level="INFO">${contains} = False</msg>
<status status="PASS" starttime="20220720 22:53:59.965" endtime="20220720 22:53:59.966"/>
</kw>
<kw name="Run Keyword And Return Status" library="BuiltIn">
<var>${presence_checker}</var>
<arg>Element Should Be Visible</arg>
<arg>xpath://*[@id="${id_parent}"]/td[1]/span/div/span</arg>
<doc>Runs the given keyword with given arguments and returns the status as a Boolean value.</doc>
<kw name="Element Should Be Visible" library="SeleniumLibrary">
<arg>xpath://*[@id="${id_parent}"]/td[1]/span/div/span</arg>
<doc>Verifies that the element identified by ``locator`` is visible.</doc>
<msg timestamp="20220720 22:53:59.978" level="FAIL">Element with locator 'xpath://*[@id="ember21"]/td[1]/span/div/span' not found.</msg>
<status status="FAIL" starttime="20220720 22:53:59.966" endtime="20220720 22:53:59.978"/>
</kw>
<msg timestamp="20220720 22:53:59.978" level="INFO">${presence_checker} = False</msg>
<status status="PASS" starttime="20220720 22:53:59.966" endtime="20220720 22:53:59.979"/>
</kw>
<kw name="Run Keyword If" library="BuiltIn">
<var>${closed_title}</var>
<arg>${presence_checker}</arg>
<arg>Get Text</arg>
<arg>xpath://*[@id="${id_parent}"]/td[1]/span/a</arg>
<doc>Runs the given keyword with the given arguments, if ``condition`` is true.</doc>
<msg timestamp="20220720 22:53:59.979" level="INFO">${closed_title} = None</msg>
<status status="PASS" starttime="20220720 22:53:59.979" endtime="20220720 22:53:59.979"/>
</kw>
<kw name="Run Keyword If" library="BuiltIn">
<var>${title_highest_view}</var>
<arg>${contains}</arg>
<arg>Get Text</arg>
<arg>xpath://*[@id="${id_parent}"]/td[1]/span/a</arg>
<doc>Runs the given keyword with the given arguments, if ``condition`` is true.</doc>
<msg timestamp="20220720 22:53:59.979" level="INFO">${title_highest_view} = None</msg>
<status status="PASS" starttime="20220720 22:53:59.979" endtime="20220720 22:53:59.979"/>
</kw>
<kw name="Run Keyword If" library="BuiltIn">
<arg>${title_highest_view != None}</arg>
<arg>Log to Console</arg>
<arg>The topic with highest number of views is: ${title_highest_view}</arg>
<doc>Runs the given keyword with the given arguments, if ``condition`` is true.</doc>
<status status="PASS" starttime="20220720 22:53:59.980" endtime="20220720 22:53:59.980"/>
</kw>
<kw name="Run Keyword If" library="BuiltIn">
<arg>${closed_title != None}</arg>
<arg>Append To List</arg>
<arg>${list_closed_topics}</arg>
<arg>${closed_title}</arg>
<doc>Runs the given keyword with the given arguments, if ``condition`` is true.</doc>
<status status="PASS" starttime="20220720 22:53:59.980" endtime="20220720 22:53:59.981"/>
</kw>
<status status="PASS" starttime="20220720 22:53:59.937" endtime="20220720 22:53:59.981"/>
</iter>
<iter>
<var name="${a}">&lt;selenium.webdriver.remote.webelement.WebElement (session="8191c74f8e019e3a2ca1357051edfe9a", element="2dca60bf-21ba-4a0e-ac85-6c566e83f78f")&gt;</var>
<kw name="Get Element Attribute" library="SeleniumLibrary">
<var>${id_parent}</var>
<arg>${a}</arg>
<arg>id</arg>
<doc>Returns the value of ``attribute`` from the element ``locator``.</doc>
<msg timestamp="20220720 22:53:59.990" level="INFO">${id_parent} = ember23</msg>
<status status="PASS" starttime="20220720 22:53:59.981" endtime="20220720 22:53:59.990"/>
</kw>
<kw name="Run Keyword And Ignore Error" library="BuiltIn">
<var>${class_views_checker}</var>
<arg>Get Element Attribute</arg>
<arg>//*[@id="${id_parent}"]/td[4]</arg>
<arg>class</arg>
<doc>Runs the given keyword with the given arguments and ignores possible error.</doc>
<kw name="Get Element Attribute" library="SeleniumLibrary">
<arg>//*[@id="${id_parent}"]/td[4]</arg>
<arg>class</arg>
<doc>Returns the value of ``attribute`` from the element ``locator``.</doc>
<msg timestamp="20220720 22:54:00.003" level="FAIL">Element with locator '//*[@id="ember23"]/td[4]' not found.</msg>
<status status="FAIL" starttime="20220720 22:53:59.991" endtime="20220720 22:54:00.003"/>
</kw>
<msg timestamp="20220720 22:54:00.004" level="INFO">${class_views_checker} = ('FAIL', 'Element with locator \'//*[@id="ember23"]/td[4]\' not found.')</msg>
<status status="PASS" starttime="20220720 22:53:59.991" endtime="20220720 22:54:00.004"/>
</kw>
<kw name="Evaluate" library="BuiltIn">
<var>${contains}</var>
<arg>"heatmap-med" in """${class_views_checker}"""</arg>
<doc>Evaluates the given expression in Python and returns the result.</doc>
<msg timestamp="20220720 22:54:00.004" level="INFO">${contains} = False</msg>
<status status="PASS" starttime="20220720 22:54:00.004" endtime="20220720 22:54:00.004"/>
</kw>
<kw name="Run Keyword And Return Status" library="BuiltIn">
<var>${presence_checker}</var>
<arg>Element Should Be Visible</arg>
<arg>xpath://*[@id="${id_parent}"]/td[1]/span/div/span</arg>
<doc>Runs the given keyword with given arguments and returns the status as a Boolean value.</doc>
<kw name="Element Should Be Visible" library="SeleniumLibrary">
<arg>xpath://*[@id="${id_parent}"]/td[1]/span/div/span</arg>
<doc>Verifies that the element identified by ``locator`` is visible.</doc>
<msg timestamp="20220720 22:54:00.017" level="FAIL">Element with locator 'xpath://*[@id="ember23"]/td[1]/span/div/span' not found.</msg>
<status status="FAIL" starttime="20220720 22:54:00.005" endtime="20220720 22:54:00.018"/>
</kw>
<msg timestamp="20220720 22:54:00.018" level="INFO">${presence_checker} = False</msg>
<status status="PASS" starttime="20220720 22:54:00.004" endtime="20220720 22:54:00.018"/>
</kw>
<kw name="Run Keyword If" library="BuiltIn">
<var>${closed_title}</var>
<arg>${presence_checker}</arg>
<arg>Get Text</arg>
<arg>xpath://*[@id="${id_parent}"]/td[1]/span/a</arg>
<doc>Runs the given keyword with the given arguments, if ``condition`` is true.</doc>
<msg timestamp="20220720 22:54:00.018" level="INFO">${closed_title} = None</msg>
<status status="PASS" starttime="20220720 22:54:00.018" endtime="20220720 22:54:00.018"/>
</kw>
<kw name="Run Keyword If" library="BuiltIn">
<var>${title_highest_view}</var>
<arg>${contains}</arg>
<arg>Get Text</arg>
<arg>xpath://*[@id="${id_parent}"]/td[1]/span/a</arg>
<doc>Runs the given keyword with the given arguments, if ``condition`` is true.</doc>
<msg timestamp="20220720 22:54:00.019" level="INFO">${title_highest_view} = None</msg>
<status status="PASS" starttime="20220720 22:54:00.018" endtime="20220720 22:54:00.019"/>
</kw>
<kw name="Run Keyword If" library="BuiltIn">
<arg>${title_highest_view != None}</arg>
<arg>Log to Console</arg>
<arg>The topic with highest number of views is: ${title_highest_view}</arg>
<doc>Runs the given keyword with the given arguments, if ``condition`` is true.</doc>
<status status="PASS" starttime="20220720 22:54:00.019" endtime="20220720 22:54:00.020"/>
</kw>
<kw name="Run Keyword If" library="BuiltIn">
<arg>${closed_title != None}</arg>
<arg>Append To List</arg>
<arg>${list_closed_topics}</arg>
<arg>${closed_title}</arg>
<doc>Runs the given keyword with the given arguments, if ``condition`` is true.</doc>
<status status="PASS" starttime="20220720 22:54:00.020" endtime="20220720 22:54:00.020"/>
</kw>
<status status="PASS" starttime="20220720 22:53:59.981" endtime="20220720 22:54:00.020"/>
</iter>
<iter>
<var name="${a}">&lt;selenium.webdriver.remote.webelement.WebElement (session="8191c74f8e019e3a2ca1357051edfe9a", element="35768fc1-434a-497e-b094-35428b33081f")&gt;</var>
<kw name="Get Element Attribute" library="SeleniumLibrary">
<var>${id_parent}</var>
<arg>${a}</arg>
<arg>id</arg>
<doc>Returns the value of ``attribute`` from the element ``locator``.</doc>
<msg timestamp="20220720 22:54:00.031" level="INFO">${id_parent} = ember24</msg>
<status status="PASS" starttime="20220720 22:54:00.021" endtime="20220720 22:54:00.031"/>
</kw>
<kw name="Run Keyword And Ignore Error" library="BuiltIn">
<var>${class_views_checker}</var>
<arg>Get Element Attribute</arg>
<arg>//*[@id="${id_parent}"]/td[4]</arg>
<arg>class</arg>
<doc>Runs the given keyword with the given arguments and ignores possible error.</doc>
<kw name="Get Element Attribute" library="SeleniumLibrary">
<arg>//*[@id="${id_parent}"]/td[4]</arg>
<arg>class</arg>
<doc>Returns the value of ``attribute`` from the element ``locator``.</doc>
<msg timestamp="20220720 22:54:00.048" level="FAIL">Element with locator '//*[@id="ember24"]/td[4]' not found.</msg>
<status status="FAIL" starttime="20220720 22:54:00.031" endtime="20220720 22:54:00.048"/>
</kw>
<msg timestamp="20220720 22:54:00.048" level="INFO">${class_views_checker} = ('FAIL', 'Element with locator \'//*[@id="ember24"]/td[4]\' not found.')</msg>
<status status="PASS" starttime="20220720 22:54:00.031" endtime="20220720 22:54:00.048"/>
</kw>
<kw name="Evaluate" library="BuiltIn">
<var>${contains}</var>
<arg>"heatmap-med" in """${class_views_checker}"""</arg>
<doc>Evaluates the given expression in Python and returns the result.</doc>
<msg timestamp="20220720 22:54:00.049" level="INFO">${contains} = False</msg>
<status status="PASS" starttime="20220720 22:54:00.048" endtime="20220720 22:54:00.049"/>
</kw>
<kw name="Run Keyword And Return Status" library="BuiltIn">
<var>${presence_checker}</var>
<arg>Element Should Be Visible</arg>
<arg>xpath://*[@id="${id_parent}"]/td[1]/span/div/span</arg>
<doc>Runs the given keyword with given arguments and returns the status as a Boolean value.</doc>
<kw name="Element Should Be Visible" library="SeleniumLibrary">
<arg>xpath://*[@id="${id_parent}"]/td[1]/span/div/span</arg>
<doc>Verifies that the element identified by ``locator`` is visible.</doc>
<msg timestamp="20220720 22:54:00.061" level="FAIL">Element with locator 'xpath://*[@id="ember24"]/td[1]/span/div/span' not found.</msg>
<status status="FAIL" starttime="20220720 22:54:00.049" endtime="20220720 22:54:00.061"/>
</kw>
<msg timestamp="20220720 22:54:00.062" level="INFO">${presence_checker} = False</msg>
<status status="PASS" starttime="20220720 22:54:00.049" endtime="20220720 22:54:00.062"/>
</kw>
<kw name="Run Keyword If" library="BuiltIn">
<var>${closed_title}</var>
<arg>${presence_checker}</arg>
<arg>Get Text</arg>
<arg>xpath://*[@id="${id_parent}"]/td[1]/span/a</arg>
<doc>Runs the given keyword with the given arguments, if ``condition`` is true.</doc>
<msg timestamp="20220720 22:54:00.062" level="INFO">${closed_title} = None</msg>
<status status="PASS" starttime="20220720 22:54:00.062" endtime="20220720 22:54:00.062"/>
</kw>
<kw name="Run Keyword If" library="BuiltIn">
<var>${title_highest_view}</var>
<arg>${contains}</arg>
<arg>Get Text</arg>
<arg>xpath://*[@id="${id_parent}"]/td[1]/span/a</arg>
<doc>Runs the given keyword with the given arguments, if ``condition`` is true.</doc>
<msg timestamp="20220720 22:54:00.063" level="INFO">${title_highest_view} = None</msg>
<status status="PASS" starttime="20220720 22:54:00.062" endtime="20220720 22:54:00.063"/>
</kw>
<kw name="Run Keyword If" library="BuiltIn">
<arg>${title_highest_view != None}</arg>
<arg>Log to Console</arg>
<arg>The topic with highest number of views is: ${title_highest_view}</arg>
<doc>Runs the given keyword with the given arguments, if ``condition`` is true.</doc>
<status status="PASS" starttime="20220720 22:54:00.063" endtime="20220720 22:54:00.063"/>
</kw>
<kw name="Run Keyword If" library="BuiltIn">
<arg>${closed_title != None}</arg>
<arg>Append To List</arg>
<arg>${list_closed_topics}</arg>
<arg>${closed_title}</arg>
<doc>Runs the given keyword with the given arguments, if ``condition`` is true.</doc>
<status status="PASS" starttime="20220720 22:54:00.064" endtime="20220720 22:54:00.065"/>
</kw>
<status status="PASS" starttime="20220720 22:54:00.020" endtime="20220720 22:54:00.065"/>
</iter>
<iter>
<var name="${a}">&lt;selenium.webdriver.remote.webelement.WebElement (session="8191c74f8e019e3a2ca1357051edfe9a", element="6d48a654-fc49-4264-bd55-340baa6cdf38")&gt;</var>
<kw name="Get Element Attribute" library="SeleniumLibrary">
<var>${id_parent}</var>
<arg>${a}</arg>
<arg>id</arg>
<doc>Returns the value of ``attribute`` from the element ``locator``.</doc>
<msg timestamp="20220720 22:54:00.074" level="INFO">${id_parent} = ember24-header</msg>
<status status="PASS" starttime="20220720 22:54:00.065" endtime="20220720 22:54:00.074"/>
</kw>
<kw name="Run Keyword And Ignore Error" library="BuiltIn">
<var>${class_views_checker}</var>
<arg>Get Element Attribute</arg>
<arg>//*[@id="${id_parent}"]/td[4]</arg>
<arg>class</arg>
<doc>Runs the given keyword with the given arguments and ignores possible error.</doc>
<kw name="Get Element Attribute" library="SeleniumLibrary">
<arg>//*[@id="${id_parent}"]/td[4]</arg>
<arg>class</arg>
<doc>Returns the value of ``attribute`` from the element ``locator``.</doc>
<msg timestamp="20220720 22:54:00.086" level="FAIL">Element with locator '//*[@id="ember24-header"]/td[4]' not found.</msg>
<status status="FAIL" starttime="20220720 22:54:00.074" endtime="20220720 22:54:00.087"/>
</kw>
<msg timestamp="20220720 22:54:00.087" level="INFO">${class_views_checker} = ('FAIL', 'Element with locator \'//*[@id="ember24-header"]/td[4]\' not found.')</msg>
<status status="PASS" starttime="20220720 22:54:00.074" endtime="20220720 22:54:00.087"/>
</kw>
<kw name="Evaluate" library="BuiltIn">
<var>${contains}</var>
<arg>"heatmap-med" in """${class_views_checker}"""</arg>
<doc>Evaluates the given expression in Python and returns the result.</doc>
<msg timestamp="20220720 22:54:00.087" level="INFO">${contains} = False</msg>
<status status="PASS" starttime="20220720 22:54:00.087" endtime="20220720 22:54:00.087"/>
</kw>
<kw name="Run Keyword And Return Status" library="BuiltIn">
<var>${presence_checker}</var>
<arg>Element Should Be Visible</arg>
<arg>xpath://*[@id="${id_parent}"]/td[1]/span/div/span</arg>
<doc>Runs the given keyword with given arguments and returns the status as a Boolean value.</doc>
<kw name="Element Should Be Visible" library="SeleniumLibrary">
<arg>xpath://*[@id="${id_parent}"]/td[1]/span/div/span</arg>
<doc>Verifies that the element identified by ``locator`` is visible.</doc>
<msg timestamp="20220720 22:54:00.100" level="FAIL">Element with locator 'xpath://*[@id="ember24-header"]/td[1]/span/div/span' not found.</msg>
<status status="FAIL" starttime="20220720 22:54:00.088" endtime="20220720 22:54:00.100"/>
</kw>
<msg timestamp="20220720 22:54:00.100" level="INFO">${presence_checker} = False</msg>
<status status="PASS" starttime="20220720 22:54:00.087" endtime="20220720 22:54:00.100"/>
</kw>
<kw name="Run Keyword If" library="BuiltIn">
<var>${closed_title}</var>
<arg>${presence_checker}</arg>
<arg>Get Text</arg>
<arg>xpath://*[@id="${id_parent}"]/td[1]/span/a</arg>
<doc>Runs the given keyword with the given arguments, if ``condition`` is true.</doc>
<msg timestamp="20220720 22:54:00.101" level="INFO">${closed_title} = None</msg>
<status status="PASS" starttime="20220720 22:54:00.100" endtime="20220720 22:54:00.101"/>
</kw>
<kw name="Run Keyword If" library="BuiltIn">
<var>${title_highest_view}</var>
<arg>${contains}</arg>
<arg>Get Text</arg>
<arg>xpath://*[@id="${id_parent}"]/td[1]/span/a</arg>
<doc>Runs the given keyword with the given arguments, if ``condition`` is true.</doc>
<msg timestamp="20220720 22:54:00.101" level="INFO">${title_highest_view} = None</msg>
<status status="PASS" starttime="20220720 22:54:00.101" endtime="20220720 22:54:00.101"/>
</kw>
<kw name="Run Keyword If" library="BuiltIn">
<arg>${title_highest_view != None}</arg>
<arg>Log to Console</arg>
<arg>The topic with highest number of views is: ${title_highest_view}</arg>
<doc>Runs the given keyword with the given arguments, if ``condition`` is true.</doc>
<status status="PASS" starttime="20220720 22:54:00.101" endtime="20220720 22:54:00.102"/>
</kw>
<kw name="Run Keyword If" library="BuiltIn">
<arg>${closed_title != None}</arg>
<arg>Append To List</arg>
<arg>${list_closed_topics}</arg>
<arg>${closed_title}</arg>
<doc>Runs the given keyword with the given arguments, if ``condition`` is true.</doc>
<status status="PASS" starttime="20220720 22:54:00.102" endtime="20220720 22:54:00.103"/>
</kw>
<status status="PASS" starttime="20220720 22:54:00.065" endtime="20220720 22:54:00.103"/>
</iter>
<iter>
<var name="${a}">&lt;selenium.webdriver.remote.webelement.WebElement (session="8191c74f8e019e3a2ca1357051edfe9a", element="fdb864cb-3383-4942-ae23-501181b7f609")&gt;</var>
<kw name="Get Element Attribute" library="SeleniumLibrary">
<var>${id_parent}</var>
<arg>${a}</arg>
<arg>id</arg>
<doc>Returns the value of ``attribute`` from the element ``locator``.</doc>
<msg timestamp="20220720 22:54:00.112" level="INFO">${id_parent} = ember24-body</msg>
<status status="PASS" starttime="20220720 22:54:00.103" endtime="20220720 22:54:00.112"/>
</kw>
<kw name="Run Keyword And Ignore Error" library="BuiltIn">
<var>${class_views_checker}</var>
<arg>Get Element Attribute</arg>
<arg>//*[@id="${id_parent}"]/td[4]</arg>
<arg>class</arg>
<doc>Runs the given keyword with the given arguments and ignores possible error.</doc>
<kw name="Get Element Attribute" library="SeleniumLibrary">
<arg>//*[@id="${id_parent}"]/td[4]</arg>
<arg>class</arg>
<doc>Returns the value of ``attribute`` from the element ``locator``.</doc>
<msg timestamp="20220720 22:54:00.124" level="FAIL">Element with locator '//*[@id="ember24-body"]/td[4]' not found.</msg>
<status status="FAIL" starttime="20220720 22:54:00.112" endtime="20220720 22:54:00.125"/>
</kw>
<msg timestamp="20220720 22:54:00.125" level="INFO">${class_views_checker} = ('FAIL', 'Element with locator \'//*[@id="ember24-body"]/td[4]\' not found.')</msg>
<status status="PASS" starttime="20220720 22:54:00.112" endtime="20220720 22:54:00.125"/>
</kw>
<kw name="Evaluate" library="BuiltIn">
<var>${contains}</var>
<arg>"heatmap-med" in """${class_views_checker}"""</arg>
<doc>Evaluates the given expression in Python and returns the result.</doc>
<msg timestamp="20220720 22:54:00.125" level="INFO">${contains} = False</msg>
<status status="PASS" starttime="20220720 22:54:00.125" endtime="20220720 22:54:00.125"/>
</kw>
<kw name="Run Keyword And Return Status" library="BuiltIn">
<var>${presence_checker}</var>
<arg>Element Should Be Visible</arg>
<arg>xpath://*[@id="${id_parent}"]/td[1]/span/div/span</arg>
<doc>Runs the given keyword with given arguments and returns the status as a Boolean value.</doc>
<kw name="Element Should Be Visible" library="SeleniumLibrary">
<arg>xpath://*[@id="${id_parent}"]/td[1]/span/div/span</arg>
<doc>Verifies that the element identified by ``locator`` is visible.</doc>
<msg timestamp="20220720 22:54:00.138" level="FAIL">Element with locator 'xpath://*[@id="ember24-body"]/td[1]/span/div/span' not found.</msg>
<status status="FAIL" starttime="20220720 22:54:00.126" endtime="20220720 22:54:00.138"/>
</kw>
<msg timestamp="20220720 22:54:00.138" level="INFO">${presence_checker} = False</msg>
<status status="PASS" starttime="20220720 22:54:00.126" endtime="20220720 22:54:00.138"/>
</kw>
<kw name="Run Keyword If" library="BuiltIn">
<var>${closed_title}</var>
<arg>${presence_checker}</arg>
<arg>Get Text</arg>
<arg>xpath://*[@id="${id_parent}"]/td[1]/span/a</arg>
<doc>Runs the given keyword with the given arguments, if ``condition`` is true.</doc>
<msg timestamp="20220720 22:54:00.139" level="INFO">${closed_title} = None</msg>
<status status="PASS" starttime="20220720 22:54:00.138" endtime="20220720 22:54:00.139"/>
</kw>
<kw name="Run Keyword If" library="BuiltIn">
<var>${title_highest_view}</var>
<arg>${contains}</arg>
<arg>Get Text</arg>
<arg>xpath://*[@id="${id_parent}"]/td[1]/span/a</arg>
<doc>Runs the given keyword with the given arguments, if ``condition`` is true.</doc>
<msg timestamp="20220720 22:54:00.139" level="INFO">${title_highest_view} = None</msg>
<status status="PASS" starttime="20220720 22:54:00.139" endtime="20220720 22:54:00.139"/>
</kw>
<kw name="Run Keyword If" library="BuiltIn">
<arg>${title_highest_view != None}</arg>
<arg>Log to Console</arg>
<arg>The topic with highest number of views is: ${title_highest_view}</arg>
<doc>Runs the given keyword with the given arguments, if ``condition`` is true.</doc>
<status status="PASS" starttime="20220720 22:54:00.139" endtime="20220720 22:54:00.140"/>
</kw>
<kw name="Run Keyword If" library="BuiltIn">
<arg>${closed_title != None}</arg>
<arg>Append To List</arg>
<arg>${list_closed_topics}</arg>
<arg>${closed_title}</arg>
<doc>Runs the given keyword with the given arguments, if ``condition`` is true.</doc>
<status status="PASS" starttime="20220720 22:54:00.140" endtime="20220720 22:54:00.141"/>
</kw>
<status status="PASS" starttime="20220720 22:54:00.103" endtime="20220720 22:54:00.141"/>
</iter>
<iter>
<var name="${a}">&lt;selenium.webdriver.remote.webelement.WebElement (session="8191c74f8e019e3a2ca1357051edfe9a", element="73eccb1a-ced4-4755-972c-136f0e82ece9")&gt;</var>
<kw name="Get Element Attribute" library="SeleniumLibrary">
<var>${id_parent}</var>
<arg>${a}</arg>
<arg>id</arg>
<doc>Returns the value of ``attribute`` from the element ``locator``.</doc>
<msg timestamp="20220720 22:54:00.150" level="INFO">${id_parent} = ember26</msg>
<status status="PASS" starttime="20220720 22:54:00.141" endtime="20220720 22:54:00.150"/>
</kw>
<kw name="Run Keyword And Ignore Error" library="BuiltIn">
<var>${class_views_checker}</var>
<arg>Get Element Attribute</arg>
<arg>//*[@id="${id_parent}"]/td[4]</arg>
<arg>class</arg>
<doc>Runs the given keyword with the given arguments and ignores possible error.</doc>
<kw name="Get Element Attribute" library="SeleniumLibrary">
<arg>//*[@id="${id_parent}"]/td[4]</arg>
<arg>class</arg>
<doc>Returns the value of ``attribute`` from the element ``locator``.</doc>
<msg timestamp="20220720 22:54:00.163" level="FAIL">Element with locator '//*[@id="ember26"]/td[4]' not found.</msg>
<status status="FAIL" starttime="20220720 22:54:00.151" endtime="20220720 22:54:00.163"/>
</kw>
<msg timestamp="20220720 22:54:00.163" level="INFO">${class_views_checker} = ('FAIL', 'Element with locator \'//*[@id="ember26"]/td[4]\' not found.')</msg>
<status status="PASS" starttime="20220720 22:54:00.150" endtime="20220720 22:54:00.163"/>
</kw>
<kw name="Evaluate" library="BuiltIn">
<var>${contains}</var>
<arg>"heatmap-med" in """${class_views_checker}"""</arg>
<doc>Evaluates the given expression in Python and returns the result.</doc>
<msg timestamp="20220720 22:54:00.164" level="INFO">${contains} = False</msg>
<status status="PASS" starttime="20220720 22:54:00.163" endtime="20220720 22:54:00.164"/>
</kw>
<kw name="Run Keyword And Return Status" library="BuiltIn">
<var>${presence_checker}</var>
<arg>Element Should Be Visible</arg>
<arg>xpath://*[@id="${id_parent}"]/td[1]/span/div/span</arg>
<doc>Runs the given keyword with given arguments and returns the status as a Boolean value.</doc>
<kw name="Element Should Be Visible" library="SeleniumLibrary">
<arg>xpath://*[@id="${id_parent}"]/td[1]/span/div/span</arg>
<doc>Verifies that the element identified by ``locator`` is visible.</doc>
<msg timestamp="20220720 22:54:00.176" level="FAIL">Element with locator 'xpath://*[@id="ember26"]/td[1]/span/div/span' not found.</msg>
<status status="FAIL" starttime="20220720 22:54:00.164" endtime="20220720 22:54:00.177"/>
</kw>
<msg timestamp="20220720 22:54:00.177" level="INFO">${presence_checker} = False</msg>
<status status="PASS" starttime="20220720 22:54:00.164" endtime="20220720 22:54:00.177"/>
</kw>
<kw name="Run Keyword If" library="BuiltIn">
<var>${closed_title}</var>
<arg>${presence_checker}</arg>
<arg>Get Text</arg>
<arg>xpath://*[@id="${id_parent}"]/td[1]/span/a</arg>
<doc>Runs the given keyword with the given arguments, if ``condition`` is true.</doc>
<msg timestamp="20220720 22:54:00.177" level="INFO">${closed_title} = None</msg>
<status status="PASS" starttime="20220720 22:54:00.177" endtime="20220720 22:54:00.177"/>
</kw>
<kw name="Run Keyword If" library="BuiltIn">
<var>${title_highest_view}</var>
<arg>${contains}</arg>
<arg>Get Text</arg>
<arg>xpath://*[@id="${id_parent}"]/td[1]/span/a</arg>
<doc>Runs the given keyword with the given arguments, if ``condition`` is true.</doc>
<msg timestamp="20220720 22:54:00.178" level="INFO">${title_highest_view} = None</msg>
<status status="PASS" starttime="20220720 22:54:00.177" endtime="20220720 22:54:00.178"/>
</kw>
<kw name="Run Keyword If" library="BuiltIn">
<arg>${title_highest_view != None}</arg>
<arg>Log to Console</arg>
<arg>The topic with highest number of views is: ${title_highest_view}</arg>
<doc>Runs the given keyword with the given arguments, if ``condition`` is true.</doc>
<status status="PASS" starttime="20220720 22:54:00.178" endtime="20220720 22:54:00.179"/>
</kw>
<kw name="Run Keyword If" library="BuiltIn">
<arg>${closed_title != None}</arg>
<arg>Append To List</arg>
<arg>${list_closed_topics}</arg>
<arg>${closed_title}</arg>
<doc>Runs the given keyword with the given arguments, if ``condition`` is true.</doc>
<status status="PASS" starttime="20220720 22:54:00.179" endtime="20220720 22:54:00.179"/>
</kw>
<status status="PASS" starttime="20220720 22:54:00.141" endtime="20220720 22:54:00.179"/>
</iter>
<iter>
<var name="${a}">&lt;selenium.webdriver.remote.webelement.WebElement (session="8191c74f8e019e3a2ca1357051edfe9a", element="243cba6a-e536-4b13-9d9a-ba134460d666")&gt;</var>
<kw name="Get Element Attribute" library="SeleniumLibrary">
<var>${id_parent}</var>
<arg>${a}</arg>
<arg>id</arg>
<doc>Returns the value of ``attribute`` from the element ``locator``.</doc>
<msg timestamp="20220720 22:54:00.189" level="INFO">${id_parent} = ember26-header</msg>
<status status="PASS" starttime="20220720 22:54:00.180" endtime="20220720 22:54:00.189"/>
</kw>
<kw name="Run Keyword And Ignore Error" library="BuiltIn">
<var>${class_views_checker}</var>
<arg>Get Element Attribute</arg>
<arg>//*[@id="${id_parent}"]/td[4]</arg>
<arg>class</arg>
<doc>Runs the given keyword with the given arguments and ignores possible error.</doc>
<kw name="Get Element Attribute" library="SeleniumLibrary">
<arg>//*[@id="${id_parent}"]/td[4]</arg>
<arg>class</arg>
<doc>Returns the value of ``attribute`` from the element ``locator``.</doc>
<msg timestamp="20220720 22:54:00.201" level="FAIL">Element with locator '//*[@id="ember26-header"]/td[4]' not found.</msg>
<status status="FAIL" starttime="20220720 22:54:00.189" endtime="20220720 22:54:00.202"/>
</kw>
<msg timestamp="20220720 22:54:00.202" level="INFO">${class_views_checker} = ('FAIL', 'Element with locator \'//*[@id="ember26-header"]/td[4]\' not found.')</msg>
<status status="PASS" starttime="20220720 22:54:00.189" endtime="20220720 22:54:00.202"/>
</kw>
<kw name="Evaluate" library="BuiltIn">
<var>${contains}</var>
<arg>"heatmap-med" in """${class_views_checker}"""</arg>
<doc>Evaluates the given expression in Python and returns the result.</doc>
<msg timestamp="20220720 22:54:00.202" level="INFO">${contains} = False</msg>
<status status="PASS" starttime="20220720 22:54:00.202" endtime="20220720 22:54:00.202"/>
</kw>
<kw name="Run Keyword And Return Status" library="BuiltIn">
<var>${presence_checker}</var>
<arg>Element Should Be Visible</arg>
<arg>xpath://*[@id="${id_parent}"]/td[1]/span/div/span</arg>
<doc>Runs the given keyword with given arguments and returns the status as a Boolean value.</doc>
<kw name="Element Should Be Visible" library="SeleniumLibrary">
<arg>xpath://*[@id="${id_parent}"]/td[1]/span/div/span</arg>
<doc>Verifies that the element identified by ``locator`` is visible.</doc>
<msg timestamp="20220720 22:54:00.215" level="FAIL">Element with locator 'xpath://*[@id="ember26-header"]/td[1]/span/div/span' not found.</msg>
<status status="FAIL" starttime="20220720 22:54:00.203" endtime="20220720 22:54:00.215"/>
</kw>
<msg timestamp="20220720 22:54:00.215" level="INFO">${presence_checker} = False</msg>
<status status="PASS" starttime="20220720 22:54:00.202" endtime="20220720 22:54:00.215"/>
</kw>
<kw name="Run Keyword If" library="BuiltIn">
<var>${closed_title}</var>
<arg>${presence_checker}</arg>
<arg>Get Text</arg>
<arg>xpath://*[@id="${id_parent}"]/td[1]/span/a</arg>
<doc>Runs the given keyword with the given arguments, if ``condition`` is true.</doc>
<msg timestamp="20220720 22:54:00.216" level="INFO">${closed_title} = None</msg>
<status status="PASS" starttime="20220720 22:54:00.215" endtime="20220720 22:54:00.216"/>
</kw>
<kw name="Run Keyword If" library="BuiltIn">
<var>${title_highest_view}</var>
<arg>${contains}</arg>
<arg>Get Text</arg>
<arg>xpath://*[@id="${id_parent}"]/td[1]/span/a</arg>
<doc>Runs the given keyword with the given arguments, if ``condition`` is true.</doc>
<msg timestamp="20220720 22:54:00.216" level="INFO">${title_highest_view} = None</msg>
<status status="PASS" starttime="20220720 22:54:00.216" endtime="20220720 22:54:00.216"/>
</kw>
<kw name="Run Keyword If" library="BuiltIn">
<arg>${title_highest_view != None}</arg>
<arg>Log to Console</arg>
<arg>The topic with highest number of views is: ${title_highest_view}</arg>
<doc>Runs the given keyword with the given arguments, if ``condition`` is true.</doc>
<status status="PASS" starttime="20220720 22:54:00.216" endtime="20220720 22:54:00.217"/>
</kw>
<kw name="Run Keyword If" library="BuiltIn">
<arg>${closed_title != None}</arg>
<arg>Append To List</arg>
<arg>${list_closed_topics}</arg>
<arg>${closed_title}</arg>
<doc>Runs the given keyword with the given arguments, if ``condition`` is true.</doc>
<status status="PASS" starttime="20220720 22:54:00.217" endtime="20220720 22:54:00.218"/>
</kw>
<status status="PASS" starttime="20220720 22:54:00.180" endtime="20220720 22:54:00.218"/>
</iter>
<iter>
<var name="${a}">&lt;selenium.webdriver.remote.webelement.WebElement (session="8191c74f8e019e3a2ca1357051edfe9a", element="9db9642e-4dff-43b3-a36a-ec0c0d867cea")&gt;</var>
<kw name="Get Element Attribute" library="SeleniumLibrary">
<var>${id_parent}</var>
<arg>${a}</arg>
<arg>id</arg>
<doc>Returns the value of ``attribute`` from the element ``locator``.</doc>
<msg timestamp="20220720 22:54:00.227" level="INFO">${id_parent} = ember26-body</msg>
<status status="PASS" starttime="20220720 22:54:00.218" endtime="20220720 22:54:00.227"/>
</kw>
<kw name="Run Keyword And Ignore Error" library="BuiltIn">
<var>${class_views_checker}</var>
<arg>Get Element Attribute</arg>
<arg>//*[@id="${id_parent}"]/td[4]</arg>
<arg>class</arg>
<doc>Runs the given keyword with the given arguments and ignores possible error.</doc>
<kw name="Get Element Attribute" library="SeleniumLibrary">
<arg>//*[@id="${id_parent}"]/td[4]</arg>
<arg>class</arg>
<doc>Returns the value of ``attribute`` from the element ``locator``.</doc>
<msg timestamp="20220720 22:54:00.240" level="FAIL">Element with locator '//*[@id="ember26-body"]/td[4]' not found.</msg>
<status status="FAIL" starttime="20220720 22:54:00.227" endtime="20220720 22:54:00.240"/>
</kw>
<msg timestamp="20220720 22:54:00.240" level="INFO">${class_views_checker} = ('FAIL', 'Element with locator \'//*[@id="ember26-body"]/td[4]\' not found.')</msg>
<status status="PASS" starttime="20220720 22:54:00.227" endtime="20220720 22:54:00.240"/>
</kw>
<kw name="Evaluate" library="BuiltIn">
<var>${contains}</var>
<arg>"heatmap-med" in """${class_views_checker}"""</arg>
<doc>Evaluates the given expression in Python and returns the result.</doc>
<msg timestamp="20220720 22:54:00.241" level="INFO">${contains} = False</msg>
<status status="PASS" starttime="20220720 22:54:00.240" endtime="20220720 22:54:00.241"/>
</kw>
<kw name="Run Keyword And Return Status" library="BuiltIn">
<var>${presence_checker}</var>
<arg>Element Should Be Visible</arg>
<arg>xpath://*[@id="${id_parent}"]/td[1]/span/div/span</arg>
<doc>Runs the given keyword with given arguments and returns the status as a Boolean value.</doc>
<kw name="Element Should Be Visible" library="SeleniumLibrary">
<arg>xpath://*[@id="${id_parent}"]/td[1]/span/div/span</arg>
<doc>Verifies that the element identified by ``locator`` is visible.</doc>
<msg timestamp="20220720 22:54:00.253" level="FAIL">Element with locator 'xpath://*[@id="ember26-body"]/td[1]/span/div/span' not found.</msg>
<status status="FAIL" starttime="20220720 22:54:00.241" endtime="20220720 22:54:00.253"/>
</kw>
<msg timestamp="20220720 22:54:00.253" level="INFO">${presence_checker} = False</msg>
<status status="PASS" starttime="20220720 22:54:00.241" endtime="20220720 22:54:00.253"/>
</kw>
<kw name="Run Keyword If" library="BuiltIn">
<var>${closed_title}</var>
<arg>${presence_checker}</arg>
<arg>Get Text</arg>
<arg>xpath://*[@id="${id_parent}"]/td[1]/span/a</arg>
<doc>Runs the given keyword with the given arguments, if ``condition`` is true.</doc>
<msg timestamp="20220720 22:54:00.254" level="INFO">${closed_title} = None</msg>
<status status="PASS" starttime="20220720 22:54:00.254" endtime="20220720 22:54:00.254"/>
</kw>
<kw name="Run Keyword If" library="BuiltIn">
<var>${title_highest_view}</var>
<arg>${contains}</arg>
<arg>Get Text</arg>
<arg>xpath://*[@id="${id_parent}"]/td[1]/span/a</arg>
<doc>Runs the given keyword with the given arguments, if ``condition`` is true.</doc>
<msg timestamp="20220720 22:54:00.254" level="INFO">${title_highest_view} = None</msg>
<status status="PASS" starttime="20220720 22:54:00.254" endtime="20220720 22:54:00.254"/>
</kw>
<kw name="Run Keyword If" library="BuiltIn">
<arg>${title_highest_view != None}</arg>
<arg>Log to Console</arg>
<arg>The topic with highest number of views is: ${title_highest_view}</arg>
<doc>Runs the given keyword with the given arguments, if ``condition`` is true.</doc>
<status status="PASS" starttime="20220720 22:54:00.254" endtime="20220720 22:54:00.255"/>
</kw>
<kw name="Run Keyword If" library="BuiltIn">
<arg>${closed_title != None}</arg>
<arg>Append To List</arg>
<arg>${list_closed_topics}</arg>
<arg>${closed_title}</arg>
<doc>Runs the given keyword with the given arguments, if ``condition`` is true.</doc>
<status status="PASS" starttime="20220720 22:54:00.255" endtime="20220720 22:54:00.256"/>
</kw>
[...]
<status status="FAIL" starttime="20220720 22:54:03.203" endtime="20220720 22:54:03.215"/>
</kw>
<msg timestamp="20220720 22:54:03.215" level="INFO">${presence_checker} = False</msg>
<status status="PASS" starttime="20220720 22:54:03.203" endtime="20220720 22:54:03.216"/>
</kw>
<kw name="Run Keyword If" library="BuiltIn">
<var>${closed_title}</var>
<arg>${presence_checker}</arg>
<arg>Get Text</arg>
<arg>xpath://*[@id="${id_parent}"]/td[1]/span/a</arg>
<doc>Runs the given keyword with the given arguments, if ``condition`` is true.</doc>
<msg timestamp="20220720 22:54:03.216" level="INFO">${closed_title} = None</msg>
<status status="PASS" starttime="20220720 22:54:03.216" endtime="20220720 22:54:03.216"/>
</kw>
<kw name="Run Keyword If" library="BuiltIn">
<var>${title_highest_view}</var>
<arg>${contains}</arg>
<arg>Get Text</arg>
<arg>xpath://*[@id="${id_parent}"]/td[1]/span/a</arg>
<doc>Runs the given keyword with the given arguments, if ``condition`` is true.</doc>
<msg timestamp="20220720 22:54:03.216" level="INFO">${title_highest_view} = None</msg>
<status status="PASS" starttime="20220720 22:54:03.216" endtime="20220720 22:54:03.216"/>
</kw>
<kw name="Run Keyword If" library="BuiltIn">
<arg>${title_highest_view != None}</arg>
<arg>Log to Console</arg>
<arg>The topic with highest number of views is: ${title_highest_view}</arg>
<doc>Runs the given keyword with the given arguments, if ``condition`` is true.</doc>
<status status="PASS" starttime="20220720 22:54:03.216" endtime="20220720 22:54:03.217"/>
</kw>
<kw name="Run Keyword If" library="BuiltIn">
<arg>${closed_title != None}</arg>
<arg>Append To List</arg>
<arg>${list_closed_topics}</arg>
<arg>${closed_title}</arg>
<doc>Runs the given keyword with the given arguments, if ``condition`` is true.</doc>
<status status="PASS" starttime="20220720 22:54:03.217" endtime="20220720 22:54:03.218"/>
</kw>
<status status="PASS" starttime="20220720 22:54:03.179" endtime="20220720 22:54:03.218"/>
</iter>
<status status="PASS" starttime="20220720 22:53:59.510" endtime="20220720 22:54:03.218"/>
</for>
<kw name="Remove From List" library="Collections">
<var>${first_element}</var>
<arg>${list_closed_topics}</arg>
<arg>0</arg>
<doc>Removes and returns the value specified with an ``index`` from ``list``.</doc>
<msg timestamp="20220720 22:54:03.219" level="INFO">${first_element} = Welcome to our demo!</msg>
<status status="PASS" starttime="20220720 22:54:03.218" endtime="20220720 22:54:03.219"/>
</kw>
<kw name="Log To Console" library="BuiltIn">
<arg>The list of closed topics are:</arg>
<doc>Logs the given message to the console.</doc>
<status status="PASS" starttime="20220720 22:54:03.219" endtime="20220720 22:54:03.219"/>
</kw>
<for flavor="IN">
<var>${b}</var>
<value>@{list_closed_topics}</value>
<iter>
<var name="${b}">Totally amped about the 80s</var>
<kw name="Log To Console" library="BuiltIn">
<arg>${b}</arg>
<doc>Logs the given message to the console.</doc>
<status status="PASS" starttime="20220720 22:54:03.219" endtime="20220720 22:54:03.220"/>
</kw>
<status status="PASS" starttime="20220720 22:54:03.219" endtime="20220720 22:54:03.220"/>
</iter>
<iter>
<var name="${b}">Do microwave ovens kill bacteria?</var>
<kw name="Log To Console" library="BuiltIn">
<arg>${b}</arg>
<doc>Logs the given message to the console.</doc>
<status status="PASS" starttime="20220720 22:54:03.220" endtime="20220720 22:54:03.220"/>
</kw>
<status status="PASS" starttime="20220720 22:54:03.220" endtime="20220720 22:54:03.220"/>
</iter>
<status status="PASS" starttime="20220720 22:54:03.219" endtime="20220720 22:54:03.220"/>
</for>
<status status="PASS" starttime="20220720 22:53:59.482" endtime="20220720 22:54:03.220"/>
</kw>
<kw name="Get Topics and Information about Category">
<kw name="Get WebElements" library="SeleniumLibrary">
<var>@{list_of_all_topics}</var>
<arg>//*[@class="title raw-link raw-topic-link"]</arg>
<doc>Returns a list of WebElement objects matching the ``locator``.</doc>
<msg timestamp="20220720 22:54:03.235" level="INFO">@{list_of_all_topics} = [ &lt;selenium.webdriver.remote.webelement.WebElement (session="8191c74f8e019e3a2ca1357051edfe9a", element="4793afbf-7e87-4385-9abc-20e93d13b5f3")&gt; | &lt;selenium.webdriver.remote.webelement.WebElement (ses...</msg>
<status status="PASS" starttime="20220720 22:54:03.221" endtime="20220720 22:54:03.235"/>
</kw>
<kw name="Get Length" library="BuiltIn">
<var>${number_of_topics}</var>
<arg>${list_of_all_topics}</arg>
<doc>Returns and logs the length of the given item as an integer.</doc>
<msg timestamp="20220720 22:54:03.236" level="INFO">Length is 42</msg>
<msg timestamp="20220720 22:54:03.236" level="INFO">${number_of_topics} = 42</msg>
<status status="PASS" starttime="20220720 22:54:03.236" endtime="20220720 22:54:03.236"/>
</kw>
<kw name="Get WebElements" library="SeleniumLibrary">
<var>@{tech_topics}</var>
<arg>//*[@class='category-name' and text()='tech']</arg>
<doc>Returns a list of WebElement objects matching the ``locator``.</doc>
<msg timestamp="20220720 22:54:03.251" level="INFO">@{tech_topics} = [ &lt;selenium.webdriver.remote.webelement.WebElement (session="8191c74f8e019e3a2ca1357051edfe9a", element="a931c5fd-b0a4-436d-a4fe-5fd240c3f65c")&gt; | &lt;selenium.webdriver.remote.webelement.WebElement (ses...</msg>
<status status="PASS" starttime="20220720 22:54:03.236" endtime="20220720 22:54:03.251"/>
</kw>
<kw name="Get WebElements" library="SeleniumLibrary">
<var>@{general_topics}</var>
<arg>//*[@class='category-name' and text()='general']</arg>
<doc>Returns a list of WebElement objects matching the ``locator``.</doc>
<msg timestamp="20220720 22:54:03.268" level="INFO">@{general_topics} = [ &lt;selenium.webdriver.remote.webelement.WebElement (session="8191c74f8e019e3a2ca1357051edfe9a", element="3d4f5262-f13e-47d5-8dae-e9372409e98f")&gt; | &lt;selenium.webdriver.remote.webelement.WebElement (ses...</msg>
<status status="PASS" starttime="20220720 22:54:03.252" endtime="20220720 22:54:03.268"/>
</kw>
<kw name="Get WebElements" library="SeleniumLibrary">
<var>@{discourse_topics}</var>
<arg>//*[@class='category-name' and text()='discourse']</arg>
<doc>Returns a list of WebElement objects matching the ``locator``.</doc>
<msg timestamp="20220720 22:54:03.286" level="INFO">@{discourse_topics} = [ &lt;selenium.webdriver.remote.webelement.WebElement (session="8191c74f8e019e3a2ca1357051edfe9a", element="3bc5fa96-3685-48d8-9546-015258592637")&gt; | &lt;selenium.webdriver.remote.webelement.WebElement (ses...</msg>
<status status="PASS" starttime="20220720 22:54:03.268" endtime="20220720 22:54:03.286"/>
</kw>
<kw name="Get WebElements" library="SeleniumLibrary">
<var>@{videos_topics}</var>
<arg>//*[@class='category-name' and text()='videos']</arg>
<doc>Returns a list of WebElement objects matching the ``locator``.</doc>
<msg timestamp="20220720 22:54:03.304" level="INFO">@{videos_topics} = [ &lt;selenium.webdriver.remote.webelement.WebElement (session="8191c74f8e019e3a2ca1357051edfe9a", element="c7b1ec24-2b9b-43ae-a1de-dd0ac1226dc9")&gt; | &lt;selenium.webdriver.remote.webelement.WebElement (ses...</msg>
<status status="PASS" starttime="20220720 22:54:03.286" endtime="20220720 22:54:03.304"/>
</kw>
<kw name="Get WebElements" library="SeleniumLibrary">
<var>@{gaming_topics}</var>
<arg>//*[@class='category-name' and text()='gaming']</arg>
<doc>Returns a list of WebElement objects matching the ``locator``.</doc>
<msg timestamp="20220720 22:54:03.316" level="INFO">@{gaming_topics} = [ &lt;selenium.webdriver.remote.webelement.WebElement (session="8191c74f8e019e3a2ca1357051edfe9a", element="7aa26b0c-c6fb-42cf-91fb-75edb589f0ba")&gt; | &lt;selenium.webdriver.remote.webelement.WebElement (ses...</msg>
<status status="PASS" starttime="20220720 22:54:03.304" endtime="20220720 22:54:03.316"/>
</kw>
<kw name="Get WebElements" library="SeleniumLibrary">
<var>@{movies_topics}</var>
<arg>//*[@class='category-name' and text()='movies']</arg>
<doc>Returns a list of WebElement objects matching the ``locator``.</doc>
<msg timestamp="20220720 22:54:03.329" level="INFO">@{movies_topics} = [ &lt;selenium.webdriver.remote.webelement.WebElement (session="8191c74f8e019e3a2ca1357051edfe9a", element="425af953-c743-4079-a666-095eb50e7908")&gt; | &lt;selenium.webdriver.remote.webelement.WebElement (ses...</msg>
<status status="PASS" starttime="20220720 22:54:03.316" endtime="20220720 22:54:03.329"/>
</kw>
<kw name="Get WebElements" library="SeleniumLibrary">
<var>@{sports_topics}</var>
<arg>//*[@class='category-name' and text()='sports']</arg>
<doc>Returns a list of WebElement objects matching the ``locator``.</doc>
<msg timestamp="20220720 22:54:03.341" level="INFO">@{sports_topics} = [ &lt;selenium.webdriver.remote.webelement.WebElement (session="8191c74f8e019e3a2ca1357051edfe9a", element="5bc5264d-c170-493f-b9d6-e66968ddc14a")&gt; ]</msg>
<status status="PASS" starttime="20220720 22:54:03.329" endtime="20220720 22:54:03.341"/>
</kw>
<kw name="Get WebElements" library="SeleniumLibrary">
<var>@{school_topics}</var>
<arg>//*[@class='category-name' and text()='school']</arg>
<doc>Returns a list of WebElement objects matching the ``locator``.</doc>
<msg timestamp="20220720 22:54:03.353" level="INFO">@{school_topics} = [ &lt;selenium.webdriver.remote.webelement.WebElement (session="8191c74f8e019e3a2ca1357051edfe9a", element="4cd093ca-ed76-46be-88bc-6a0dcdb51a76")&gt; ]</msg>
<status status="PASS" starttime="20220720 22:54:03.341" endtime="20220720 22:54:03.353"/>
</kw>
<kw name="Get WebElements" library="SeleniumLibrary">
<var>@{pics_topics}</var>
<arg>//*[@class='category-name' and text()='pics']</arg>
<doc>Returns a list of WebElement objects matching the ``locator``.</doc>
<msg timestamp="20220720 22:54:03.366" level="INFO">@{pics_topics} = [ ]</msg>
<status status="PASS" starttime="20220720 22:54:03.354" endtime="20220720 22:54:03.366"/>
</kw>
<kw name="Get WebElements" library="SeleniumLibrary">
<var>@{music_topics}</var>
<arg>//*[@class='category-name' and text()='music']</arg>
<doc>Returns a list of WebElement objects matching the ``locator``.</doc>
<msg timestamp="20220720 22:54:03.378" level="INFO">@{music_topics} = [ ]</msg>
<status status="PASS" starttime="20220720 22:54:03.366" endtime="20220720 22:54:03.378"/>
</kw>
<kw name="Get WebElements" library="SeleniumLibrary">
<var>@{pets_topics}</var>
<arg>//*[@class='category-name' and text()='pets']</arg>
<doc>Returns a list of WebElement objects matching the ``locator``.</doc>
<msg timestamp="20220720 22:54:03.390" level="INFO">@{pets_topics} = [ ]</msg>
<status status="PASS" starttime="20220720 22:54:03.378" endtime="20220720 22:54:03.390"/>
</kw>
<kw name="Get Length" library="BuiltIn">
<var>${number_of_tech_topics}</var>
<arg>${tech_topics}</arg>
<doc>Returns and logs the length of the given item as an integer.</doc>
<msg timestamp="20220720 22:54:03.390" level="INFO">Length is 3</msg>
<msg timestamp="20220720 22:54:03.390" level="INFO">${number_of_tech_topics} = 3</msg>
<status status="PASS" starttime="20220720 22:54:03.390" endtime="20220720 22:54:03.390"/>
</kw>
<kw name="Get Length" library="BuiltIn">
<var>${number_of_general_topics}</var>
<arg>${general_topics}</arg>
<doc>Returns and logs the length of the given item as an integer.</doc>
<msg timestamp="20220720 22:54:03.391" level="INFO">Length is 3</msg>
<msg timestamp="20220720 22:54:03.391" level="INFO">${number_of_general_topics} = 3</msg>
<status status="PASS" starttime="20220720 22:54:03.390" endtime="20220720 22:54:03.391"/>
</kw>
<kw name="Get Length" library="BuiltIn">
<var>${number_of_discourse_topics}</var>
<arg>${discourse_topics}</arg>
<doc>Returns and logs the length of the given item as an integer.</doc>
<msg timestamp="20220720 22:54:03.391" level="INFO">Length is 11</msg>
<msg timestamp="20220720 22:54:03.391" level="INFO">${number_of_discourse_topics} = 11</msg>
<status status="PASS" starttime="20220720 22:54:03.391" endtime="20220720 22:54:03.391"/>
</kw>
<kw name="Get Length" library="BuiltIn">
<var>${number_of_videos_topics}</var>
<arg>${videos_topics}</arg>
<doc>Returns and logs the length of the given item as an integer.</doc>
<msg timestamp="20220720 22:54:03.392" level="INFO">Length is 5</msg>
<msg timestamp="20220720 22:54:03.392" level="INFO">${number_of_videos_topics} = 5</msg>
<status status="PASS" starttime="20220720 22:54:03.391" endtime="20220720 22:54:03.392"/>
</kw>
<kw name="Get Length" library="BuiltIn">
<var>${number_of_gaming_topics}</var>
<arg>${gaming_topics}</arg>
<doc>Returns and logs the length of the given item as an integer.</doc>
<msg timestamp="20220720 22:54:03.392" level="INFO">Length is 5</msg>
<msg timestamp="20220720 22:54:03.392" level="INFO">${number_of_gaming_topics} = 5</msg>
<status status="PASS" starttime="20220720 22:54:03.392" endtime="20220720 22:54:03.392"/>
</kw>
<kw name="Get Length" library="BuiltIn">
<var>${number_of_movies_topics}</var>
<arg>${movies_topics}</arg>
<doc>Returns and logs the length of the given item as an integer.</doc>
<msg timestamp="20220720 22:54:03.393" level="INFO">Length is 4</msg>
<msg timestamp="20220720 22:54:03.393" level="INFO">${number_of_movies_topics} = 4</msg>
<status status="PASS" starttime="20220720 22:54:03.392" endtime="20220720 22:54:03.393"/>
</kw>
<kw name="Get Length" library="BuiltIn">
<var>${number_of_sports_topics}</var>
<arg>${sports_topics}</arg>
<doc>Returns and logs the length of the given item as an integer.</doc>
<msg timestamp="20220720 22:54:03.393" level="INFO">Length is 1</msg>
<msg timestamp="20220720 22:54:03.393" level="INFO">${number_of_sports_topics} = 1</msg>
<status status="PASS" starttime="20220720 22:54:03.393" endtime="20220720 22:54:03.393"/>
</kw>
<kw name="Get Length" library="BuiltIn">
<var>${number_of_school_topics}</var>
<arg>${school_topics}</arg>
<doc>Returns and logs the length of the given item as an integer.</doc>
<msg timestamp="20220720 22:54:03.394" level="INFO">Length is 1</msg>
<msg timestamp="20220720 22:54:03.394" level="INFO">${number_of_school_topics} = 1</msg>
<status status="PASS" starttime="20220720 22:54:03.393" endtime="20220720 22:54:03.394"/>
</kw>
<kw name="Get Length" library="BuiltIn">
<var>${number_of_pics_topics}</var>
<arg>${pics_topics}</arg>
<doc>Returns and logs the length of the given item as an integer.</doc>
<msg timestamp="20220720 22:54:03.395" level="INFO">Length is 0</msg>
<msg timestamp="20220720 22:54:03.396" level="INFO">${number_of_pics_topics} = 0</msg>
<status status="PASS" starttime="20220720 22:54:03.394" endtime="20220720 22:54:03.396"/>
</kw>
<kw name="Get Length" library="BuiltIn">
<var>${number_of_music_topics}</var>
<arg>${music_topics}</arg>
<doc>Returns and logs the length of the given item as an integer.</doc>
<msg timestamp="20220720 22:54:03.396" level="INFO">Length is 0</msg>
<msg timestamp="20220720 22:54:03.396" level="INFO">${number_of_music_topics} = 0</msg>
<status status="PASS" starttime="20220720 22:54:03.396" endtime="20220720 22:54:03.396"/>
</kw>
<kw name="Get Length" library="BuiltIn">
<var>${number_of_pets_topics}</var>
<arg>${pets_topics}</arg>
<doc>Returns and logs the length of the given item as an integer.</doc>
<msg timestamp="20220720 22:54:03.396" level="INFO">Length is 0</msg>
<msg timestamp="20220720 22:54:03.396" level="INFO">${number_of_pets_topics} = 0</msg>
<status status="PASS" starttime="20220720 22:54:03.396" endtime="20220720 22:54:03.396"/>
</kw>
<kw name="Evaluate" library="BuiltIn">
<var>${number_of_topics_without_category}</var>
<arg>${number_of_topics}-${number_of_tech_topics}-${number_of_general_topics}-${number_of_discourse_topics}-${number_of_videos_topics}-${number_of_gaming_topics}-${number_of_movies_topics}-${number_of_sports_topics}-${number_of_school_topics}-${number_of_pics_topics}-${number_of_music_topics}-${number_of_pets_topics}</arg>
<doc>Evaluates the given expression in Python and returns the result.</doc>
<msg timestamp="20220720 22:54:03.398" level="INFO">${number_of_topics_without_category} = 9</msg>
<status status="PASS" starttime="20220720 22:54:03.397" endtime="20220720 22:54:03.398"/>
</kw>
<kw name="Log To Console" library="BuiltIn">
<arg>Number of Tech Topics: ${number_of_tech_topics}</arg>
<doc>Logs the given message to the console.</doc>
<status status="PASS" starttime="20220720 22:54:03.398" endtime="20220720 22:54:03.398"/>
</kw>
<kw name="Log To Console" library="BuiltIn">
<arg>Number of General Topics: ${number_of_general_topics}</arg>
<doc>Logs the given message to the console.</doc>
<status status="PASS" starttime="20220720 22:54:03.398" endtime="20220720 22:54:03.399"/>
</kw>
<kw name="Log To Console" library="BuiltIn">
<arg>Number of Discourse Topics: ${number_of_discourse_topics}</arg>
<doc>Logs the given message to the console.</doc>
<status status="PASS" starttime="20220720 22:54:03.399" endtime="20220720 22:54:03.399"/>
</kw>
<kw name="Log To Console" library="BuiltIn">
<arg>Number of Videos Topics: ${number_of_videos_topics}</arg>
<doc>Logs the given message to the console.</doc>
<status status="PASS" starttime="20220720 22:54:03.399" endtime="20220720 22:54:03.399"/>
</kw>
<kw name="Log To Console" library="BuiltIn">
<arg>Number of Gaming Topics: ${number_of_gaming_topics}</arg>
<doc>Logs the given message to the console.</doc>
<status status="PASS" starttime="20220720 22:54:03.399" endtime="20220720 22:54:03.400"/>
</kw>
<kw name="Log To Console" library="BuiltIn">
<arg>Number of Movies Topics: ${number_of_movies_topics}</arg>
<doc>Logs the given message to the console.</doc>
<status status="PASS" starttime="20220720 22:54:03.400" endtime="20220720 22:54:03.402"/>
</kw>
<kw name="Log To Console" library="BuiltIn">
<arg>Number of Sports Topics: ${number_of_sports_topics}</arg>
<doc>Logs the given message to the console.</doc>
<status status="PASS" starttime="20220720 22:54:03.402" endtime="20220720 22:54:03.403"/>
</kw>
<kw name="Log To Console" library="BuiltIn">
<arg>Number of School Topics: ${number_of_school_topics}</arg>
<doc>Logs the given message to the console.</doc>
<status status="PASS" starttime="20220720 22:54:03.403" endtime="20220720 22:54:03.403"/>
</kw>
<kw name="Log To Console" library="BuiltIn">
<arg>Number of Pics Topics: ${number_of_pics_topics}</arg>
<doc>Logs the given message to the console.</doc>
<status status="PASS" starttime="20220720 22:54:03.404" endtime="20220720 22:54:03.404"/>
</kw>
<kw name="Log To Console" library="BuiltIn">
<arg>Number of Music Topics: ${number_of_music_topics}</arg>
<doc>Logs the given message to the console.</doc>
<status status="PASS" starttime="20220720 22:54:03.404" endtime="20220720 22:54:03.404"/>
</kw>
<kw name="Log To Console" library="BuiltIn">
<arg>Number of Pet Topics: ${number_of_pets_topics}</arg>
<doc>Logs the given message to the console.</doc>
<status status="PASS" starttime="20220720 22:54:03.405" endtime="20220720 22:54:03.405"/>
</kw>
<kw name="Log To Console" library="BuiltIn">
<arg>Number of Topics without category: ${number_of_topics_without_category}</arg>
<doc>Logs the given message to the console.</doc>
<status status="PASS" starttime="20220720 22:54:03.406" endtime="20220720 22:54:03.429"/>
</kw>
<status status="PASS" starttime="20220720 22:54:03.220" endtime="20220720 22:54:03.430"/>
</kw>
<kw name="Close Browser" library="SeleniumLibrary" type="TEARDOWN">
<doc>Closes the current browser.</doc>
<status status="PASS" starttime="20220720 22:54:03.431" endtime="20220720 22:54:03.629"/>
</kw>
<tag>test1</tag>
<status status="PASS" starttime="20220720 22:53:48.507" endtime="20220720 22:54:03.629"/>
</test>
<status status="PASS" starttime="20220720 22:53:48.290" endtime="20220720 22:54:03.631"/>
</suite>
<statistics>
<total>
<stat pass="1" fail="0" skip="0">All Tests</stat>
</total>
<tag>
<stat pass="1" fail="0" skip="0">test1</stat>
</tag>
<suite>
<stat pass="1" fail="0" skip="0" id="s1" name="Test">Test</stat>
</suite>
</statistics>
<errors>
</errors>
</robot>
